1500.000000
1200.000000
1000.000000
1200.000000
1350.000000
1230.000000
1150.000000
1200.000000
1360.000000
1450.000000
1500.000000
1300.000000
1000.000000
1100.000000
1240.000000
1200.000000
1150.000000
1200.000000
1350.000000
1400.000000
1500.000000
1423.000000
1223.000000
1423.000000
1112.000000
1000.000000
1200.000000
1234.000000
1403.000000
1450.000000
1299.124248
1159.815345
1063.108073
1132.429716
1197.152981
1158.566057
1127.909099
1160.785966
1244.211018
1299.250210
1305.623877
1195.908784
1055.846003
1074.591213
1131.545380
1127.425182
1118.000014
1156.259915
1237.302028
1286.140106
1328.460713
1288.885558
1205.209038
1233.781524
1103.073449
1046.918457
1124.806094
1175.733081
1262.848881
1301.616250
1179.472353
1106.941259
1051.560527
1075.638906
1105.792285
1093.419802
1083.369979
1106.575780
1155.082845
1187.887010
1183.333653
1117.713593
1040.881196
1037.286737
1061.834887
1066.574377
1071.192450
1101.224028
1152.380536
1189.952634
1212.329948
1190.133287
1144.946505
1133.214817
1065.555836
1034.097652
1070.330966
1110.726081
1161.550129
1189.348315
1093.319596
1051.829950
1016.615268
1023.593931
1038.354731
1035.164655
1033.679314
1050.821806
1081.262896
1101.175234
1094.356229
1052.150166
1004.855670
995.577549
1006.441753
1012.873818
1021.940901
1046.041578
1081.615777
1109.740247
1123.655410
1110.083729
1081.308103
1061.821135
1021.148711
1001.692962
1020.926873
1050.069227
1082.338715
1101.936166
1024.390331
998.768096
974.792548
975.052538
982.456437
982.580351
984.537975
997.582255
1017.797031
1030.212031
1023.525575
994.718471
963.108610
953.204289
957.952159
964.135193
974.090108
993.769411
1020.116627
1041.469855
1051.123477
1042.207459
1022.010411
1003.188313
976.091622
963.019713
974.219110
994.979422
1016.732051
1030.716068
965.939406
949.101941
931.973219
929.648110
933.343307
934.602527
937.783724
947.919317
961.939610
969.879950
963.931234
943.301137
920.875429
911.847396
913.762672
919.242158
928.782869
945.085042
965.465516
982.061006
989.262470
983.069750
968.049070
951.803220
932.433529
923.044166
929.980062
944.905617
960.224558
970.398657
914.660025
903.022231
890.332038
887.145084
888.896238
890.448498
893.888213
901.890912
911.954015
917.140146
912.000597
896.639938
880.009703
872.201151
872.788769
877.540738
886.242088
899.917470
916.190026
929.397117
935.041562
930.556895
918.966631
905.398236
890.849634
883.740886
888.205345
899.097961
910.246810
917.799323
868.693845
860.310791
850.633109
847.313135
848.017963
849.538210
852.828933
859.230523
866.654852
870.094097
865.684146
853.878716
841.123030
834.498367
834.476050
838.589534
846.370195
857.971726
871.282442
882.021362
886.603947
883.254049
874.079477
862.830976
851.501822
845.894305
848.828216
856.901647
865.223659
870.935503
826.880543
820.632702
813.074022
809.920273
810.054135
811.426239
814.412667
819.590326
825.191839
827.492466
823.702000
814.389904
804.344402
798.757818
798.476572
802.056813
808.965636
818.908291
830.006781
838.904325
842.723739
840.163394
832.760973
823.413931
814.346864
809.779996
811.718324
817.787337
824.123828
828.515600
788.436262
783.645702
777.621345
774.742628
774.565269
775.758943
778.399902
782.627893
786.932615
788.473086
785.198269
777.692980
769.612756
764.901855
764.534833
767.675807
773.804405
782.404232
791.803682
799.295949
802.544685
800.554189
794.490391
786.674800
779.260300
775.446842
776.713492
781.331487
786.232845
789.658547
752.799576
749.037523
744.151409
741.571900
741.228661
742.248190
744.552725
748.034388
751.393342
752.415758
749.568344
743.409311
736.796424
732.813096
732.444563
735.223534
740.670718
748.171528
756.236179
762.633623
765.442174
763.875049
758.845103
752.259683
746.090036
742.842207
743.643229
747.192531
751.031892
753.737349
719.550353
716.535265
712.511293
710.218771
709.792325
710.654696
712.652100
715.540629
718.195080
718.858264
716.366007
711.234217
705.743571
702.361922
702.030836
704.509537
709.367582
715.959673
722.955718
728.484308
730.944704
729.699449
725.482264
719.888749
714.680322
711.870214
712.341910
715.091534
718.129484
720.288915
688.363467
685.904397
682.545387
680.513546
680.051333
680.776873
682.502684
684.915096
687.035150
687.445680
685.250188
680.918427
676.303550
673.419659
673.141698
675.369071
679.719270
685.552790
691.679528
696.507160
698.686385
697.690393
694.121646
689.333244
684.882366
682.419694
682.655080
684.797747
687.220879
688.960135
658.980625
656.944375
654.106537
652.305274
651.834505
652.443003
653.932625
655.959398
657.667689
657.898539
655.952716
652.255167
648.335506
645.864616
645.643577
647.658494
651.570558
656.765187
662.174896
666.428687
668.376775
667.576723
664.531877
660.402095
656.558645
654.377685
654.441854
656.117990
658.062794
659.474399
631.192266
629.483612
627.060152
625.460155
624.996245
625.505497
626.791513
628.503375
629.890049
629.992089
628.257836
625.070882
621.711280
619.584517
619.418317
621.251840
624.784810
629.436856
634.247932
638.025768
639.780913
639.136776
636.519898
632.933310
629.584190
627.635803
627.575256
628.888795
630.456968
631.610041
604.825421
603.374805
601.285109
599.859718
599.411124
599.836555
600.947804
602.400595
603.533064
603.542327
601.988653
599.218392
596.315769
594.477129
594.360988
596.038142
599.241774
603.429431
607.735325
611.113745
612.705653
612.186830
609.922983
606.788032
603.846430
602.093021
601.941543
602.970525
604.239066
605.186000
579.735262
578.490895
576.673221
575.399005
574.970058
575.324790
576.286272
577.524485
578.453935
578.396299
576.997835
574.571738
572.046198
570.450003
570.378125
571.919257
574.835445
578.622735
582.498189
585.537872
586.990022
586.572759
584.602686
581.846193
579.244392
577.656616
577.439106
578.242895
579.270929
580.051969
555.799044
554.721711
553.128148
551.984880
551.577470
551.872566
552.705709
553.765093
554.530920
554.425202
553.161032
551.022248
548.810973
547.419815
547.386263
548.808065
551.472135
554.911892
558.417393
561.167042
562.498262
562.163868
560.440203
558.003218
555.687647
554.242197
553.977219
554.601515
555.435014
556.081445
532.911646
531.971203
530.564129
529.534518
529.149100
529.393849
530.116911
531.026416
531.659313
531.519343
530.372104
528.475480
526.528454
525.311545
525.310676
526.626968
529.068793
532.204941
535.389949
537.889101
539.114680
538.848283
537.332794
535.167457
533.095202
531.773284
531.474818
531.955183
532.630289
533.166699
510.982228
510.155187
508.904736
507.974068
507.610277
507.812471
508.440971
509.224206
509.748349
509.584384
508.539564
506.848811
505.125764
504.057635
504.084296
505.306620
507.551554
510.420859
513.326205
515.607281
516.739779
516.529428
515.190980
513.258139
511.394442
510.180701
509.859359
510.223738
510.769150
511.215057
489.931659
489.199492
488.081722
487.237500
486.894521
487.060700
487.607818
488.284169
488.718791
488.538498
487.583889
486.069531
484.537709
483.597185
483.646775
484.784850
486.854499
489.487940
492.147617
494.237452
495.287293
495.123297
493.936333
492.203729
490.520155
489.401894
489.065786
489.336334
489.775048
490.146084
469.690527
469.038459
468.033994
467.265603
466.942396
467.078062
467.554999
468.140485
468.501020
468.310166
467.435435
466.073298
464.705821
463.875204
463.943681
465.005751
466.918606
469.342442
471.784970
473.705965
474.681881
474.556326
473.499709
471.940578
470.413654
469.380268
469.035622
469.230049
469.580638
469.889430
450.197557
449.613684
448.706718
448.005126
447.700564
447.810354
448.226645
448.734575
449.033512
448.836460
448.032808
446.802896
445.577520
444.841945
444.925787
445.918899
447.690850
449.927470
452.176949
453.947947
454.857317
454.763690
453.819824
452.411816
451.022006
450.064554
449.716175
449.848739
450.126317
450.383140
431.398357
430.872998
430.050530
429.408041
429.120985
429.208821
429.572597
430.014092
430.261613
430.061671
429.321568
428.207206
427.105388
426.452312
426.548468
427.478683
429.123449
431.192039
433.268967
434.905933
435.755039
435.687952
434.842095
433.566432
432.297355
431.408238
431.059838
431.142097
431.359044
431.572318
413.244390
412.769610
412.020870
411.430904
411.160255
411.229462
411.547673
411.932072
412.136532
411.936217
411.253183
410.240366
409.246542
408.665331
408.771171
409.643735
411.173207
413.090297
415.012211
416.528760
417.322990
417.277958
416.517686
415.358502
414.196329
413.369039
413.023492
413.064872
413.231390
413.408058
395.692149
395.261389
394.577394
394.034313
393.779033
393.832439
394.111039
394.446220
394.614518
394.415746
393.784179
392.861068
391.962092
391.443694
391.556955
392.376437
393.800964
395.580857
397.362847
398.770658
399.514665
399.487937
398.802726
397.746540
396.679524
395.908451
395.567978
395.576209
395.700753
395.846576
378.702468
378.310269
377.683479
377.182433
376.941556
376.981574
377.225680
377.518318
377.656183
377.460410
376.875445
376.031969
375.216676
374.753351
374.872091
375.642490
376.971113
378.626246
380.281360
381.590511
382.288333
382.276760
381.657648
380.692952
379.711053
378.991333
378.657648
378.639102
378.728713
378.848493
362.239950
361.881736
361.305785
360.842592
360.615230
360.643922
360.857939
361.113715
361.225929
361.034258
360.491652
359.719200
358.978053
358.563161
358.685715
359.410548
360.651196
362.192426
363.732003
364.951231
365.606396
365.607322
365.046645
364.163565
363.258158
362.585550
362.259970
362.219921
362.280491
362.378253
346.272489
345.944404
345.413884
344.984925
344.770266
344.789402
344.977133
345.200897
345.291471
345.104732
344.600771
343.891938
343.216758
342.844578
342.969520
343.651895
344.811550
346.248389
347.682323
348.819243
349.434850
349.446026
348.937199
348.127227
347.290868
346.661655
346.345183
346.288016
346.324494
346.403627
330.770868
330.469641
329.979939
329.582070
329.379374
329.390476
329.555212
329.751122
329.823434
329.642245
329.173667
328.522058
327.905792
327.571383
327.697492
328.340169
329.424993
330.765810
332.102775
333.164051
333.742830
333.762348
333.299692
332.555467
331.781699
331.192609
330.886002
330.815375
330.831936
330.895304
315.708419
315.431262
314.978417
314.608901
314.417495
314.421874
314.566471
314.738101
314.795006
314.619823
314.183751
313.583818
313.020364
312.719442
312.845674
313.451111
314.466567
315.718748
316.966373
317.957862
318.502233
318.528469
318.107068
317.422196
316.705395
316.153536
315.857355
315.776330
315.776506
315.826540
301.060726
300.805248
300.385850
300.042293
299.861568
299.860355
299.987295
300.137727
300.181650
300.012800
299.606688
299.053601
298.537657
298.266498
298.391962
298.962358
299.913299
301.083385
302.248406
303.175275
303.687391
303.718959
303.334542
302.703449
302.038699
301.521504
301.236155
301.147302
301.134091
301.172859
286.805377
286.569522
286.180617
285.860922
285.690323
285.684498
285.795942
285.927843
285.960846
285.798556
285.420148
284.909683
284.436629
284.191985
284.315921
284.853250
285.744002
286.837804
287.926188
288.793012
289.274795
289.310508
288.959354
288.377166
287.760151
287.275335
287.001102
286.906581
286.882536
286.911805
272.921748
272.703737
272.342757
272.045081
271.884105
271.874515
271.972351
272.088031
272.111876
271.956296
271.603584
271.132036
270.697830
270.476865
270.598624
271.104664
271.939095
272.961787
273.978836
274.789680
275.242854
275.281696
274.960553
274.422992
273.849913
273.395434
273.132501
273.034136
273.001431
273.022714
259.390815
259.189104
258.853809
258.576525
258.424715
258.412097
258.497972
258.599440
258.615635
258.466853
258.138046
257.702156
257.303253
257.103481
257.222514
257.698869
258.480445
259.436651
260.387091
261.145577
261.571689
261.612791
261.318808
260.822109
260.289610
259.863639
259.612113
259.511442
259.471938
259.486534
246.194991
246.008233
245.696661
245.438332
245.295271
245.280263
245.355623
245.444626
245.454464
245.312521
245.006020
244.602911
244.236194
244.055434
244.171274
244.619398
245.351232
246.245091
247.133145
247.842510
248.242959
248.285571
248.016244
247.557087
247.062194
246.663086
246.423014
246.321336
246.276626
246.285651
233.317981
233.144999
232.855426
232.614776
232.480085
232.463243
232.529353
232.607417
232.612010
232.476910
232.191280
231.818409
231.481127
231.317461
231.429714
231.850928
232.535824
233.371052
234.200504
234.863649
235.239697
235.283178
235.036301
234.611748
234.151821
233.778094
233.549472
233.447887
233.399336
233.403753
220.744663
220.584423
220.315327
220.091223
219.964557
219.946362
220.004333
220.072791
220.073096
219.944814
219.678768
219.333877
219.023603
218.875340
218.983674
219.379181
220.019668
220.799609
221.573856
222.193388
222.546181
222.589980
222.363607
221.971053
221.543739
221.194056
220.976843
220.876280
220.825058
220.825698
208.460969
208.312562
208.062598
207.854030
207.735071
207.715943
207.766751
207.826768
207.823610
207.702100
207.454480
207.135564
206.850146
206.715797
206.819935
207.190831
207.789198
208.516864
209.238965
209.817231
210.147811
210.191453
209.983865
209.620996
209.224196
208.897346
208.691469
208.592714
208.539825
208.537406
196.453796
196.316417
196.084393
195.890458
195.778916
195.759219
195.803723
195.856320
195.850409
195.735608
195.505372
195.210644
194.948174
194.826423
194.926133
195.273423
195.831742
196.509856
197.182568
197.721688
198.031004
198.074083
197.883755
197.548512
197.180348
196.875232
196.680596
196.584312
196.530620
196.525761
184.710914
184.583852
184.368705
184.188596
184.084204
184.064254
184.103209
184.149280
184.141230
184.033064
183.819270
183.547137
183.305919
183.195602
183.290696
183.615299
184.135450
184.766475
185.392292
185.894181
186.183100
186.225268
186.050849
185.741396
185.400184
185.115805
184.932297
184.839041
184.785285
184.778524
173.220891
173.103514
172.904299
172.737291
172.639803
172.619874
172.653943
172.694273
172.684615
172.582998
172.384796
172.133833
171.912359
171.812447
171.902770
172.205531
172.689226
173.275394
173.856571
174.322966
174.592282
174.633240
174.473531
174.188226
173.872458
173.607905
173.435398
173.345640
173.292453
173.284254
161.973024
161.864771
161.680642
161.526083
161.435273
161.415603
161.445370
161.480646
161.469836
161.374678
161.191298
160.960231
160.757159
160.666740
160.752169
161.033864
161.482660
162.025998
162.564581
162.997057
163.247497
163.286993
163.140927
162.878305
162.586620
162.341067
162.179422
162.093554
162.041479
162.032242
150.957282
150.857651
150.687849
150.545153
150.460813
150.441606
150.467584
150.498409
150.486842
150.398045
150.228791
150.016478
149.830609
149.748879
149.829316
150.090661
150.505979
151.008328
151.506174
151.906166
152.138397
152.176215
152.042845
151.801592
151.532768
151.305457
151.154530
151.072877
151.022376
151.012448
140.164243
140.072787
139.916633
139.785269
139.707205
139.688637
139.711278
139.738181
139.726194
139.643662
139.487900
139.293318
139.123585
139.049827
139.125200
139.366856
139.749992
140.213031
140.671828
141.040638
141.255277
141.291235
141.169717
140.948656
140.701590
140.491830
140.351471
140.274302
140.225767
140.215446
129.585051
129.501370
129.358253
129.237743
129.165776
129.147997
129.167696
129.191139
129.179023
129.102655
128.959812
128.782043
128.627491
128.561075
128.631331
128.853908
129.206049
129.631304
130.052590
130.391409
130.589021
130.622967
130.512550
130.310625
130.084323
129.891480
129.761534
129.689069
129.642833
129.632376
119.211371
119.135106
119.004474
118.894387
118.828349
118.811488
118.828591
118.848978
118.836982
118.766678
118.636233
118.474451
118.334229
118.274596
118.339700
118.543764
118.865994
119.254860
119.640037
119.949949
120.131058
120.162865
120.062879
119.879145
119.672707
119.496200
119.376513
119.308929
119.265271
119.254898
109.035347
108.966176
108.847533
108.747474
108.687212
108.671375
108.686186
108.703870
108.692205
108.627865
108.509344
108.362808
108.236158
108.182813
108.242746
108.428821
108.722135
109.075885
109.426229
109.708226
109.873316
109.902880
109.812731
109.646336
109.458950
109.298248
109.188663
109.126099
109.085252
109.075150
99.049565
98.987198
98.880096
98.789711
98.735079
98.720358
98.733139
98.748426
98.737273
98.678797
98.571769
98.439814
98.326056
98.278566
98.333321
98.501894
98.767203
99.087000
99.403678
99.658669
99.808185
99.835423
99.754582
99.604764
99.435695
99.290307
99.190668
99.133232
99.095389
99.085717
89.247022
89.191201
89.095234
89.014199
88.965062
88.951531
88.962512
88.975668
88.965176
88.912466
88.816540
88.698569
88.597099
88.555080
88.604664
88.756185
88.994328
89.281236
89.565313
89.794127
89.928484
89.953330
89.881326
89.747400
89.595985
89.465461
89.375613
89.323383
89.288700
89.279593
79.621097
79.571587
79.486389
79.414411
79.370642
79.358363
79.367740
79.378994
79.369288
79.322249
79.237068
79.132544
79.042824
79.005940
79.050370
79.185260
79.397004
79.651995
79.904447
80.107844
80.227427
80.249829
80.186246
80.067599
79.933235
79.817162
79.736951
79.689983
79.658583
79.650152
70.165520
70.122112
70.047351
69.984162
69.945644
69.934663
69.942606
69.952155
69.943339
69.901875
69.827115
69.735558
69.657108
69.625066
69.664368
69.783017
69.969069
70.193035
70.414751
70.593429
70.698594
70.718516
70.662985
70.559064
70.441208
70.339205
70.268480
70.226806
70.198787
70.191123
60.874352
60.836857
60.772232
60.717590
60.684211
60.674566
60.681219
60.689230
60.681386
60.645404
60.580772
60.501749
60.434145
60.406689
60.440897
60.543670
60.704679
60.898434
61.090230
61.244829
61.335906
61.353325
61.305519
61.215832
61.113992
61.025709
60.964319
60.927954
60.903386
60.896563
51.741959
51.710206
51.655445
51.609129
51.580786
51.572502
51.577987
51.584600
51.577793
51.547205
51.492431
51.425558
51.368423
51.345331
51.374486
51.461724
51.598287
51.762578
51.925198
52.056304
52.133602
52.148504
52.108136
52.032243
51.945974
51.871087
51.818887
51.787827
51.766760
51.760837
42.762991
42.736828
42.691685
42.653492
42.630087
42.623183
42.627600
42.632932
42.627212
42.601928
42.556771
42.501703
42.454706
42.435788
42.459937
42.531955
42.644622
42.780134
42.914260
43.022410
43.086216
43.098597
43.065415
43.002922
42.931823
42.870036
42.826880
42.801108
42.783572
42.778592
33.932364
33.911655
33.875906
33.845656
33.827096
33.821581
33.825013
33.829159
33.824561
33.804496
33.768734
33.725164
33.688012
33.673107
33.692303
33.749398
33.838674
33.946032
34.052288
34.137975
34.188555
34.198421
34.172205
34.122763
34.066472
34.017510
33.983257
33.962743
33.948749
33.944744
25.245246
25.229867
25.203311
25.180836
25.167034
25.162911
25.165423
25.168461
25.165006
25.150077
25.123510
25.091165
25.063605
25.052574
25.066875
25.109325
25.175674
25.255451
25.334406
25.398084
25.435686
25.443050
25.423610
25.386908
25.345099
25.308709
25.283220
25.267922
25.257466
25.254456
16.697034
16.686876
16.669331
16.654480
16.645355
16.642618
16.644261
16.646248
16.643947
16.634073
16.616520
16.595160
16.576968
16.569700
16.579167
16.607230
16.651081
16.703800
16.755976
16.798058
16.822916
16.827796
16.814969
16.790732
16.763113
16.739061
16.722201
16.712066
16.705130
16.703126
8.283345
8.278309
8.269611
8.262248
8.257722
8.256361
8.257171
8.258150
8.257004
8.252105
8.243403
8.232816
8.223801
8.220204
8.224903
8.238821
8.260566
8.286707
8.312578
8.333445
8.345773
8.348197
8.341842
8.329829
8.316137
8.304210
8.295845
8.290813
8.287366
8.286367
0.000000
0.000000
0.000000
0.000000
0.000000
0.000000
0.000000
0.000000
0.000000
0.000000
0.000000
0.000000
0.000000
0.000000
0.000000
0.000000
0.000000
0.000000
0.000000
0.000000
0.000000
0.000000
0.000000
0.000000
0.000000
0.000000
0.000000
0.000000
0.000000
0.000000
