1500.000000
1500.000000
1500.000000
1500.000000
1500.000000
1500.000000
1500.000000
1500.000000
1500.000000
1500.000000
969.771356
969.771356
969.771356
969.771356
969.771356
969.771356
969.771356
969.771356
969.771356
969.771356
704.657035
704.657035
704.657035
704.657035
704.657035
704.657035
704.657035
704.657035
704.657035
704.657035
527.914153
527.914153
527.914153
527.914153
527.914153
527.914153
527.914153
527.914153
527.914153
527.914153
395.356993
395.356993
395.356993
395.356993
395.356993
395.356993
395.356993
395.356993
395.356993
395.356993
289.311264
289.311264
289.311264
289.311264
289.311264
289.311264
289.311264
289.311264
289.311264
289.311264
200.939823
200.939823
200.939823
200.939823
200.939823
200.939823
200.939823
200.939823
200.939823
200.939823
125.192874
125.192874
125.192874
125.192874
125.192874
125.192874
125.192874
125.192874
125.192874
125.192874
58.914294
58.914294
58.914294
58.914294
58.914294
58.914294
58.914294
58.914294
58.914294
58.914294
0.000000
0.000000
0.000000
0.000000
0.000000
0.000000
0.000000
0.000000
0.000000
0.000000
