1500.000000
1500.000000
1500.000000
1500.000000
1500.000000
1500.000000
1500.000000
1500.000000
1000.000000
500.000000
500.000000
500.000000
500.000000
500.000000
500.000000
500.000000
500.000000
500.000000
500.000000
500.000000
500.000000
500.000000
1000.000000
1500.000000
1500.000000
1500.000000
1500.000000
1500.000000
1500.000000
1500.000000
1280.947507
1278.849081
1274.253989
1265.219020
1249.552334
1222.611864
1174.143214
1079.595910
874.347929
669.184478
574.899653
526.899685
500.686962
486.095287
478.626424
476.326701
478.643105
486.129992
500.742502
526.980607
575.012686
669.339231
874.557955
1079.880323
1174.529224
1223.138827
1250.278449
1266.232849
1275.695180
1279.966599
1117.713701
1114.523113
1107.651824
1094.524663
1072.838069
1038.451024
984.388142
900.324575
778.347465
656.508022
572.871117
519.566995
486.350295
466.375185
455.704747
452.357158
455.732441
466.432781
486.442407
519.701066
573.058123
656.763548
778.693327
900.791241
985.018413
1039.305722
1074.005070
1096.133623
1109.898912
1116.254257
989.624554
985.960643
978.181700
963.671580
940.579448
906.002731
856.047745
787.075019
700.614987
614.324166
545.874814
496.846674
463.689850
442.653179
431.050907
427.357650
431.085661
442.725426
463.805309
497.014543
546.108598
614.642932
701.045206
787.653262
856.824658
907.048946
941.994524
965.597728
980.825090
987.983738
885.244759
881.449228
873.482811
858.901824
836.339172
803.895996
759.531745
702.323377
635.275592
568.414222
511.781362
468.432289
437.534523
417.188358
405.702207
402.006037
405.741272
417.269534
437.664160
468.620570
512.043181
568.770479
635.755074
702.965444
760.390144
805.044325
837.878715
860.972785
876.280231
883.577201
797.705248
793.960376
786.171654
772.127117
750.850546
721.137341
681.993149
633.606995
578.901714
524.390568
476.602730
438.510233
410.389020
391.377077
380.458639
376.916677
380.500086
391.463171
410.526421
438.709593
476.879567
524.766541
579.406438
634.280557
682.889584
722.329379
752.436047
774.237593
788.983050
796.087346
722.620831
719.021275
711.588963
698.344827
678.604130
651.624179
617.001434
575.378902
529.318655
483.453954
442.433185
408.864900
383.473233
365.975770
355.797790
352.475957
355.840250
366.063939
383.613861
409.068758
442.715909
483.837260
529.832031
576.061908
617.906753
652.821610
680.185649
700.430682
714.334214
721.088233
657.053758
653.646271
646.651397
634.304412
616.132125
591.697220
560.933288
524.654216
485.059657
445.657847
409.971152
380.242400
357.360005
341.366852
331.973237
328.893238
332.015730
341.455063
357.500622
380.446077
410.253304
446.039785
485.570144
525.331520
561.827818
592.874805
617.677863
636.326754
649.285430
655.621142
598.956814
595.761853
589.234082
577.799718
561.137818
539.013476
511.553299
479.615063
445.088291
410.748665
379.384917
352.926267
332.298316
317.725518
309.101914
306.264335
309.143733
317.812306
332.436598
353.126418
379.661903
411.123094
445.587823
480.276225
512.423735
540.154590
562.627615
579.735287
591.732486
597.628142
546.855691
543.879272
537.821349
527.276381
512.032802
491.990212
467.384122
439.057875
408.644853
378.411509
350.636270
326.988776
308.373747
295.113918
287.221247
284.616985
287.261883
295.198229
308.508024
327.183006
350.904820
378.774092
409.127794
439.695709
468.221496
493.083986
513.454067
529.111719
540.172003
545.629548
499.658739
496.899019
491.299879
481.603827
467.677845
449.510740
427.396520
402.137465
375.155730
348.344991
323.609850
302.405439
285.589386
273.533277
266.323753
263.939708
266.362839
273.614353
285.718463
302.592041
323.867647
348.692679
375.618167
402.747066
428.194858
450.550198
469.022972
483.331682
493.498017
498.531137
456.538206
453.989189
448.831072
439.937076
427.230503
410.758701
390.843274
368.233990
344.177101
320.281755
298.167043
279.109110
263.907521
252.952796
246.377505
244.199409
246.414779
253.030098
264.030549
279.286877
298.412462
320.612433
344.616358
368.812072
391.598698
411.739533
428.495202
441.554162
450.876323
455.504066
416.853431
414.507073
409.769410
401.629721
390.051478
375.119533
357.163792
336.877507
315.358450
293.991026
274.168665
257.016170
243.271514
233.325790
227.338137
225.351929
227.373416
233.398942
243.387902
257.184268
274.400591
294.303262
315.772747
337.421945
357.873902
376.039273
391.233682
403.135285
411.664003
415.907358
380.099608
377.947018
373.608550
366.177207
355.644824
342.119118
325.926120
307.702224
288.418076
269.275416
251.484149
236.039312
223.617402
214.598737
209.155850
207.348309
209.189009
214.667484
223.726752
236.197185
251.701848
269.568281
288.806291
308.211734
326.589568
342.976582
356.743961
367.572115
375.356210
379.236295
345.872696
343.904813
339.944715
333.178762
323.618436
311.384040
296.789992
280.417266
263.126153
245.966301
229.994726
216.093676
204.880025
196.716326
191.779464
190.138459
191.810423
196.780505
204.982086
216.240974
230.197745
246.239241
263.487646
280.891173
297.406183
312.178938
324.634940
334.464899
341.549979
345.087115
313.844786
312.052755
308.451215
302.311133
293.657175
282.614944
269.482350
254.787184
239.292705
223.919286
209.593933
197.099618
186.996203
179.624231
175.158707
173.673253
175.187421
179.683749
187.090833
197.236150
209.782034
224.172027
239.627193
255.225259
270.051228
283.347611
294.592153
303.491010
309.919009
313.132278
283.746458
282.121828
278.860304
273.310052
265.504100
255.568157
243.780578
230.618509
216.758879
203.010213
190.186984
178.983767
169.906280
163.270572
159.245464
157.905683
159.271913
163.325389
169.993420
179.109459
190.360087
203.242688
217.066345
231.020849
244.302475
256.239363
266.359101
274.386548
280.195677
283.102753
255.353892
253.888711
250.950015
245.956872
238.947054
230.042671
219.500697
207.750202
195.390486
183.131796
171.689692
161.679205
153.554774
147.606611
143.994397
142.791434
144.018580
147.656727
153.634429
161.794075
171.847841
183.344096
195.671109
208.117144
219.976221
230.653486
239.723912
246.933058
252.157983
254.775105
228.479300
227.166148
224.534436
220.068746
213.808884
205.870725
196.488842
186.046708
175.073140
164.190856
154.027293
145.125220
137.890537
132.587017
129.363193
128.289120
129.385125
132.632464
137.962762
145.229353
154.170620
164.383188
175.327244
186.378761
196.918797
206.422423
214.509610
220.947773
225.619881
227.961906
202.963707
201.795695
199.456401
195.491297
189.940188
182.910850
174.614982
165.392791
155.708536
146.106041
137.133299
129.266866
122.866656
118.169885
115.312604
114.360318
115.332310
118.210717
122.931539
129.360400
137.262007
146.278699
155.936552
165.690590
175.000308
183.404833
190.566886
196.276319
200.424019
202.504515
178.671436
177.642182
175.581933
172.093049
167.213824
161.042638
153.768208
145.689632
137.211564
128.805970
120.948463
114.054451
108.440210
104.316604
101.806347
100.969478
101.823863
104.352894
108.497871
114.137561
121.062805
128.959314
137.414000
145.953898
154.109940
161.480394
167.768643
172.787178
176.436204
178.267553
155.485827
154.589431
152.795946
149.761157
145.520724
140.162758
133.853138
126.851822
119.508049
112.227708
105.419851
99.443014
94.571983
90.991672
88.810959
88.083781
88.826324
91.023507
94.622561
99.515905
105.520116
112.362143
119.685468
127.083339
134.152367
140.545818
146.005820
150.367425
153.541124
155.134633
133.305899
132.536902
130.998897
128.398070
124.766633
120.181868
114.787125
108.805027
102.532948
96.315512
90.500039
85.391836
81.226147
78.162471
76.295599
75.672955
76.308861
78.189946
81.269794
85.454732
90.586544
96.431475
102.685951
109.004617
115.044980
120.511784
125.184140
128.919415
131.639007
133.005013
112.043691
111.397043
110.104134
107.918910
104.869555
101.022199
96.498082
91.484135
86.228910
81.019790
76.146415
71.863976
68.369948
65.799027
64.231856
63.709087
64.243062
65.822245
68.406830
71.917119
76.219497
81.117743
86.358123
91.652645
96.715709
101.300520
105.221571
108.358165
110.642981
111.790948
91.622149
91.093171
90.035791
88.249385
85.757722
82.615632
78.922743
74.831785
70.545108
66.296249
62.320584
58.825871
55.973424
53.873793
52.593543
52.166433
52.602747
53.892860
56.003712
58.869509
62.380589
66.376666
70.651172
74.970076
79.101292
82.843895
86.046295
88.609270
90.476962
91.415575
71.973414
71.557766
70.727079
69.324110
67.367965
64.902170
62.005274
58.797175
55.436283
52.105168
48.987844
46.246957
44.009122
42.361420
41.356515
41.021232
41.363769
42.376448
44.032993
46.281348
49.035130
52.168533
55.519845
58.906109
62.145890
65.081888
67.595087
69.607234
71.073963
71.811205
53.037433
52.731082
52.118914
51.085249
49.644401
47.828689
45.696150
43.335093
40.861957
38.410801
36.116749
34.099355
32.451862
31.238569
30.498483
30.251540
30.503842
31.249670
32.469495
34.124758
36.151676
38.457601
40.923667
43.415531
45.799964
47.961345
49.812003
51.294110
52.374708
52.917937
34.760821
34.560012
34.158783
33.481402
32.537354
31.347930
29.951234
28.405125
26.785785
25.180869
23.678725
22.357575
21.278506
20.483714
19.998854
19.837064
20.002372
20.491002
21.290082
22.374251
23.701652
25.211588
26.826289
28.457916
30.019360
31.434971
32.647305
33.618390
34.326508
34.682519
17.095915
16.997148
16.799813
16.466690
16.002473
15.417663
14.731019
13.970990
13.175009
12.386127
11.647735
10.998268
10.467761
10.076983
9.838575
9.759021
9.840307
10.080571
10.473459
11.006477
11.659021
12.401248
13.194947
13.996974
14.764549
15.460499
16.056579
16.534091
16.882324
17.057410
0.000000
0.000000
0.000000
0.000000
0.000000
0.000000
0.000000
0.000000
0.000000
0.000000
0.000000
0.000000
0.000000
0.000000
0.000000
0.000000
0.000000
0.000000
0.000000
0.000000
0.000000
0.000000
0.000000
0.000000
0.000000
0.000000
0.000000
0.000000
0.000000
0.000000
