1500.000000
1200.000000
1000.000000
1200.000000
1350.000000
1230.000000
1150.000000
1200.000000
1360.000000
1450.000000
1500.000000
1300.000000
1000.000000
1100.000000
1240.000000
1200.000000
1150.000000
1200.000000
1350.000000
1400.000000
1500.000000
1423.000000
1223.000000
1423.000000
1112.000000
1000.000000
1200.000000
1234.000000
1403.000000
1450.000000
1365.522976
1179.352913
1053.817300
1158.121044
1247.499946
1187.882167
1142.401355
1180.987115
1287.536525
1355.664074
1372.186900
1233.963637
1049.018422
1087.450407
1168.080962
1155.620508
1134.994950
1177.609531
1278.701701
1331.737805
1389.130165
1337.882174
1224.817002
1291.844123
1113.799365
1040.785226
1150.527680
1202.958201
1314.401450
1358.171001
1272.889686
1151.991037
1066.762957
1122.094817
1177.129876
1147.036068
1122.126987
1152.799015
1227.194404
1277.359244
1279.523419
1180.827059
1058.588159
1069.265974
1116.892821
1116.231961
1111.228498
1147.827092
1220.952891
1268.474469
1304.698810
1269.644047
1197.971393
1210.416297
1098.820930
1049.238693
1114.251355
1165.160658
1242.735908
1279.759842
1202.763914
1120.995386
1059.751952
1088.879876
1123.656352
1108.632583
1095.914567
1120.881166
1174.762566
1211.552915
1207.593486
1134.953683
1049.491954
1047.496101
1076.156002
1080.459097
1083.678324
1115.408271
1171.100180
1211.601485
1236.377373
1211.594579
1161.843787
1151.984570
1076.629416
1041.583606
1082.667991
1126.673513
1182.980022
1213.301408
1145.932192
1088.600740
1042.730407
1057.380433
1079.794761
1072.704016
1067.191268
1087.880008
1128.063764
1155.186750
1148.789798
1093.848328
1031.337346
1023.715569
1041.161959
1047.367506
1054.779863
1082.518002
1126.575235
1160.619921
1178.700338
1160.595594
1123.656833
1105.344540
1051.334527
1025.620411
1053.000816
1089.504690
1131.740454
1156.342407
1097.643366
1056.149708
1020.711636
1027.194265
1041.846764
1039.010803
1037.728091
1055.103668
1085.801548
1105.974609
1098.824943
1056.250282
1008.831605
998.980470
1009.639787
1016.359745
1025.748534
1050.166948
1086.033104
1114.654647
1128.534761
1114.904826
1086.128419
1065.430780
1024.858989
1005.341829
1024.387052
1054.233026
1086.758310
1106.728147
1055.258662
1024.378588
996.335925
998.167191
1007.827897
1007.285095
1008.444807
1023.189475
1047.117975
1062.271366
1055.137552
1021.433483
984.387016
973.964821
980.438559
987.052305
997.193247
1018.818392
1048.670001
1072.874953
1083.954353
1073.418552
1050.226103
1029.781460
998.163220
982.896609
996.599821
1020.927245
1046.514653
1062.802145
1017.208043
993.657479
971.037525
970.229979
976.615026
977.291306
979.812443
992.428136
1011.402116
1022.896989
1016.115956
988.928390
959.280133
949.087874
952.944005
959.190595
969.411772
988.664939
1013.950155
1034.588275
1043.701400
1035.371046
1016.218931
997.110569
971.747920
959.486461
969.609061
989.481235
1009.966932
1023.339891
982.496961
964.146169
945.609829
943.338750
947.537883
948.834031
952.060494
962.928379
978.196715
986.996006
980.698070
958.402274
934.199116
924.604508
926.808729
932.597098
942.538204
959.762251
981.486168
999.239555
1006.912079
1000.198729
984.097968
966.694791
945.878311
935.801891
943.431789
959.739057
976.381554
987.442380
950.459332
935.887500
920.493276
917.454253
920.174440
921.752607
925.286616
934.703351
947.147490
953.937944
948.154553
929.603246
909.515618
900.664641
901.822654
907.141012
916.619114
932.096589
950.981552
966.387905
972.967510
967.470405
953.749830
938.095394
920.692023
912.245718
918.084289
931.541086
945.228618
954.445011
920.626922
908.861478
895.928389
892.535746
894.244256
895.913785
899.516156
907.717033
917.972947
923.249407
917.965896
902.331730
885.425883
877.351323
877.848772
882.720654
891.654056
905.620007
922.200423
935.681901
941.408460
936.847179
925.029316
911.025645
896.254557
889.053213
893.569978
904.739865
916.115308
923.849938
892.656700
883.016158
872.040069
868.540132
869.550859
871.205465
874.735143
881.909544
890.445078
894.568122
889.749865
876.424596
862.026749
854.705037
854.790369
859.253211
867.617654
880.269060
894.950023
906.838974
911.884046
908.057328
897.789440
885.284602
872.589467
866.359351
869.879085
879.204265
888.743169
895.278224
866.288460
858.285053
848.885443
845.422768
845.949561
847.531932
850.908868
857.211010
864.376312
867.611682
863.217078
851.745579
839.357913
832.739243
832.573887
836.668698
844.471893
855.974834
869.069786
879.629448
884.119529
880.879496
871.893104
860.722571
849.695548
844.237794
846.991604
854.819308
862.880184
868.436515
841.319002
834.596813
826.481687
823.138580
823.328916
824.810346
827.992455
833.549128
839.610331
842.156076
838.142868
828.179045
817.426064
811.450377
811.139746
814.906308
822.173029
832.668271
844.424035
853.864514
857.895293
855.130949
847.216821
837.222269
827.557010
822.724165
824.880571
831.484518
838.342179
843.093858
817.585747
811.880466
804.822551
801.643052
801.599698
802.968182
805.936911
810.853189
816.015404
818.020714
814.348934
805.625684
796.218964
790.824333
790.437326
793.912152
800.675503
810.282924
820.896826
829.387227
833.032676
830.659079
823.651057
814.688113
806.149650
801.830313
803.514804
809.111969
814.980190
819.065455
794.955952
790.068139
783.888313
780.892951
780.688151
781.941335
784.692551
789.056117
793.479423
795.057842
791.691013
783.999387
775.713804
770.840674
770.422139
773.637811
779.934140
788.756280
798.388162
806.065754
809.384112
807.335127
801.099230
793.039841
785.444690
781.553222
782.860950
787.624435
792.671688
796.201175
773.319375
769.096325
763.651845
760.846824
760.531726
761.672693
764.210907
768.095379
771.906151
773.144929
770.050399
763.224902
755.882223
751.475392
751.054208
754.039362
759.905341
768.030276
776.811121
783.788271
786.826115
785.049449
779.476277
772.208538
765.411172
761.880682
762.884934
766.953775
771.314384
774.377311
752.583133
748.906358
744.082336
741.465280
741.076301
742.111047
744.445743
747.913270
751.212320
752.179118
749.327964
743.236015
736.693336
732.702704
732.297085
735.076692
740.547708
748.051390
756.089635
762.459070
765.254158
763.707891
758.707166
752.134056
746.017474
742.794945
743.552935
747.039571
750.821756
753.490606
732.667997
729.444434
725.147563
722.711146
722.274314
723.210231
725.353536
728.456849
731.325373
732.073104
729.439852
723.974123
718.115557
714.496223
714.117239
716.712999
721.822313
728.770491
736.156728
741.995561
744.578867
743.228980
738.725531
732.763244
727.232255
724.275095
724.832020
727.827994
731.119768
733.453847
713.505670
710.661402
706.815281
704.549504
704.083459
704.928438
706.893659
709.677704
712.181671
712.752050
710.314318
705.387083
700.117692
696.829715
696.483647
698.914401
703.692774
710.142577
716.953109
722.325939
724.723136
723.541723
719.472463
714.048700
709.025032
706.298603
706.690538
709.270868
712.144423
714.192585
695.036733
692.512449
689.054045
686.947661
686.465757
687.227663
689.028369
691.531625
693.725071
694.151228
691.889362
687.428279
682.669565
679.677570
679.367503
681.649624
686.125215
692.126455
698.426027
703.387344
705.619909
704.583859
700.895475
695.947840
691.366527
688.842339
689.098340
691.324884
693.839896
695.642644
677.209077
674.956732
671.833678
669.875083
669.386862
670.073237
671.722713
673.978252
675.905769
676.214198
674.110930
670.055850
665.742371
663.015099
662.742001
664.889740
669.088160
674.684422
680.528340
685.124405
687.210455
686.300458
682.947616
678.422188
674.228852
671.883227
672.026885
673.950960
676.157108
677.748228
659.976676
657.957013
655.125524
653.303289
652.815533
653.433446
654.944366
656.980725
658.679367
658.891393
656.931527
653.232064
649.308837
646.818693
646.582150
648.607949
652.552393
657.781938
663.217737
667.488063
669.442997
668.642798
665.586733
661.436820
657.585593
655.398668
655.449277
657.113692
659.052603
660.460439
643.298621
641.479304
638.902550
637.205733
636.723219
637.279196
638.663454
640.505345
642.006098
642.138987
640.309129
636.922773
633.343289
631.065910
630.864631
632.779380
636.490806
641.387334
646.456096
650.434627
652.271624
651.567444
648.774836
644.959907
641.411834
639.366801
639.340236
640.780897
642.487660
643.736121
627.138349
625.492543
623.139369
621.557689
621.083728
621.583737
622.852367
624.521262
625.850194
625.918006
624.206321
621.096975
617.821638
615.735502
615.567662
617.380926
620.878249
625.471527
630.208944
633.924995
635.655405
635.035491
632.477568
628.962346
625.684133
623.766653
623.676056
624.923231
626.427588
627.536944
611.463008
609.968293
607.812207
606.336116
605.872955
606.322416
607.485577
609.000194
610.179357
610.193599
608.589603
605.726433
602.721331
600.807406
600.670882
602.391087
605.691369
610.007775
614.445005
617.924019
619.557675
619.011946
616.663752
613.417448
610.380472
608.578225
608.434528
609.513856
610.841144
611.828663
596.242955
594.880474
592.898838
591.519547
591.068649
591.472466
592.539460
593.916168
594.964312
594.934446
593.428833
590.785346
588.021283
586.262714
586.155240
587.789838
590.908472
594.971446
599.135808
602.399976
603.945440
603.465206
601.305006
598.300671
595.480193
593.782524
593.594862
594.528156
595.700065
596.580526
581.451322
580.205123
578.378502
577.087966
576.650227
577.012822
577.992135
579.245289
580.178437
580.112277
578.696761
576.250081
573.701790
572.083626
572.002903
573.558504
576.509387
580.339816
584.255363
587.324122
588.788890
588.366624
586.375418
583.589393
580.963927
579.361561
579.137601
579.943502
580.978680
581.764784
567.063668
565.920180
564.231817
563.022700
562.598601
562.923959
563.823310
564.965538
565.797440
565.701469
564.368655
562.098927
559.744441
558.253400
558.197162
559.679651
562.475340
566.091885
569.779878
572.670324
574.060989
573.690143
571.851263
569.262719
566.813515
565.298335
565.044535
565.739035
566.653580
567.356290
553.057681
552.005299
550.440685
549.306316
548.896041
549.187745
550.014149
551.056586
551.799094
551.678706
550.421980
548.311893
546.132031
544.756290
544.722351
546.136983
548.788837
552.208215
555.687513
558.414744
559.737128
559.411985
557.710758
555.301308
553.011935
551.576799
551.298617
551.895487
552.703352
553.332162
539.412928
538.441677
536.988200
535.922524
535.526042
535.787319
536.547138
537.499632
538.163001
538.022704
536.836130
534.870529
532.848474
531.577490
531.563771
532.915254
535.433561
538.670783
541.958173
544.535570
545.794839
545.510387
543.933857
541.687221
539.543224
538.181816
537.883879
538.395021
539.108342
539.671508
526.110638
525.211908
523.858566
522.856090
522.473221
522.706970
523.405978
524.277255
524.870395
524.713964
523.592207
521.757770
519.878720
518.703073
518.707618
520.000182
522.394273
525.462852
528.573324
531.012788
532.213540
531.965376
530.502065
528.403793
526.392404
525.099118
524.785357
525.221093
525.850460
526.355185
513.133524
512.299849
511.037007
510.092755
509.723212
509.932046
510.575476
511.373292
511.903967
511.734575
510.672826
508.957795
507.208679
506.119937
506.140918
507.378376
509.656728
512.568854
515.515834
517.827987
518.974331
518.758570
517.398284
515.435514
513.545418
512.315254
511.989018
512.358328
512.913013
513.365601
500.465621
499.690500
498.509697
497.619155
497.262583
497.448855
498.041455
498.772715
499.247716
499.068034
498.061951
496.455914
494.825149
493.815750
493.851467
495.037266
497.207591
499.974286
502.769833
504.964182
506.059805
505.873010
504.606671
502.767927
500.989063
499.817544
499.481693
499.792411
500.280558
500.686542
488.092151
487.369903
486.263680
485.422759
485.078759
485.244588
485.790665
486.461532
486.886815
486.699100
485.744751
484.238458
482.715745
481.778897
481.827780
482.965044
485.034366
487.665619
490.320593
492.405674
493.453892
493.293015
492.112516
490.387534
488.710927
487.594032
487.251012
487.509993
487.938772
488.303025
475.999404
475.325045
474.286810
473.491799
473.159947
473.307246
473.810710
474.426695
474.807502
474.613662
473.707480
472.292686
470.868844
469.998432
470.059033
471.150599
473.125331
475.630211
478.154419
480.137918
481.141722
481.004055
479.902139
478.281717
476.699338
475.633442
475.285346
475.498607
475.874349
476.201172
464.174634
463.543779
462.567686
461.815218
461.495077
461.625575
462.089977
462.656019
462.996975
462.798626
461.937369
460.606703
459.273521
458.464034
458.535021
459.583476
461.469476
463.856234
466.258552
468.147406
469.109506
468.992635
467.962791
466.438660
464.943306
463.925131
463.573756
463.746587
464.074897
464.368098
452.605969
452.014744
451.095597
450.382613
450.073745
450.189003
450.617571
451.138106
451.443300
451.241814
450.422530
449.169383
447.919503
447.165962
447.246113
448.253817
450.056451
452.332607
454.621088
456.421577
457.344430
457.246198
456.282573
454.847286
453.432478
452.459052
452.105938
452.243006
452.528856
452.791813
441.282329
440.727304
439.860470
439.184189
438.886161
438.987594
439.383265
439.862281
440.135341
439.931883
439.151876
437.970308
436.797116
436.095017
436.183213
437.152328
438.876511
441.048933
443.230900
444.948719
445.834563
445.753042
444.850360
443.497196
442.157092
441.225712
440.872183
440.977611
441.225423
441.461143
430.193356
429.671482
428.852823
428.210713
427.923102
428.011991
428.377438
428.818529
429.062681
428.858240
428.115049
426.999706
425.897243
425.242507
425.337722
426.270231
427.920478
429.995447
432.077571
433.717901
434.568776
434.502237
433.655735
432.378616
431.107934
430.216136
429.863331
429.940769
430.154485
430.365646
419.329350
418.837912
418.063718
417.453474
417.175871
417.253378
417.591038
417.997449
418.215564
418.010984
417.302352
416.248399
415.211285
414.600207
414.701506
415.599230
417.179692
419.162966
421.151338
422.718898
423.536671
423.483561
422.688929
421.482350
420.276305
419.421838
419.070732
419.123422
419.306560
419.495556
408.681214
408.217786
407.484728
406.904245
406.636258
406.703438
407.015534
407.390197
407.584841
407.380836
406.704695
405.707754
404.731121
404.160337
404.266862
405.131481
406.645979
408.542842
410.443033
411.942133
412.728514
412.687436
411.940768
410.799731
409.653979
408.834780
408.486214
408.517036
408.672745
408.841718
398.240404
397.802813
397.107893
396.555252
396.296504
396.354316
396.642877
396.988448
397.161917
396.959095
396.313544
395.369643
394.449078
393.915523
394.026494
394.859555
396.311614
398.126924
399.944039
401.378623
402.135183
402.104878
401.402629
400.322587
399.233175
398.447352
398.102045
398.113567
398.244668
398.395539
387.998883
387.585179
386.925693
386.399137
386.149270
386.198589
386.465468
386.784356
386.938704
386.737584
386.120874
385.226401
384.357894
383.858776
383.973479
384.776416
386.169289
387.907517
389.646243
391.019927
391.748112
391.727445
391.066388
390.043201
389.006527
388.252338
387.910908
387.905418
388.014445
388.148942
377.949081
377.557509
376.931012
376.428935
376.187609
376.229229
376.476123
376.770514
376.907590
376.708609
376.119128
375.270794
374.450696
373.983466
374.101251
374.875389
376.212084
377.877354
379.542001
380.858106
381.559249
381.547192
380.924390
379.954279
378.967052
378.242893
377.905870
377.885415
377.974645
378.094321
368.083859
367.712836
367.117116
366.638045
366.404937
366.439584
366.668045
366.939928
367.061392
366.864922
366.301183
365.495985
364.720970
364.283299
364.403571
365.150142
366.433444
368.029563
369.624099
370.885679
371.561013
371.556638
370.969409
370.048921
369.108131
368.412521
368.080356
368.046766
368.118252
368.224507
358.396476
358.044571
357.477620
357.020204
356.795009
356.823344
357.034795
357.285982
357.393331
357.199685
356.660314
355.895507
355.162536
354.752293
354.874511
355.594657
356.827148
358.357637
359.885724
361.095593
361.746258
361.748723
361.194619
360.320592
359.423480
358.755049
358.428126
358.383044
358.438636
358.532736
348.880561
348.546478
348.006469
347.569468
347.351897
347.374526
347.570271
347.802413
347.896996
347.706439
347.190164
346.463235
345.769530
345.384762
345.508433
346.203218
347.387293
348.855410
350.320429
351.481186
352.108239
352.116783
351.593561
350.763098
349.907130
349.264610
348.943257
348.888154
348.929523
349.012612
339.530082
339.212646
338.697916
338.280188
338.069969
338.087445
338.268681
338.483285
338.566324
338.379078
337.884721
337.193363
336.536378
336.175294
336.299968
336.970385
338.108268
339.517037
340.922116
342.036163
342.640585
342.654514
342.160120
341.370561
340.553408
339.935623
339.620116
339.556316
339.584973
339.658085
330.339326
330.037468
329.546500
329.146995
328.943872
328.956700
329.124527
329.322970
329.395569
329.211818
328.738287
328.080383
327.457783
327.118737
327.244004
327.890979
328.984742
330.336964
331.685002
332.754561
333.337267
333.355952
332.888502
332.137400
331.356919
330.762774
330.453345
330.382039
330.399352
330.463428
321.302876
321.015622
320.547028
320.164778
319.968508
319.977153
320.132582
320.316124
320.379283
320.199181
319.745462
319.119062
318.528702
318.210183
318.335670
318.960066
320.011637
321.309920
322.603603
323.630737
324.192576
324.215444
323.773206
323.058311
322.312524
321.741004
321.437846
321.360105
321.367315
321.423206
312.415586
312.142048
311.694559
311.328671
311.139026
311.143912
311.287873
311.457669
311.512296
311.335969
310.901117
310.304427
309.744334
309.444951
309.570317
310.172945
311.184121
312.430888
313.672713
314.659333
315.201100
315.227630
314.809012
314.128249
313.415331
312.865487
312.568761
312.485551
312.483783
312.532264
303.672571
303.411936
302.984388
302.634036
302.450801
302.452317
302.585668
302.742776
302.789694
302.617245
302.200384
301.631747
301.100103
300.818574
300.943510
301.525129
302.497587
303.695095
304.887382
305.835268
306.357704
306.387421
305.990957
305.342411
304.660674
304.131622
303.841459
303.753652
303.743927
303.785704
295.069180
294.820707
294.412031
294.076452
293.899424
293.897928
294.021457
294.166847
294.206806
294.038317
293.638628
293.096515
292.591646
292.326789
292.451014
293.012335
293.947642
295.097996
296.242906
297.153712
297.657509
297.689980
297.314319
296.696221
296.044102
295.535019
295.251524
295.159907
295.143154
295.178868
286.600990
286.363996
285.973210
285.651698
285.480685
285.476505
285.590939
285.725503
285.759186
285.594722
285.211443
284.694440
284.214797
283.965523
284.088780
284.630472
285.530093
286.635257
287.734802
288.610070
289.095877
289.130709
288.774602
288.185317
287.561368
287.071481
286.794739
286.700022
286.677086
286.707323
278.263785
278.037645
277.663843
277.355743
277.190564
277.184002
277.290014
277.414571
277.442598
277.282209
276.914629
276.421425
275.965580
275.730881
275.852939
276.375629
277.240936
278.302744
279.358802
280.199970
280.668397
280.705228
280.367524
279.805537
279.208415
278.737002
278.467075
278.369902
278.341552
278.366847
270.053545
269.837684
269.480031
269.184737
269.025222
269.016554
269.114763
269.230067
269.253006
269.096728
268.744181
268.273564
267.840194
267.619140
267.739786
268.244067
269.076343
270.096511
271.110836
271.919246
272.370864
272.409366
272.089000
271.552908
270.981363
270.527748
270.264685
270.165635
270.132572
270.153413
261.966435
261.760324
261.418049
261.134996
260.980984
260.970465
261.061443
261.168189
261.186556
261.034414
260.696280
260.247123
259.835003
259.626734
259.745776
260.232205
261.032656
262.012789
262.987020
263.763928
264.199274
264.239145
263.935131
263.423632
262.876504
262.440053
262.183885
262.083485
262.046348
262.063180
253.998793
253.801942
253.474334
253.202997
253.054336
253.042201
253.126478
253.225303
253.239571
253.091581
252.767278
252.338536
251.946532
251.750250
251.867514
252.336617
253.106373
254.047975
254.983645
255.730224
256.149803
256.190770
255.902195
255.414080
254.890289
254.470405
254.221152
254.119878
254.079250
254.092482
246.147117
245.959077
245.645476
245.385368
245.241914
245.228377
245.306442
245.397937
245.408537
245.264706
244.953689
244.544390
244.171448
243.986416
244.101745
244.554018
245.294140
246.198621
247.097165
247.814517
248.218804
248.260616
247.986634
247.520780
247.019319
246.615443
246.373113
246.271396
246.227808
246.237813
238.408062
238.228415
237.928210
237.678876
237.540493
237.525754
237.598058
237.682767
237.690094
237.550421
237.252179
236.861420
236.506563
236.332097
236.445349
236.881259
237.592746
238.461428
239.324193
240.013348
240.402792
240.445220
240.185045
239.740406
239.260337
238.871943
238.636535
238.534764
238.488702
238.495822
230.778422
230.606784
230.319408
230.080425
229.946983
229.931224
229.998187
230.076611
230.081025
229.945505
229.659561
229.286498
228.948819
228.784284
228.895329
229.315322
229.999112
230.833237
231.661485
232.323410
232.698434
232.741268
232.494172
232.069775
231.610221
231.236814
231.008318
230.906847
230.858754
230.863302
223.255131
223.091144
222.816070
222.587044
222.458422
222.441810
222.503819
222.576422
222.578254
222.446875
222.172778
221.816628
221.495282
221.340090
221.448812
221.853306
222.510283
223.311018
224.105934
224.741538
225.102541
225.145590
224.910896
224.505836
224.065979
223.707092
223.485490
223.384639
223.334919
223.337183
215.835250
215.678583
215.415321
215.195882
215.071964
215.054655
215.112069
215.179277
215.178830
215.051576
214.788905
214.448936
214.143137
213.996742
214.103037
214.492430
215.123426
215.891869
216.654566
217.264703
217.612062
217.655150
217.432230
217.045661
216.624736
216.279929
216.065197
215.965256
215.914279
215.914522
208.515959
208.366305
208.114400
207.904203
207.784880
207.767015
207.820166
207.882376
207.879926
207.756777
207.505136
207.180665
206.889681
206.751577
206.855351
207.230020
207.835820
208.573002
209.304527
209.889999
210.224073
210.267041
210.055308
209.686442
209.283733
208.952591
208.744701
208.645931
208.594035
208.592498
201.294556
201.151629
200.910655
200.709378
200.594545
200.576256
200.625452
200.683029
200.678830
200.559763
200.318779
200.009169
199.732319
199.602033
199.703203
200.063505
200.644849
201.351743
202.053080
202.614644
202.935770
202.978471
202.777381
202.425483
202.040320
201.722452
201.521370
201.424006
201.371500
201.368406
194.168443
194.031978
193.801540
193.608881
193.498439
193.479845
193.525373
193.578654
193.572938
193.457928
193.227250
192.931905
192.668555
192.545649
192.644139
192.990414
193.548000
194.225522
194.897599
195.435966
195.744464
195.786766
195.595812
195.260195
194.891950
194.586986
194.392673
194.296931
194.244095
194.239646
187.135128
187.004877
186.784606
186.600282
186.494138
186.475349
186.517472
186.566770
186.559752
186.448769
186.228068
185.946430
185.695987
185.580055
185.675798
186.008368
186.542857
187.191871
187.835560
188.351402
188.647576
188.689357
188.508067
188.188088
187.836173
187.543762
187.356177
187.262249
187.209341
187.203724
180.192216
180.067948
179.857497
179.681244
179.579307
179.560427
179.599389
179.644993
179.636867
179.529882
179.318847
179.050397
178.812308
178.702970
178.795908
179.115080
179.627095
180.248415
180.864539
181.358488
181.642626
181.683776
181.511709
181.206768
180.870631
180.590443
180.409542
180.317602
180.264857
180.258243
173.337400
173.218902
173.017949
172.849517
172.751703
172.732823
172.768853
172.811030
172.801975
172.698956
172.497294
172.241543
172.015293
171.912198
172.002278
172.308343
172.798475
173.392869
173.982206
174.454859
174.727235
174.767652
174.604399
174.313933
173.993056
173.724779
173.550514
173.460719
173.408350
173.400895
166.568466
166.455536
166.263779
166.102935
166.009162
165.990369
166.023676
166.062675
166.052854
165.953768
165.761204
165.517696
165.302802
165.205623
165.292800
165.586036
166.054841
166.623036
167.186317
167.638239
167.899112
167.938706
167.783883
167.507368
167.201264
166.944600
166.776923
166.689414
166.637615
166.629465
159.883279
159.775731
159.592886
159.439411
159.349603
159.330974
159.361754
159.397801
159.387365
159.292179
159.108452
158.876759
158.672772
158.581204
158.665439
158.946109
159.394116
159.936798
160.474715
160.906438
161.156056
161.194742
161.047994
160.784936
160.493149
160.247818
160.086678
160.001581
159.950530
159.941816
153.279786
153.177443
153.003247
152.856934
152.771016
152.752624
152.781056
152.814365
152.803451
152.712129
152.536993
152.316716
152.123216
152.036975
152.118233
152.386590
152.814299
153.332116
153.845321
154.257350
154.495947
154.533651
154.394644
154.144583
153.866682
153.632419
153.477764
153.395191
153.345050
153.335892
146.756005
146.658705
146.492908
146.353564
146.271465
146.253376
146.279628
146.310393
146.299126
146.211634
146.044859
145.835620
145.652215
145.571038
145.649290
145.905575
146.313458
146.807023
147.296135
147.688945
147.916745
147.953399
147.821822
147.584327
147.319909
147.096459
146.948236
146.868289
146.819203
146.809713
140.310029
140.217619
140.059988
139.927430
139.849084
139.831357
139.855583
139.883985
139.872480
139.788782
139.630148
139.431597
139.257919
139.181561
139.256783
139.501224
139.889732
140.359625
140.825227
141.199268
141.416485
141.452027
141.327591
141.102255
140.850941
140.638066
140.496221
140.418989
140.371092
140.361370
133.940018
133.852354
133.702670
133.576726
133.502069
133.484759
133.507103
133.533308
133.521670
133.441729
133.291031
133.102837
132.938543
132.866776
132.938948
133.171764
133.541322
133.988092
134.430735
134.786436
134.993271
135.027646
134.910080
134.696526
134.457957
134.255430
134.119907
134.045470
133.998881
133.989021
127.644196
127.561144
127.419201
127.299710
127.228679
127.211836
127.232429
127.256592
127.244917
127.168698
127.025741
126.847594
126.692363
126.624975
126.694081
126.915481
127.266493
127.690659
128.110866
128.448630
128.645278
128.678435
128.567488
128.365358
128.139198
127.946804
127.817549
127.745976
127.700804
127.690890
121.420849
121.342283
121.207889
121.094698
121.027234
121.010902
121.029868
121.052131
121.040505
120.967971
120.832571
120.664181
120.517713
120.454508
120.520535
120.730718
121.063568
121.465623
121.863888
122.184098
122.370743
122.402638
122.298074
122.107035
121.892968
121.710500
121.587457
121.518810
121.475154
121.465262
115.268323
115.194125
115.067097
114.960062
114.896110
114.880330
114.897781
114.918275
114.906777
114.837892
114.709875
114.550969
114.412985
114.353779
114.416719
114.615877
114.930927
115.311336
115.688128
115.991147
116.167965
116.198559
116.100157
115.919897
115.717625
115.544889
115.428002
115.362335
115.320280
115.310481
109.185018
109.115078
108.995245
108.894231
108.833736
108.818546
108.834584
108.853430
108.842132
108.776861
108.656062
108.506385
108.376623
108.321246
108.381093
108.569407
108.867004
109.226209
109.581971
109.868142
110.035301
110.064560
109.972116
109.802341
109.611582
109.448394
109.337607
109.274965
109.234591
109.224948
103.169390
103.103604
102.990805
102.895684
102.838594
102.824026
102.838749
102.856058
102.845024
102.783330
102.669595
102.528907
102.407122
102.355417
102.412168
102.589813
102.870284
103.208705
103.543855
103.813506
103.971167
103.999058
103.912382
103.752817
103.573307
103.419490
103.314748
103.255170
103.216547
103.207118
97.219946
97.158216
97.052300
96.962950
96.909215
96.895300
96.908795
96.924668
96.913958
96.855806
96.748988
96.617063
96.503027
96.454848
96.508503
96.675646
96.939303
97.257336
97.572273
97.825713
97.974028
98.000526
97.919439
97.769826
97.601315
97.456702
97.357949
97.301468
97.264658
97.255495
91.335239
91.277475
91.178299
91.094607
91.044180
91.030942
91.043290
91.057822
91.047488
90.992843
90.892803
90.769431
90.662930
90.618142
90.668703
90.825503
91.072643
91.370664
91.665766
91.903287
92.042404
92.067485
91.991821
91.851919
91.694172
91.558604
91.465785
91.412428
91.377486
91.368635
85.513873
85.459988
85.367418
85.289277
85.242111
85.229575
85.240850
85.254126
85.244215
85.193042
85.099649
84.984632
84.885466
84.843944
84.891416
85.038027
85.268931
85.547297
85.822920
86.044803
86.174862
86.198506
86.128110
85.997691
85.850489
85.723814
85.636873
85.586663
85.553635
85.545139
79.754495
79.704409
79.618318
79.545625
79.501677
79.489863
79.500133
79.512231
79.502785
79.455049
79.368180
79.261332
79.169316
79.130945
79.175334
79.311902
79.526838
79.785888
80.042372
80.248881
80.370015
80.392206
80.326934
80.205787
80.068919
79.950993
79.869875
79.822829
79.791758
79.783654
74.055795
74.009433
73.929701
73.862360
73.821587
73.810513
73.819839
73.830832
73.821889
73.777556
73.697093
73.598240
73.513201
73.477873
73.519188
73.645855
73.845076
74.085132
74.322797
74.514183
74.626521
74.647245
74.586964
74.474889
74.348160
74.238846
74.163498
74.119627
74.090547
74.082870
68.416504
68.373794
68.300310
68.238231
68.200592
68.190273
68.198711
68.208663
68.200255
68.159293
68.085125
67.994104
67.915881
67.883498
67.921749
68.038649
68.222399
68.443765
68.662916
68.839418
68.943082
68.962328
68.906914
68.803724
68.686949
68.586117
68.516483
68.475796
68.448739
68.441516
62.835393
62.796269
62.728926
62.672022
62.637478
62.627928
62.635530
62.644499
62.636656
62.599030
62.531053
62.447713
62.376154
62.346625
62.381825
62.489087
62.657596
62.860562
63.061488
63.223331
63.318439
63.336199
63.285536
63.191058
63.084063
62.991587
62.927615
62.890117
62.865105
62.858364
57.311270
57.275670
57.214368
57.162559
57.131072
57.122301
57.129112
57.137152
57.129899
57.095576
57.033692
56.957888
56.892855
56.866098
56.898260
56.996009
57.149496
57.334335
57.517309
57.664710
57.751375
57.767643
57.721624
57.635694
57.538314
57.454077
57.395714
57.361404
57.338459
57.332222
51.842981
51.810846
51.755491
51.708700
51.680234
51.672249
51.678312
51.685471
51.678828
51.647778
51.591892
51.523492
51.464854
51.440793
51.469932
51.558286
51.696959
51.863932
52.029215
52.162379
52.240707
52.255479
52.214006
52.136471
52.048553
51.972441
51.919634
51.888511
51.867647
51.861933
46.429405
46.400679
46.351182
46.309337
46.283857
46.276667
46.282017
46.288337
46.282324
46.254513
46.204539
46.143417
46.091054
46.069619
46.095752
46.174826
46.298884
46.448238
46.596076
46.715195
46.785291
46.798565
46.761546
46.692264
46.613662
46.545568
46.498266
46.470323
46.451553
46.446377
41.069454
41.044087
41.000365
40.963397
40.940868
40.934478
40.939149
40.944669
40.939299
40.914697
40.870551
40.816591
40.770391
40.751519
40.774664
40.844566
40.954198
41.086168
41.216794
41.322053
41.384016
41.395792
41.363142
41.301981
41.232559
41.172381
41.130532
41.105761
41.089090
41.084467
35.762075
35.740018
35.701992
35.669836
35.650227
35.644639
35.648660
35.653413
35.648699
35.627275
35.588878
35.541972
35.501831
35.485465
35.505641
35.566478
35.661863
35.776670
35.890306
35.981881
36.035805
36.046085
36.017727
35.964562
35.904191
35.851831
35.815384
35.793774
35.779207
35.775148
30.506243
30.487451
30.455047
30.427642
30.410920
30.406137
30.409533
30.413549
30.409500
30.391224
30.358502
30.318548
30.284371
30.270459
30.287685
30.339558
30.420867
30.518723
30.615578
30.693635
30.739611
30.748400
30.724263
30.678978
30.627537
30.582903
30.551809
30.533344
30.520882
30.517395
25.300964
25.285395
25.258543
25.235832
25.221967
25.217988
25.220781
25.224085
25.220708
25.205549
25.178434
25.145337
25.117037
25.105532
25.119830
25.162836
25.230231
25.311335
25.391609
25.456306
25.494421
25.501724
25.481741
25.444230
25.401607
25.364609
25.338818
25.323483
25.313122
25.310213
20.145273
20.132886
20.111521
20.093449
20.082412
20.079236
20.081445
20.084058
20.081357
20.069287
20.047711
20.021385
19.998880
19.989742
20.001133
20.035365
20.089001
20.153543
20.217424
20.268911
20.299249
20.305072
20.289185
20.259347
20.225435
20.195990
20.175453
20.163230
20.154964
20.152637
15.038230
15.028989
15.013049
14.999565
14.991327
14.988952
14.990592
14.992533
14.990510
14.981500
14.965402
14.945764
14.928981
14.922171
14.930679
14.956227
14.996251
15.044411
15.092077
15.130497
15.153138
15.157489
15.145643
15.123387
15.098087
15.076114
15.060782
15.051650
15.045470
15.043727
9.978924
9.972794
9.962221
9.953276
9.947811
9.946233
9.947317
9.948600
9.947255
9.941275
9.930597
9.917573
9.906444
9.901931
9.907578
9.924528
9.951080
9.983029
10.014649
10.040136
10.055158
10.058047
10.050193
10.035432
10.018651
10.004074
9.993899
9.987836
9.983731
9.982571
4.966468
4.963418
4.958157
4.953706
4.950986
4.950200
4.950739
4.951376
4.950705
4.947729
4.942416
4.935936
4.930399
4.928155
4.930966
4.939401
4.952614
4.968512
4.984246
4.996929
5.004404
5.005843
5.001936
4.994592
4.986242
4.978988
4.973924
4.970906
4.968861
4.968283
0.000000
0.000000
0.000000
0.000000
0.000000
0.000000
0.000000
0.000000
0.000000
0.000000
0.000000
0.000000
0.000000
0.000000
0.000000
0.000000
0.000000
0.000000
0.000000
0.000000
0.000000
0.000000
0.000000
0.000000
0.000000
0.000000
0.000000
0.000000
0.000000
0.000000
