1500.000000
1200.000000
1000.000000
1200.000000
1350.000000
1230.000000
1150.000000
1200.000000
1360.000000
1450.000000
1500.000000
1300.000000
1000.000000
1100.000000
1240.000000
1200.000000
1150.000000
1200.000000
1350.000000
1400.000000
1500.000000
1423.000000
1223.000000
1423.000000
1112.000000
1000.000000
1200.000000
1234.000000
1403.000000
1450.000000
1074.477147
1026.534616
988.553168
1002.545090
1021.349970
1013.856015
1009.092806
1025.828534
1058.374612
1079.335973
1075.237473
1030.617803
978.039605
973.878224
989.045991
993.193822
999.038474
1022.043835
1058.796447
1085.500773
1101.378661
1086.463628
1054.326342
1044.632668
997.698238
976.192414
1000.248412
1027.097062
1061.523209
1080.372092
884.765429
871.479787
858.371247
857.221726
860.279878
860.755078
862.840120
870.402167
880.986073
886.838191
882.446476
866.567701
849.100338
842.769071
844.711352
848.864485
856.181166
868.908559
884.861061
897.590415
903.413095
898.663744
887.007111
875.597671
860.243575
852.724147
858.125073
868.851138
880.380951
887.833028
754.982436
749.764374
743.724251
741.571761
741.873017
742.723471
744.774741
748.706173
753.128579
754.981610
752.044933
744.564447
736.503730
732.391540
732.503028
735.375124
740.774682
748.672211
757.581830
764.704065
767.861420
765.861817
760.053724
753.000052
745.656023
741.861056
743.389449
748.013329
752.938322
756.317278
653.980553
651.415358
648.115550
646.407643
646.153445
646.737084
648.168341
650.391803
652.528911
653.102909
651.122001
646.937747
642.491116
639.923719
639.839394
641.884554
645.767812
651.077141
656.764862
661.277267
663.331070
662.366447
659.026027
654.642310
650.390599
648.043012
648.400748
650.554925
652.944190
654.646479
570.665639
569.201747
567.180151
565.928435
565.585626
565.940140
566.886667
568.217955
569.345189
569.454883
568.058740
565.446489
562.715226
561.071231
561.038980
562.570394
565.436990
569.221187
573.162676
576.275682
577.748251
577.256963
575.167005
572.298891
569.551709
567.925576
567.859035
568.900752
570.138600
571.058370
499.549792
498.623798
497.279211
496.356857
496.033287
496.238373
496.861769
497.691795
498.317911
498.248729
497.224503
495.468593
493.667653
492.580760
492.614935
493.807854
495.989014
498.805316
501.690547
503.966993
505.085872
504.836721
503.451470
501.480496
499.575392
498.371552
498.143871
498.640777
499.297995
499.816548
437.430088
436.799853
435.849885
435.155108
434.872707
434.985024
435.398477
435.931300
436.288351
436.152353
435.376792
434.133713
432.885366
432.145852
432.225209
433.180448
434.883030
437.046968
439.241004
440.974189
441.855912
441.738677
440.780537
439.370312
437.983292
437.054428
436.772647
436.987439
437.331648
437.630086
382.246554
381.794346
381.092721
380.557377
380.316473
380.371904
380.648375
380.997668
381.202318
381.047072
380.445638
379.532157
378.634568
378.119162
378.223084
379.002030
380.357102
382.058710
383.772241
385.129062
385.840164
385.796962
385.112276
384.070726
383.025481
382.289526
382.000918
382.065390
382.233979
382.405850
332.586048
332.249040
331.714022
331.293764
331.089831
331.110792
331.296879
331.529286
331.644606
331.491260
331.016818
330.327210
329.664011
329.297666
329.411305
330.053447
331.146573
332.506193
333.868941
334.951068
335.532637
335.530988
335.029243
334.241154
333.434089
332.841179
332.567440
332.551976
332.620320
332.717198
287.433001
287.175157
286.758214
286.423929
286.252059
286.252688
286.378465
286.534679
286.596700
286.454764
286.076325
285.545832
285.045987
284.781473
284.894994
285.426959
286.315781
287.412824
288.508758
289.381526
289.860483
289.881298
289.506559
288.899748
288.266377
287.784247
287.535282
287.479292
287.490839
287.542633
246.031223
245.830659
245.501507
245.233700
245.089679
245.079013
245.164180
245.269862
245.300046
245.173635
244.870147
244.457236
244.075445
243.882174
243.989305
244.429763
245.154252
246.042934
246.928596
247.635813
248.030631
248.062327
247.778698
247.306256
246.804602
246.411372
246.191384
246.117710
246.098429
246.123167
207.801613
207.644415
207.383363
207.168683
207.049116
207.032994
207.090636
207.162375
207.173903
207.064551
206.821325
206.498388
206.204774
206.062473
206.159337
206.521804
207.110387
207.828774
208.543468
209.115526
209.439347
209.474756
209.258511
208.889023
208.490787
208.171080
207.981429
207.903611
207.869424
207.878286
172.290407
172.167395
171.961195
171.790297
171.692498
171.674705
171.713604
171.762312
171.763453
171.671438
171.478001
171.226180
171.000527
170.895527
170.979825
171.274348
171.747683
172.323127
172.894875
173.353442
173.615898
173.650549
173.485645
173.197562
172.883135
172.625840
172.466463
172.392603
172.353410
172.353465
139.135193
139.040128
138.879617
138.745830
138.667668
138.650642
138.676720
138.709649
138.705642
138.630642
138.479403
138.285551
138.113927
138.036907
138.107380
138.341592
138.714964
139.167488
139.616681
139.977546
140.185863
140.216985
140.092399
139.870666
139.626166
139.423083
139.293215
139.228127
139.190097
139.185853
108.041789
107.970335
107.849032
107.747514
107.687286
107.672564
107.689799
107.711775
107.705929
107.647349
107.532737
107.387559
107.260256
107.204833
107.260913
107.440716
107.725599
108.070078
108.411787
108.686656
108.846357
108.872283
108.780370
108.614335
108.429786
108.274757
108.173306
108.119759
108.086679
108.080997
78.768043
78.717137
78.630381
78.557572
78.513903
78.502404
78.513432
78.527631
78.521995
78.479132
78.397022
78.293903
78.204125
78.165952
78.207529
78.337554
78.542662
78.790264
79.035760
79.233421
79.348797
79.368589
79.304036
79.186115
79.054273
78.942615
78.868364
78.827818
78.801913
78.796567
51.112194
51.079657
51.024061
50.977320
50.949084
50.941300
50.947811
50.956260
50.952030
50.924157
50.871487
50.805717
50.748734
50.724902
50.752172
50.836097
50.968098
51.127273
51.285046
51.412158
51.486580
51.499796
51.458938
51.383733
51.299318
51.227440
51.179143
51.152207
51.134651
51.130680
24.904331
24.888608
24.861705
24.839065
24.825334
24.821456
24.824456
24.828369
24.826156
24.812559
24.787060
24.755318
24.727893
24.716531
24.729896
24.770668
24.834694
24.911853
24.988319
25.049946
25.086090
25.092629
25.072995
25.036702
24.995874
24.961006
24.937443
24.924153
24.915400
24.913332
0.000000
0.000000
0.000000
0.000000
0.000000
0.000000
0.000000
0.000000
0.000000
0.000000
0.000000
0.000000
0.000000
0.000000
0.000000
0.000000
0.000000
0.000000
0.000000
0.000000
0.000000
0.000000
0.000000
0.000000
0.000000
0.000000
0.000000
0.000000
0.000000
0.000000
