1500.000000
1200.000000
1000.000000
1200.000000
1350.000000
1230.000000
1150.000000
1200.000000
1360.000000
1450.000000
1500.000000
1300.000000
1000.000000
1100.000000
1240.000000
1200.000000
1150.000000
1200.000000
1350.000000
1400.000000
1500.000000
1423.000000
1223.000000
1423.000000
1112.000000
1000.000000
1200.000000
1234.000000
1403.000000
1450.000000
838.284456
819.166041
802.840359
806.131802
812.566579
810.625498
810.261751
818.206727
831.744405
839.905909
836.733256
817.328266
794.985368
791.064371
796.182428
799.346800
804.565394
816.990530
834.605115
847.858990
855.036132
848.873959
834.724086
827.057953
807.063011
797.613576
806.500793
818.348001
832.797028
841.165131
599.970705
596.414507
592.456336
591.282849
591.586535
591.948517
593.038590
595.435507
598.257124
599.455808
597.613117
592.736469
587.485802
585.080131
585.408306
587.312538
590.775735
595.909473
601.760744
606.421712
608.579175
607.335369
603.633247
599.352710
594.492332
591.913984
592.881260
595.693411
598.770532
600.858048
447.855159
446.684026
445.146636
444.308490
444.118839
444.319588
444.912872
445.845584
446.709876
446.859633
445.884795
443.956001
441.946304
440.832387
440.900029
442.007455
444.017771
446.704566
449.546236
451.804976
452.890055
452.536629
451.037828
449.017969
446.998099
445.799751
445.795113
446.585841
447.507234
448.188731
334.961882
334.432735
333.668058
333.153725
332.961813
333.038596
333.334959
333.750627
334.067530
334.014858
333.447778
332.485923
331.515347
330.963061
331.037306
331.742179
332.985429
334.580219
336.215928
337.514691
338.172840
338.069536
337.333684
336.266930
335.206895
334.513243
334.347243
334.568989
334.876854
335.133042
244.973706
244.690402
244.256910
243.935901
243.791171
243.813570
243.963835
244.164726
244.290664
244.208122
243.858156
243.317812
242.789147
242.496273
242.572063
243.039018
243.838989
244.843427
245.858941
246.666634
247.093430
247.072676
246.672114
246.059973
245.439831
245.002875
244.835364
244.876978
244.975754
245.078185
170.096801
169.934070
169.676389
169.476084
169.376468
169.378410
169.455840
169.557272
169.608630
169.538523
169.320695
169.003657
168.701332
168.540489
168.603321
168.908831
169.420809
170.055753
170.693055
171.201124
171.477337
171.482476
171.254789
170.892575
170.517942
170.240272
170.109702
170.097436
170.122018
170.163498
105.961276
105.870358
105.723535
105.606538
105.545186
105.541722
105.580676
105.631323
105.651971
105.604738
105.477601
105.298965
105.131666
105.045752
105.088635
105.272611
105.576588
105.950935
106.325279
106.624273
106.789660
106.799197
106.673958
106.469153
106.254067
106.089604
106.004094
105.983542
105.984842
106.001238
49.860843
49.820290
49.754163
49.700864
49.672195
49.669511
49.685743
49.706803
49.714074
49.691137
49.633237
49.553320
49.479218
49.441980
49.463026
49.548174
49.687829
49.859220
50.030316
50.167119
50.243459
50.249336
50.194073
50.102322
50.005144
49.929645
49.888548
49.876101
49.873671
49.879336
0.000000
0.000000
0.000000
0.000000
0.000000
0.000000
0.000000
0.000000
0.000000
0.000000
0.000000
0.000000
0.000000
0.000000
0.000000
0.000000
0.000000
0.000000
0.000000
0.000000
0.000000
0.000000
0.000000
0.000000
0.000000
0.000000
0.000000
0.000000
0.000000
0.000000
