1500.000000
1200.000000
1500.000000
1200.000000
1500.000000
1200.000000
1500.000000
1200.000000
1500.000000
1200.000000
1500.000000
1200.000000
1500.000000
1200.000000
1500.000000
1200.000000
1500.000000
1200.000000
1500.000000
1200.000000
1500.000000
1200.000000
1500.000000
1200.000000
1500.000000
1200.000000
1500.000000
1200.000000
1500.000000
1200.000000
136.734381
136.594756
136.702252
136.613514
136.717590
136.626282
136.728403
136.635593
136.736554
136.642847
136.743115
136.648878
136.748752
136.654235
136.753930
136.659326
136.759021
136.664504
136.764378
136.670141
136.770409
136.676701
136.777663
136.684853
136.786974
136.695666
136.799742
136.711004
136.818500
136.678875
102.477510
102.470665
102.468231
102.464122
102.465696
102.464008
102.467046
102.466237
102.469794
102.469283
102.473004
102.472578
102.476337
102.475924
102.479687
102.479274
102.483036
102.482623
102.486383
102.485956
102.489678
102.489167
102.492724
102.491914
102.494952
102.493264
102.494839
102.490729
102.488296
102.481451
85.120096
85.118262
85.115609
85.113669
85.112796
85.112327
85.112585
85.112952
85.113813
85.114609
85.115769
85.116770
85.118068
85.119157
85.120508
85.121622
85.122973
85.124062
85.125360
85.126361
85.127521
85.128317
85.129178
85.129545
85.129803
85.129334
85.128461
85.126521
85.123869
85.122034
73.492785
73.491779
73.489988
73.488623
73.487759
73.487301
73.487233
73.487430
73.487881
73.488478
73.489229
73.490047
73.490956
73.491882
73.492857
73.493815
73.494790
73.495716
73.496625
73.497443
73.498194
73.498791
73.499242
73.499440
73.499371
73.498913
73.498049
73.496684
73.494893
73.493887
64.751222
64.750528
64.749234
64.748196
64.747470
64.747047
64.746904
64.746995
64.747283
64.747723
64.748287
64.748936
64.749655
64.750413
64.751199
64.751991
64.752777
64.753535
64.754254
64.754903
64.755467
64.755907
64.756196
64.756286
64.756144
64.755720
64.754994
64.753956
64.752662
64.751968
57.747831
57.747305
57.746308
57.745483
57.744877
57.744499
57.744341
57.744377
57.744579
57.744917
57.745364
57.745894
57.746486
57.747119
57.747778
57.748443
57.749101
57.749734
57.750326
57.750856
57.751304
57.751641
57.751844
57.751880
57.751721
57.751344
57.750738
57.749912
57.748915
57.748389
51.906032
51.905611
51.904809
51.904132
51.903619
51.903286
51.903130
51.903137
51.903287
51.903557
51.903924
51.904367
51.904867
51.905406
51.905968
51.906537
51.907099
51.907638
51.908138
51.908582
51.908949
51.909218
51.909368
51.909375
51.909219
51.908886
51.908374
51.907696
51.906894
51.906474
46.895318
46.894971
46.894306
46.893737
46.893298
46.893004
46.892857
46.892849
46.892964
46.893185
46.893494
46.893871
46.894300
46.894766
46.895253
46.895747
46.896233
46.896699
46.897128
46.897506
46.897814
46.898035
46.898150
46.898142
46.897995
46.897702
46.897262
46.896693
46.896028
46.895681
42.508673
42.508380
42.507817
42.507331
42.506950
42.506691
42.506555
42.506539
42.506630
42.506815
42.507078
42.507404
42.507777
42.508184
42.508610
42.509042
42.509469
42.509875
42.510248
42.510574
42.510837
42.511022
42.511114
42.511097
42.510962
42.510702
42.510321
42.509835
42.509272
42.508979
38.607863
38.607612
38.607128
38.606707
38.606374
38.606144
38.606020
38.605999
38.606073
38.606231
38.606458
38.606742
38.607069
38.607427
38.607803
38.608185
38.608560
38.608918
38.609246
38.609530
38.609757
38.609914
38.609989
38.609968
38.609844
38.609613
38.609280
38.608860
38.608376
38.608125
35.096002
35.095784
35.095364
35.094997
35.094704
35.094499
35.094386
35.094363
35.094424
35.094559
35.094758
35.095007
35.095296
35.095613
35.095946
35.096285
35.096618
35.096935
35.097224
35.097473
35.097672
35.097807
35.097868
35.097846
35.097733
35.097527
35.097234
35.096867
35.096447
35.096229
31.902560
31.902369
31.902001
31.901678
31.901420
31.901236
31.901134
31.901110
31.901162
31.901279
31.901453
31.901674
31.901930
31.902211
31.902508
31.902810
31.903106
31.903387
31.903644
31.903864
31.904038
31.904156
31.904207
31.904184
31.904081
31.903898
31.903639
31.903316
31.902948
31.902758
28.974594
28.974427
28.974103
28.973818
28.973588
28.973424
28.973331
28.973308
28.973352
28.973454
28.973608
28.973803
28.974031
28.974282
28.974547
28.974816
28.975080
28.975331
28.975559
28.975754
28.975908
28.976010
28.976054
28.976031
28.975938
28.975774
28.975544
28.975259
28.974936
28.974768
26.271354
26.271206
26.270920
26.270668
26.270464
26.270317
26.270233
26.270211
26.270248
26.270338
26.270474
26.270648
26.270851
26.271074
26.271310
26.271551
26.271787
26.272011
26.272213
26.272387
26.272523
26.272613
26.272650
26.272628
26.272544
26.272398
26.272193
26.271941
26.271655
26.271507
23.760802
23.760672
23.760419
23.760195
23.760014
23.759883
23.759807
23.759786
23.759818
23.759897
23.760017
23.760172
23.760352
23.760552
23.760763
23.760977
23.761188
23.761388
23.761568
23.761722
23.761843
23.761922
23.761954
23.761933
23.761857
23.761726
23.761545
23.761321
23.761068
23.760938
21.417297
21.417181
21.416958
21.416759
21.416598
21.416482
21.416413
21.416394
21.416422
21.416491
21.416598
21.416735
21.416896
21.417073
21.417261
21.417452
21.417640
21.417818
21.417979
21.418116
21.418222
21.418292
21.418319
21.418300
21.418232
21.418115
21.417954
21.417756
21.417532
21.417417
19.219995
19.219893
19.219695
19.219520
19.219377
19.219274
19.219213
19.219195
19.219218
19.219280
19.219374
19.219495
19.219638
19.219796
19.219963
19.220133
19.220300
19.220458
19.220600
19.220722
19.220816
19.220877
19.220901
19.220883
19.220822
19.220718
19.220575
19.220400
19.220203
19.220101
17.151726
17.151636
17.151462
17.151307
17.151181
17.151089
17.151035
17.151019
17.151039
17.151093
17.151176
17.151283
17.151409
17.151549
17.151697
17.151847
17.151995
17.152135
17.152261
17.152368
17.152451
17.152505
17.152525
17.152509
17.152455
17.152363
17.152237
17.152082
17.151908
17.151818
15.198175
15.198096
15.197944
15.197808
15.197697
15.197617
15.197569
15.197554
15.197572
15.197619
15.197691
15.197785
15.197896
15.198019
15.198149
15.198282
15.198412
15.198535
15.198645
15.198739
15.198812
15.198859
15.198877
15.198862
15.198814
15.198733
15.198623
15.198487
15.198335
15.198256
13.347285
13.347217
13.347084
13.346966
13.346870
13.346799
13.346757
13.346744
13.346759
13.346800
13.346863
13.346945
13.347042
13.347149
13.347263
13.347379
13.347492
13.347599
13.347696
13.347778
13.347841
13.347882
13.347897
13.347884
13.347842
13.347772
13.347675
13.347557
13.347425
13.347356
11.588806
11.588747
11.588633
11.588531
11.588448
11.588387
11.588351
11.588339
11.588352
11.588387
11.588442
11.588512
11.588596
11.588689
11.588787
11.588887
11.588985
11.589077
11.589161
11.589232
11.589286
11.589321
11.589334
11.589323
11.589286
11.589225
11.589142
11.589040
11.588926
11.588867
9.913948
9.913898
9.913801
9.913715
9.913644
9.913592
9.913561
9.913551
9.913562
9.913592
9.913638
9.913698
9.913769
9.913848
9.913932
9.914017
9.914101
9.914179
9.914251
9.914311
9.914357
9.914387
9.914398
9.914388
9.914357
9.914305
9.914234
9.914147
9.914050
9.914000
8.315120
8.315078
8.314997
8.314925
8.314866
8.314823
8.314797
8.314788
8.314797
8.314822
8.314861
8.314911
8.314970
8.315036
8.315106
8.315177
8.315247
8.315313
8.315373
8.315423
8.315462
8.315486
8.315495
8.315487
8.315461
8.315418
8.315358
8.315286
8.315205
8.315163
6.785719
6.785685
6.785619
6.785560
6.785512
6.785477
6.785455
6.785449
6.785456
6.785476
6.785507
6.785548
6.785597
6.785650
6.785707
6.785765
6.785822
6.785876
6.785924
6.785965
6.785996
6.786016
6.786024
6.786017
6.785996
6.785960
6.785912
6.785853
6.785788
6.785754
5.319965
5.319938
5.319887
5.319841
5.319803
5.319776
5.319759
5.319754
5.319759
5.319775
5.319800
5.319832
5.319869
5.319911
5.319956
5.320001
5.320046
5.320088
5.320126
5.320158
5.320182
5.320198
5.320203
5.320198
5.320181
5.320154
5.320116
5.320070
5.320019
5.319992
3.912773
3.912754
3.912716
3.912683
3.912655
3.912635
3.912622
3.912618
3.912623
3.912634
3.912652
3.912676
3.912703
3.912734
3.912767
3.912800
3.912833
3.912864
3.912891
3.912915
3.912933
3.912944
3.912949
3.912945
3.912932
3.912912
3.912884
3.912851
3.912813
3.912794
2.559644
2.559632
2.559607
2.559585
2.559567
2.559554
2.559546
2.559543
2.559546
2.559553
2.559565
2.559580
2.559598
2.559619
2.559640
2.559662
2.559683
2.559703
2.559721
2.559737
2.559748
2.559756
2.559759
2.559756
2.559748
2.559735
2.559717
2.559695
2.559670
2.559657
1.256577
1.256571
1.256559
1.256548
1.256539
1.256533
1.256529
1.256528
1.256529
1.256532
1.256538
1.256546
1.256555
1.256565
1.256575
1.256586
1.256596
1.256606
1.256615
1.256623
1.256628
1.256632
1.256633
1.256632
1.256628
1.256622
1.256613
1.256602
1.256590
1.256584
0.000000
0.000000
0.000000
0.000000
0.000000
0.000000
0.000000
0.000000
0.000000
0.000000
0.000000
0.000000
0.000000
0.000000
0.000000
0.000000
0.000000
0.000000
0.000000
0.000000
0.000000
0.000000
0.000000
0.000000
0.000000
0.000000
0.000000
0.000000
0.000000
0.000000
