1500.000000
1500.000000
1500.000000
1500.000000
1500.000000
1500.000000
1500.000000
1500.000000
1500.000000
1500.000000
1500.000000
1500.000000
1500.000000
1500.000000
1500.000000
1500.000000
1500.000000
1500.000000
1500.000000
1500.000000
1500.000000
1500.000000
1500.000000
1500.000000
1500.000000
1500.000000
1500.000000
1500.000000
1500.000000
1500.000000
1335.790960
1335.587872
1335.177153
1334.778120
1334.387599
1334.009961
1333.660012
1333.364720
1333.162364
1333.097621
1333.212183
1333.533004
1334.062808
1334.777199
1335.628487
1336.552436
1337.474500
1338.315477
1338.999054
1339.463159
1339.673158
1339.630617
1339.371365
1338.952951
1338.438103
1337.881298
1337.321752
1336.782325
1336.272167
1336.017756
1210.443219
1210.090951
1209.376353
1208.676851
1207.982712
1207.297943
1206.646443
1206.076845
1205.662926
1205.495458
1205.662981
1206.225155
1207.190483
1208.511049
1210.094151
1211.818547
1213.545576
1215.125938
1216.410572
1217.273151
1217.641411
1217.520586
1216.989888
1216.171943
1215.194520
1214.162637
1213.146832
1212.184040
1211.284957
1210.838095
1109.062618
1108.598147
1107.652450
1106.718152
1105.775184
1104.822117
1103.886158
1103.033106
1102.372257
1102.047720
1102.208193
1102.958395
1104.315901
1106.204061
1108.480192
1110.967671
1113.470326
1115.773094
1117.649290
1118.894447
1119.386286
1119.135955
1118.283281
1117.035506
1115.596298
1114.121344
1112.705773
1111.391744
1110.183533
1109.585552
1023.940904
1023.392129
1022.270318
1021.150777
1019.999813
1018.805547
1017.592099
1016.436792
1015.483843
1014.939922
1015.032817
1015.930478
1017.662268
1020.110818
1023.072600
1026.316035
1029.596298
1032.638851
1035.131932
1036.770185
1037.359178
1036.917817
1035.672884
1033.944433
1032.025980
1030.123148
1028.347236
1026.735901
1025.279148
1024.561548
950.573862
949.963059
948.709335
947.444925
946.119958
944.707346
943.221037
941.742295
940.447364
939.614876
939.576145
940.588016
942.693564
945.713865
949.367575
953.369299
957.439492
961.255656
964.413666
966.475565
967.139996
966.434939
964.712176
962.441320
960.020110
957.700000
955.597182
953.734075
952.078960
951.267723
886.101829
885.447374
884.098563
882.723720
881.255046
879.645941
877.892554
876.070280
874.381000
873.183320
872.942360
874.040025
876.534208
880.151595
884.509321
889.271374
894.144174
898.776138
902.665893
905.201534
905.922795
904.867487
902.566647
899.685234
896.737619
894.011799
891.614274
889.540712
887.730910
886.848431
828.596041
827.913361
826.500755
825.045627
823.461321
821.678060
819.666346
817.483678
815.346688
813.698739
813.175110
814.333747
817.247686
821.500041
826.575510
832.094141
837.776760
843.270455
847.976628
851.058016
851.819808
850.309884
847.315412
843.751769
840.257633
837.141549
834.482434
832.237374
830.311918
829.377942
776.694172
775.996337
774.546792
773.038140
771.364735
769.430793
767.173477
764.618409
761.980777
759.788010
758.887639
760.085349
763.468933
768.406562
774.212453
780.474556
786.964767
793.366489
798.991877
802.717209
803.505121
801.413321
797.593364
793.274892
789.220384
785.734997
782.849245
780.470071
778.464277
777.496389
729.398326
728.696439
727.233090
725.694806
723.957582
721.897759
719.412090
716.478852
713.289716
710.447258
709.057873
710.275282
714.201033
719.887014
726.432827
733.413444
740.696594
748.049941
754.716051
759.215729
760.016987
757.186706
752.392235
747.248171
742.627986
738.800682
735.725332
733.248106
731.194058
730.207955
685.955699
685.259182
683.801944
682.255378
680.478428
678.318779
675.626756
672.317039
668.529562
664.921724
662.907265
664.127263
668.695515
675.206027
682.496089
690.156617
698.203286
706.545990
714.393412
719.837875
720.641181
716.878388
710.942732
704.907324
699.726693
695.591692
692.365732
689.825176
687.751982
686.761642
645.784379
645.101199
643.667155
642.131327
640.337517
638.105110
635.233464
631.557493
627.131206
622.631523
619.825269
621.032823
626.378322
633.802623
641.833988
650.120963
658.885155
668.245578
677.433727
684.043380
684.838792
679.901936
672.641072
665.657264
659.933686
655.532070
652.196053
649.625390
647.559332
646.577140
608.425254
607.762102
606.365816
604.857574
603.068447
600.791011
597.770978
593.748419
588.651943
583.123992
579.320095
580.502089
586.802262
595.241975
604.002133
612.846530
622.264381
632.657580
643.363383
651.420987
652.199821
645.787322
637.001272
629.024939
622.789632
618.169041
614.764546
612.195279
610.159918
609.196761
573.509718
572.872164
571.525944
570.060097
568.295751
566.001262
562.868165
558.528810
552.742966
546.042226
540.985311
542.130408
549.615592
559.182982
568.647294
577.964364
587.953392
599.376724
611.791778
621.657788
622.412531
614.147334
603.623109
594.627826
587.926834
583.140872
579.709868
577.171552
575.187815
574.253172
540.737335
540.129961
538.844098
537.433528
535.712503
533.428735
530.221391
525.605580
519.126811
511.103920
504.476357
505.574870
514.540873
525.355733
535.484618
545.174258
555.633212
568.061516
582.387188
594.518606
595.242830
584.653453
572.170054
562.152331
555.047217
550.154596
546.738764
544.258780
542.345051
541.447077
509.859997
509.286516
508.069493
506.725267
505.064439
502.818502
499.578492
494.737209
487.581245
478.087044
469.493445
470.537212
481.360645
493.545372
504.281277
514.228963
525.038322
538.418778
554.858613
569.832011
570.520297
557.017696
542.353792
531.338646
523.906685
518.970144
515.610180
513.213549
511.385765
510.531385
480.670425
480.133788
478.992471
477.723953
476.138452
473.956349
470.727154
465.721751
457.927373
446.820238
435.768663
436.750916
449.907823
463.580171
474.844432
484.922726
495.945897
510.192730
528.941433
547.480932
548.128780
530.978265
513.923278
501.969947
494.303759
489.388793
486.123734
483.832965
482.104729
481.299722
452.993669
452.496156
451.435976
450.250934
448.754095
446.660299
443.486341
438.387845
430.020580
417.176601
403.055878
403.971130
420.059472
435.322430
447.012155
457.082793
468.168056
483.157330
504.385453
527.396515
528.000276
506.287594
486.657043
473.864588
466.071123
461.244559
458.111152
455.946144
454.328848
453.577941
426.680707
426.224017
425.249124
424.153853
422.757188
420.774270
417.699890
412.587840
403.743359
389.070033
371.122541
371.966461
391.733151
408.661248
420.646460
430.562998
441.546206
457.111045
480.944385
509.554434
510.111221
482.701816
460.357932
446.870375
439.069209
434.397683
431.429822
429.407807
427.910773
427.217727
401.603556
401.188879
400.302302
399.301734
398.014941
396.163249
393.231649
388.192469
378.999373
362.453588
339.742741
340.512041
364.885262
383.506549
395.627838
405.238835
415.946878
431.873540
458.366086
493.973066
494.480686
459.971005
434.849761
420.860308
413.181222
408.729608
405.957851
404.093394
402.724016
402.091720
377.651485
377.279571
376.483348
375.581173
374.412174
372.709577
369.961774
365.086653
355.708300
337.319491
308.691083
309.383408
339.511062
359.783880
371.850941
381.003614
391.258605
407.283955
436.383046
480.713204
481.170081
437.829669
409.975564
395.729380
388.309199
384.139047
381.590233
379.895276
378.659171
378.089729
354.728038
354.399262
353.694570
352.893352
351.848351
350.310057
347.783881
343.166195
333.801101
313.700593
277.737069
278.350888
315.646136
337.429654
349.221133
357.765415
367.389526
383.200570
414.702764
469.879047
470.284153
415.987117
385.597241
371.392081
364.370828
360.538869
358.235843
356.719783
355.620955
355.115771
332.748682
332.463094
331.850364
331.151656
330.235229
328.873673
326.602857
322.335174
313.215460
291.673157
246.639734
247.174243
293.369179
316.386556
327.651754
335.444634
344.265470
359.501763
392.997666
461.620344
461.973136
394.117392
361.596493
347.780398
341.296817
337.853602
335.815047
334.484866
333.525858
333.085715
311.638910
311.396287
310.875309
310.279767
309.494966
308.319774
306.333168
302.503929
293.891161
271.360876
215.142373
215.597404
272.806034
296.598913
307.061983
313.971981
321.828324
336.088210
370.894329
456.135579
456.435931
371.848499
337.877018
324.842094
319.028680
316.017414
314.257796
313.118207
312.300261
311.925403
291.332718
291.132605
290.702622
290.210116
289.558589
288.576611
286.897568
283.587555
275.765237
252.940135
182.967195
183.343123
254.134962
278.007829
287.375215
293.286824
300.034526
312.886344
347.961760
453.676161
453.924312
348.750692
314.367955
302.539130
297.516848
294.972464
293.502087
292.555715
291.878924
291.569122
271.771350
271.613103
271.272897
270.882609
270.364735
269.580152
268.226103
265.504883
258.766700
236.646506
149.809785
150.107453
237.593158
260.545921
268.517947
273.335809
278.853532
289.853116
323.698510
454.551598
454.748098
324.323600
291.028654
280.846066
276.719018
274.667554
273.492712
272.740287
272.203740
271.958365
252.902279
252.785091
252.533059
252.243586
251.858611
251.273095
250.255356
248.177910
242.810738
222.782529
115.333281
115.553928
223.484544
244.131522
250.419128
254.071688
258.266143
266.982133
297.518424
459.135673
459.281332
297.981992
267.854813
259.748332
256.598711
255.057018
254.180240
253.620801
253.222728
253.040806
234.678348
234.601286
234.435508
234.244951
233.991131
233.604054
232.927869
231.531699
227.792198
211.726831
79.162160
79.307350
212.188913
228.662179
233.010006
235.452329
238.262556
244.311278
268.734817
467.873623
467.969472
269.039954
244.886115
239.240242
237.124006
236.099815
235.520180
235.151286
234.889184
234.769458
217.057063
217.019091
216.937392
216.843438
216.718180
216.526867
216.191687
215.494769
213.578238
203.944672
40.875550
40.947119
204.172487
214.007330
216.224482
217.439869
218.840023
221.931943
236.542861
481.290396
481.337644
236.693302
222.215468
219.322631
218.266427
217.758776
217.472288
217.290229
217.160984
217.101963
200.000000
200.000000
200.000000
200.000000
200.000000
200.000000
200.000000
200.000000
200.000000
200.000000
0.000000
0.000000
200.000000
200.000000
200.000000
200.000000
200.000000
200.000000
200.000000
500.000000
500.000000
200.000000
200.000000
200.000000
200.000000
200.000000
200.000000
200.000000
200.000000
200.000000
