1500.000000
1500.000000
1500.000000
1500.000000
1500.000000
1500.000000
1500.000000
1500.000000
1500.000000
1500.000000
1500.000000
1500.000000
1500.000000
1500.000000
1500.000000
1500.000000
1500.000000
1500.000000
1500.000000
1500.000000
1500.000000
1500.000000
1500.000000
1500.000000
1500.000000
1500.000000
1100.000000
1500.000000
1500.000000
1500.000000
1326.484784
1327.509491
1330.003934
1331.306462
1331.972932
1332.281335
1332.390234
1332.406793
1332.416179
1332.491298
1332.690859
1333.051514
1333.580355
1334.252850
1335.016648
1335.797412
1336.502960
1337.024834
1337.238019
1336.996906
1336.116677
1334.312311
1331.033103
1325.038072
1313.260434
1287.514563
1224.121049
1287.327822
1313.308680
1322.593894
1197.730534
1198.968157
1201.794307
1203.380046
1204.199640
1204.540638
1204.595602
1204.515887
1204.439205
1204.496574
1204.801562
1205.428386
1206.392183
1207.644846
1209.086605
1210.581094
1211.963787
1213.043797
1213.605884
1213.417106
1212.229605
1209.752464
1205.557657
1198.909260
1188.611154
1173.498204
1156.949316
1172.629648
1187.208369
1194.103252
1095.628950
1096.745385
1099.172361
1100.590626
1101.293648
1101.500029
1101.384867
1101.112193
1100.856403
1100.804485
1101.132670
1101.962040
1103.317722
1105.122855
1107.226746
1109.435825
1111.525562
1113.236761
1114.275661
1114.336389
1113.143642
1110.480360
1106.160463
1099.983691
1091.855778
1082.515116
1075.698748
1080.815830
1088.645940
1092.948700
1010.857375
1011.757801
1013.637189
1014.742093
1015.218557
1015.208854
1014.854319
1014.317008
1013.800790
1013.553378
1013.829737
1014.814305
1016.544148
1018.901695
1021.675283
1024.616318
1027.452090
1029.866012
1031.485203
1031.917446
1030.848109
1028.138169
1023.831207
1018.105769
1011.364480
1004.667922
1000.479505
1002.160284
1006.422701
1009.006516
938.238800
938.918801
940.283844
941.054945
941.274040
941.016399
940.384809
939.530398
938.681547
938.154274
938.305373
939.407450
941.511031
944.437014
947.896223
951.587057
955.203935
958.386251
960.676806
961.566636
960.664383
957.895198
953.521346
948.008777
941.998580
936.503363
933.110042
933.267176
935.508932
937.007441
874.638138
875.122824
876.052137
876.515892
876.483537
875.973451
875.047540
873.837581
872.589988
871.696575
871.645722
872.833979
875.326240
878.849037
883.012184
887.464672
891.889257
895.900688
898.952585
900.376321
899.646070
896.736406
892.146676
886.604902
880.895415
875.920301
872.736904
872.049999
873.055211
873.855097
818.013907
818.335194
818.910105
819.108030
818.846565
818.094814
816.871174
815.278170
813.570047
812.219287
811.882086
813.129782
816.041880
820.201365
825.086208
830.302796
835.550771
840.447868
844.357775
846.398470
845.828388
842.659627
837.682282
831.904234
826.221047
821.426222
818.241072
817.017260
817.218727
817.555114
766.959002
767.147636
767.440302
767.416380
766.954957
765.981169
764.466557
762.472512
760.245831
758.339302
757.619118
758.903094
762.284937
767.132716
772.754526
778.725996
784.800209
790.635154
795.511566
798.270650
797.842428
794.267543
788.720616
782.534022
776.701447
771.911905
768.648452
767.057208
766.714977
766.736032
720.459760
720.542877
720.614224
720.410112
719.780102
718.609213
716.818446
714.414421
711.615323
709.045753
707.828673
709.128732
713.052853
718.652841
725.022769
731.726549
738.615286
745.434710
751.401266
755.008412
754.702052
750.544604
744.237662
737.499051
731.405674
726.533503
723.172274
721.322946
720.605439
720.408832
677.760088
677.760802
677.661410
677.314808
676.547551
675.207744
673.162406
670.348646
666.928647
663.578910
661.727850
663.026360
667.593095
674.022002
681.145387
688.544286
696.219708
704.062640
711.260060
715.883051
715.679057
710.727029
703.460099
696.050292
689.629552
684.637295
681.186144
679.157852
678.181232
677.834264
638.280038
638.217728
637.989363
637.533666
636.659348
635.180739
632.908284
629.694631
625.612474
621.355309
618.702945
619.984549
625.328645
632.676044
640.550537
648.591850
657.008675
665.903724
674.490447
680.346184
680.226520
674.222729
665.785185
657.607339
650.826696
645.708749
642.189895
640.044577
638.893145
638.444049
601.564467
601.455257
601.132378
600.596816
599.643892
598.057605
595.590610
591.996987
587.221068
581.919684
578.259845
579.511247
585.810130
594.177818
602.791211
611.406247
620.500768
630.462607
640.613996
647.981467
647.929917
640.559436
630.730019
621.709932
614.564769
609.337139
605.780765
603.569438
602.306828
601.791328
567.249292
567.106541
566.717581
566.127536
565.122422
563.459864
560.835304
556.892149
551.403423
544.913218
539.990402
541.200181
548.684183
558.184498
567.512262
576.616319
586.305861
597.331091
609.236899
618.472817
618.475058
609.349521
597.898122
587.986286
580.496357
575.190479
571.631143
569.397136
568.072809
567.518052
535.038520
534.873258
534.441662
533.819032
532.785941
531.078199
528.336677
524.085200
517.880472
510.052192
503.548775
504.707229
513.672150
524.424893
534.427423
543.920257
554.103150
566.165644
580.025297
591.583095
591.626637
580.264992
566.956738
556.131688
548.338851
542.997450
539.471823
537.252542
535.905720
535.332737
504.688140
504.509442
504.054513
503.418055
502.378916
500.656216
497.841123
493.333298
486.428802
477.113524
468.634216
469.733211
480.555662
492.683185
503.302815
513.069637
523.625806
536.671673
552.686774
567.139705
567.213768
553.018860
537.621090
525.893654
517.860137
512.534132
509.079412
506.907351
505.569535
504.994820
475.994542
475.809843
475.347414
474.713070
473.687501
471.978731
469.135322
464.433548
456.868654
445.925072
434.978090
436.010923
449.166940
462.786926
473.944814
483.857845
494.650066
508.592417
526.955789
545.024920
545.120283
527.350527
509.643333
497.061413
488.868146
483.614105
480.266815
478.170168
476.866803
476.303386
448.786016
448.601367
448.144355
447.525545
446.530854
444.863145
442.037545
437.213903
429.054777
416.359350
402.333722
403.294990
419.382532
434.597871
446.190915
456.111498
466.987376
481.701161
502.581564
525.169573
525.278424
503.013680
482.804844
469.458342
461.203064
456.080945
452.875975
450.879039
449.630679
449.088864
422.916376
422.736665
422.295522
421.703414
420.754638
419.152988
416.391153
411.526229
402.869199
388.329825
370.468155
371.353627
391.119601
408.004715
419.902697
429.683967
440.478667
455.795919
479.317463
507.549239
507.665026
479.765692
456.910976
442.936434
434.731369
429.802438
426.772284
424.895739
423.718891
423.206793
398.260121
398.089251
397.672338
397.116085
396.226055
394.713031
392.059684
387.240917
378.215246
361.789229
339.155172
339.961670
364.334254
382.917076
394.960333
404.450415
414.990140
430.696062
456.911156
492.182345
492.299636
457.357813
431.787745
417.372214
409.341202
404.666074
401.840216
400.101367
399.009130
398.533075
374.708685
374.549729
374.163630
373.650596
372.830019
371.425514
368.923096
364.242653
355.012354
336.729551
308.169153
308.894435
339.021529
359.260276
371.258242
380.303916
390.410101
406.240548
435.095063
479.129822
479.244174
435.525646
407.280116
392.663645
384.938670
380.575476
377.979910
376.392891
375.395463
374.960299
352.167509
352.022836
351.672624
351.208582
350.466152
349.187222
346.874895
342.427086
333.191317
313.183475
277.279432
277.922085
315.216848
336.970562
348.701620
357.152387
366.646544
382.287561
413.576687
468.496068
468.603907
413.979512
383.251682
368.727750
361.444848
357.447548
355.104445
353.680430
352.785520
352.394858
330.553719
330.425106
330.114570
329.703891
329.046411
327.907178
325.819916
321.698202
312.689704
291.227142
246.244927
246.804267
292.998786
315.990504
327.203693
334.916113
343.625211
358.715440
392.028514
460.431064
460.529578
392.394380
359.585634
345.498678
338.793290
335.210167
333.137669
331.885080
331.098256
330.754673
309.794271
309.682990
309.414828
309.060653
308.493174
307.504810
305.672622
301.966289
293.447232
270.984169
214.808851
215.284826
272.493106
296.264345
306.683560
313.525737
321.287946
335.424867
370.077217
455.133542
455.220580
370.399097
336.186979
322.926059
316.927923
313.800309
312.012440
310.937173
310.262156
309.967358
289.824448
289.731350
289.507336
289.211730
288.737701
287.908475
286.355794
283.146428
275.400890
252.630889
182.693357
183.086461
253.878014
277.733137
287.064569
292.920592
299.591175
312.342314
347.291923
452.855166
452.929151
347.564684
312.986017
300.973465
295.801234
293.162511
291.669209
290.774856
290.213787
289.968744
270.586636
270.512217
270.333341
270.097439
269.718867
269.054261
267.799528
265.157458
258.479680
236.402850
149.594000
149.905191
237.390671
260.329466
268.273192
273.047313
278.504369
289.424789
323.171317
453.905704
453.965553
323.391468
289.943122
279.616861
275.372687
273.247599
272.054854
271.342942
270.896605
270.701673
252.029315
251.973773
251.840372
251.664510
251.382115
250.885001
249.940477
247.921402
242.598793
222.602581
115.173903
115.404530
223.334981
243.971650
250.238371
253.858657
258.008360
266.665972
297.129389
458.659189
458.704239
297.294848
267.054907
258.842906
255.607335
254.011648
253.121733
252.591960
252.259986
252.115007
234.106231
234.069515
233.981376
233.865210
233.678589
233.349447
232.721259
231.363366
227.653093
211.608717
79.057540
79.209279
212.090733
228.557236
232.891363
235.312514
238.093390
244.103833
268.479601
467.561103
467.591053
268.589487
244.361867
238.646993
236.474583
235.415119
234.826899
234.477366
234.258419
234.162804
216.775695
216.757549
216.714003
216.656615
216.564398
216.401577
216.090007
215.411920
213.509770
203.886532
40.824051
40.898843
204.124158
213.955672
216.166082
217.371052
218.756764
221.829853
236.417274
481.136629
481.151478
236.471724
221.957638
219.030909
217.947123
217.422155
217.131452
216.958892
216.850825
216.803633
200.000000
200.000000
200.000000
200.000000
200.000000
200.000000
200.000000
200.000000
200.000000
200.000000
0.000000
0.000000
200.000000
200.000000
200.000000
200.000000
200.000000
200.000000
200.000000
500.000000
500.000000
200.000000
200.000000
200.000000
200.000000
200.000000
200.000000
200.000000
200.000000
200.000000
