1500.000000
1000.000000
550.000000
1000.000000
5500.000000
1000.000000
550.000000
1000.000000
5500.000000
1000.000000
550.000000
1000.000000
5500.000000
1000.000000
550.000000
1000.000000
5500.000000
1000.000000
550.000000
1000.000000
5500.000000
1000.000000
550.000000
1000.000000
5500.000000
1000.000000
550.000000
1000.000000
5500.000000
1000.000000
195.671382
195.292055
195.169939
196.775722
199.586526
197.827756
197.306472
198.580988
201.111996
199.112860
198.381638
199.469777
201.832621
199.679272
198.804304
199.756235
201.987856
199.705959
198.702943
199.525166
201.623193
199.201402
198.049471
198.710585
200.631475
198.011783
196.635175
197.037053
198.653862
196.560872
147.892719
147.903619
147.959879
148.173548
148.440452
148.556311
148.694840
148.921615
149.160057
149.222579
149.293083
149.443375
149.600657
149.579604
149.565415
149.630587
149.702640
149.596342
149.496874
149.476691
149.463332
149.271739
149.087549
148.984139
148.890703
148.625011
148.377386
148.228877
148.121211
147.985403
123.088019
123.106000
123.145497
123.230004
123.337944
123.442598
123.552623
123.672097
123.786589
123.876353
123.955838
124.033602
124.098553
124.133380
124.154285
124.171088
124.173616
124.145261
124.102810
124.056649
123.997233
123.908744
123.809037
123.709967
123.604045
123.478293
123.354438
123.249481
123.162468
123.111396
106.369549
106.383493
106.411470
106.463067
106.530911
106.606550
106.687348
106.770805
106.851329
106.923443
106.987675
107.044417
107.090532
107.122535
107.142548
107.152226
107.149450
107.131591
107.101534
107.061682
107.010716
106.946935
106.874357
106.796808
106.714764
106.628771
106.545577
106.472169
106.412356
106.380449
93.765692
93.776477
93.797636
93.834847
93.884414
93.941943
94.004280
94.068511
94.131192
94.189292
94.241506
94.286854
94.323698
94.350600
94.367616
94.374916
94.371843
94.357823
94.333709
94.300455
94.258229
94.207379
94.149824
94.087785
94.022930
93.957348
93.894912
93.839870
93.795721
93.772600
83.652106
83.660732
83.677538
83.706554
83.745441
83.791304
83.841476
83.893410
83.944525
83.992575
84.036045
84.073741
84.104453
84.127219
84.141680
84.147666
84.144873
84.133162
84.112948
84.084827
84.049291
84.007070
83.959551
83.908434
83.855464
83.802746
83.753110
83.709629
83.675119
83.657151
75.207428
75.214533
75.228345
75.251990
75.283786
75.321588
75.363212
75.406508
75.449385
75.490001
75.526925
75.558997
75.585198
75.604739
75.617177
75.622256
75.619784
75.609738
75.592406
75.568256
75.537844
75.501949
75.461735
75.418635
75.374259
75.330495
75.289609
75.254007
75.225952
75.211387
67.959046
67.965030
67.976656
67.996472
68.023174
68.055072
68.090356
68.127206
68.163867
68.198768
68.230613
68.258332
68.281026
68.298006
68.308826
68.313217
68.311030
68.302280
68.287202
68.266202
68.239826
68.208822
68.174210
68.137245
68.099368
68.062240
68.027748
67.997859
67.974427
67.962284
61.610175
61.615299
61.625254
61.642181
61.665020
61.692390
61.722766
61.754593
61.786368
61.816725
61.844501
61.868726
61.888596
61.903491
61.912989
61.916830
61.914888
61.907190
61.893941
61.875506
61.852399
61.825314
61.795164
61.763060
61.730286
61.698300
61.668711
61.643167
61.623217
61.612893
55.962272
55.966714
55.975346
55.989998
56.009789
56.033558
56.060006
56.087788
56.115598
56.142239
56.166670
56.188012
56.205543
56.218703
56.227098
56.230485
56.228753
56.221933
56.210208
56.193911
56.173516
56.149663
56.123169
56.095028
56.066384
56.038521
56.012829
55.990717
55.973498
55.964596
50.875991
50.879876
50.887428
50.900233
50.917542
50.938365
50.961580
50.986016
51.010529
51.034060
51.055678
51.074589
51.090142
51.101827
51.109285
51.112289
51.110740
51.104668
51.094240
51.079760
51.061663
51.040531
51.017106
50.992273
50.967056
50.942590
50.920088
50.900768
50.885756
50.878002
46.249777
46.253197
46.259846
46.271112
46.286350
46.304704
46.325198
46.346806
46.368519
46.389397
46.408606
46.425429
46.439278
46.449691
46.456338
46.459012
46.457623
46.452200
46.442896
46.429985
46.413868
46.395074
46.374271
46.352256
46.329942
46.308338
46.288508
46.271515
46.258336
46.251533
42.007335
42.010358
42.016238
42.026195
42.039667
42.055912
42.074073
42.093248
42.112542
42.131119
42.148231
42.163232
42.175591
42.184890
42.190827
42.193213
42.191966
42.187114
42.178796
42.167262
42.152877
42.136121
42.117597
42.098021
42.078210
42.059061
42.041515
42.026502
42.014875
42.008877
38.089894
38.092574
38.097787
38.106610
38.118553
38.132965
38.149094
38.166141
38.183314
38.199868
38.215130
38.228521
38.239561
38.247871
38.253178
38.255308
38.254190
38.249846
38.242405
38.232094
38.219242
38.204287
38.187771
38.170337
38.152717
38.135709
38.120145
38.106846
38.096559
38.091254
34.451224
34.453602
34.458228
34.466055
34.476653
34.489450
34.503783
34.518947
34.534237
34.548989
34.562601
34.574552
34.584410
34.591834
34.596575
34.598477
34.597474
34.593589
34.586936
34.577721
34.566244
34.552898
34.538172
34.522643
34.506965
34.491849
34.478032
34.466238
34.457123
34.452425
31.054302
31.056411
31.060514
31.067454
31.076855
31.088212
31.100941
31.114417
31.128016
31.141146
31.153270
31.163922
31.172711
31.179332
31.183562
31.185257
31.184360
31.180890
31.174952
31.166731
31.156496
31.144604
31.131491
31.117674
31.103737
31.090312
31.078052
31.067597
31.059524
31.055363
27.869022
27.870888
27.874521
27.880664
27.888986
27.899044
27.910324
27.922273
27.934340
27.945997
27.956768
27.966235
27.974050
27.979938
27.983700
27.985208
27.984407
27.981318
27.976033
27.968720
27.959620
27.949051
27.937404
27.925141
27.912781
27.900883
27.890027
27.880775
27.873636
27.869959
24.870571
24.872218
24.875422
24.880841
24.888182
24.897059
24.907018
24.917574
24.928239
24.938548
24.948077
24.956456
24.963376
24.968590
24.971922
24.973256
24.972546
24.969808
24.965125
24.958647
24.950590
24.941235
24.930933
24.920092
24.909171
24.898666
24.889087
24.880928
24.874636
24.871396
22.038260
22.039704
22.042517
22.047271
22.053714
22.061506
22.070252
22.079526
22.088900
22.097965
22.106347
22.113721
22.119811
22.124402
22.127335
22.128510
22.127883
22.125471
22.121347
22.115642
22.108550
22.100319
22.091257
22.081726
22.072130
22.062905
22.054497
22.047340
22.041823
22.038982
19.354654
19.355912
19.358362
19.362503
19.368115
19.374905
19.382528
19.390614
19.398791
19.406701
19.414018
19.420455
19.425774
19.429784
19.432346
19.433372
19.432824
19.430715
19.427112
19.422128
19.415934
19.408748
19.400839
19.392525
19.384157
19.376116
19.368790
19.362557
19.357754
19.355281
16.804926
16.806011
16.808124
16.811695
16.816535
16.822392
16.828969
16.835949
16.843008
16.849839
16.856159
16.861722
16.866318
16.869784
16.871999
16.872885
16.872410
16.870587
16.867471
16.863164
16.857810
16.851601
16.844771
16.837591
16.830368
16.823430
16.817112
16.811738
16.807598
16.805467
14.376363
14.377286
14.379084
14.382121
14.386239
14.391223
14.396820
14.402761
14.408772
14.414590
14.419975
14.424714
14.428631
14.431585
14.433472
14.434228
14.433823
14.432268
14.429612
14.425941
14.421378
14.416088
14.410269
14.404155
14.398006
14.392102
14.386726
14.382155
14.378634
14.376822
12.057978
12.058749
12.060250
12.062786
12.066225
12.070386
12.075062
12.080025
12.085047
12.089909
12.094410
12.098372
12.101647
12.104117
12.105695
12.106327
12.105988
12.104688
12.102466
12.099396
12.095581
12.091159
12.086295
12.081186
12.076049
12.071117
12.066629
12.062812
12.059874
12.058361
9.840217
9.840843
9.842064
9.844126
9.846922
9.850306
9.854109
9.858147
9.862233
9.866190
9.869853
9.873078
9.875744
9.877754
9.879039
9.879553
9.879277
9.878218
9.876410
9.873910
9.870804
9.867205
9.863247
9.859090
9.854911
9.850899
9.847249
9.844146
9.841757
9.840528
7.714713
7.715203
7.716157
7.717769
7.719955
7.722602
7.725576
7.728733
7.731929
7.735025
7.737890
7.740414
7.742500
7.744073
7.745079
7.745481
7.745265
7.744436
7.743020
7.741064
7.738634
7.735818
7.732721
7.729470
7.726201
7.723064
7.720210
7.717784
7.715917
7.714956
5.674104
5.674464
5.675164
5.676348
5.677952
5.679895
5.682078
5.684396
5.686743
5.689016
5.691120
5.692973
5.694506
5.695661
5.696400
5.696695
5.696536
5.695928
5.694888
5.693451
5.691666
5.689598
5.687324
5.684936
5.682536
5.680233
5.678138
5.676358
5.674988
5.674282
3.711874
3.712109
3.712567
3.713340
3.714388
3.715657
3.717084
3.718599
3.720132
3.721617
3.722993
3.724204
3.725205
3.725960
3.726443
3.726636
3.726532
3.726134
3.725455
3.724516
3.723349
3.721997
3.720511
3.718951
3.717383
3.715879
3.714510
3.713347
3.712452
3.711991
1.822231
1.822346
1.822571
1.822950
1.823464
1.824087
1.824787
1.825530
1.826282
1.827011
1.827685
1.828280
1.828771
1.829142
1.829378
1.829473
1.829422
1.829227
1.828893
1.828433
1.827860
1.827197
1.826468
1.825703
1.824933
1.824195
1.823524
1.822953
1.822514
1.822288
0.000000
0.000000
0.000000
0.000000
0.000000
0.000000
0.000000
0.000000
0.000000
0.000000
0.000000
0.000000
0.000000
0.000000
0.000000
0.000000
0.000000
0.000000
0.000000
0.000000
0.000000
0.000000
0.000000
0.000000
0.000000
0.000000
0.000000
0.000000
0.000000
0.000000
