1500.000000
1200.000000
1000.000000
700.000000
900.000000
850.000000
1150.000000
1200.000000
1500.000000
1450.000000
1500.000000
1300.000000
1000.000000
800.000000
950.000000
750.000000
800.000000
1000.000000
1150.000000
1200.000000
1300.000000
1400.000000
1500.000000
1300.000000
1200.000000
1250.000000
1300.000000
1350.000000
1400.000000
1450.000000
397.168964
394.614732
390.822981
387.812062
386.888136
387.074042
388.636420
390.237308
391.731063
391.773990
390.620441
387.989267
384.717974
382.087229
380.929555
380.475340
381.650035
384.258452
387.453346
390.648089
393.728521
396.335646
398.089369
398.570959
398.734271
399.047590
399.279846
399.204095
398.585513
398.396420
322.771783
322.187939
321.161607
320.279061
319.679614
319.358571
319.262143
319.247677
319.184661
318.939587
318.479588
317.838888
317.153530
316.607346
316.344532
316.417375
316.873297
317.672998
318.702003
319.830951
320.947601
321.946400
322.743956
323.301015
323.658104
323.852168
323.879970
323.720685
323.352959
323.175304
284.750003
284.466509
283.942618
283.453711
283.048459
282.740265
282.513355
282.328337
282.140932
281.915123
281.641185
281.338847
281.056366
280.855624
280.790822
280.894289
281.177195
281.622115
282.186351
282.814367
283.448878
284.037022
284.537007
284.923908
285.191312
285.339680
285.368168
285.275634
285.065179
284.957744
259.176687
258.994332
258.650204
258.312397
258.006862
257.744812
257.523022
257.327592
257.141421
256.951745
256.757005
256.569302
256.412813
256.317400
256.309979
256.407674
256.614751
256.920717
257.301978
257.726668
258.160094
258.569287
258.926884
259.213753
259.419316
259.538736
259.570402
259.515715
259.380455
259.310102
239.908535
239.774724
239.519450
239.260673
239.015313
238.792529
238.593469
238.413366
238.245449
238.085206
237.933924
237.800089
237.698336
237.646039
237.658768
237.746310
237.910294
238.143217
238.429374
238.747413
239.073539
239.384565
239.660465
239.886058
240.051433
240.151148
240.183318
240.149403
240.054626
240.004916
224.451939
224.346324
224.143557
223.933479
223.728460
223.536234
223.359626
223.197784
223.048494
222.910783
222.786998
222.683636
222.610649
222.579363
222.599706
222.677660
222.813580
223.001555
223.229981
223.483147
223.743346
223.993014
224.216552
224.401576
224.539414
224.624943
224.656238
224.634440
224.563838
224.526650
211.548523
211.461298
211.293154
211.116210
210.940179
210.771770
210.614455
210.469234
210.336117
210.215805
210.111024
210.027040
209.971162
209.951358
209.974401
210.044122
210.160200
210.317710
210.507499
210.717278
210.933125
211.141056
211.328406
211.484826
211.602783
211.677630
211.707495
211.693198
211.638207
211.609176
200.474741
200.400461
200.256877
200.104007
199.949845
199.800328
199.659136
199.528190
199.408649
199.302052
199.211218
199.140576
199.095793
199.082789
199.106420
199.169211
199.270471
199.405947
199.568099
199.746903
199.930971
200.108771
200.269712
200.404967
200.507945
200.574460
200.602728
200.593305
200.549012
200.525600
190.776384
190.711721
190.586483
190.451936
190.314878
190.180641
190.052915
189.934079
189.825903
189.730348
189.650200
189.589282
189.552167
189.543436
189.566703
189.623662
189.713412
189.832194
189.973607
190.129215
190.289437
190.444508
190.585369
190.704361
190.795664
190.855498
190.882171
190.876041
190.839424
190.820057
182.149667
182.092438
181.981439
181.861329
181.738027
181.616375
181.499979
181.391436
181.292834
181.206342
181.134652
181.081131
181.049578
181.043657
181.066134
181.118150
181.198688
181.304375
181.429649
181.567250
181.708936
181.846270
181.971366
182.077486
182.159438
182.213791
182.238944
182.235108
182.204205
182.187855
174.381412
174.330107
174.230491
174.122065
174.010076
173.898958
173.792189
173.692451
173.601993
173.523063
173.458242
173.410535
173.383177
173.379167
173.400678
173.448467
173.521460
173.616592
173.728948
173.852168
173.979038
174.102154
174.214552
174.310234
174.384528
174.434301
174.458039
174.455840
174.429318
174.415285
167.316282
167.269815
167.179514
167.080749
166.978233
166.876054
166.777550
166.685408
166.601943
166.529416
166.470289
166.427275
166.403177
166.400505
166.420996
166.465138
166.531833
166.618271
166.720049
166.831519
166.946278
167.057746
167.159701
167.246750
167.314656
167.360541
167.382973
167.381965
167.358885
167.346674
160.837594
160.795154
160.712624
160.621987
160.527524
160.433027
160.341685
160.256152
160.178749
160.111714
160.057386
160.018241
159.996743
159.995028
160.014507
160.055475
160.116830
160.195977
160.288933
160.390619
160.495295
160.597044
160.690260
160.770050
160.832544
160.875085
160.896317
160.896188
160.875870
160.865121
154.855478
154.816446
154.740500
154.656803
154.569274
154.481448
154.396370
154.316632
154.244531
154.182258
154.132034
154.096136
154.076754
154.075736
154.094242
154.132424
154.189191
154.262134
154.347615
154.441028
154.537175
154.630694
154.716487
154.790086
154.847934
154.887567
154.907698
154.908226
154.890161
154.880607
149.299248
149.263138
149.192847
149.115149
149.033656
148.951679
148.872122
148.797506
148.730080
148.671975
148.625304
148.592170
148.574544
148.574040
148.591624
148.627343
148.680125
148.747720
148.826784
148.913107
149.001946
149.088403
149.167812
149.236066
149.289881
149.326959
149.346079
149.347101
149.330903
149.322339
144.112303
144.078729
144.013351
143.940893
143.864705
143.787899
143.713247
143.643187
143.579914
143.525490
143.481927
143.451177
143.435029
143.434908
143.451627
143.485152
143.534437
143.597374
143.670867
143.751044
143.833548
143.913877
143.987735
144.051329
144.101606
144.136421
144.154610
144.156006
144.141376
144.133643
139.248623
139.217272
139.156204
139.088365
139.016879
138.944680
138.874413
138.808434
138.748874
138.697726
138.656904
138.628233
138.613346
138.613513
138.629423
138.660984
138.707175
138.766014
138.834623
138.909420
138.986377
139.061338
139.130324
139.189813
139.236963
139.269758
139.287089
139.288767
139.275469
139.268440
134.670283
134.640898
134.583643
134.519910
134.452623
134.384554
134.318232
134.255929
134.199709
134.151496
134.113114
134.086273
134.072474
134.072858
134.088015
134.117804
134.161238
134.216443
134.280733
134.350777
134.422838
134.493054
134.557727
134.613574
134.657936
134.688915
134.705453
134.707344
134.695188
134.688765
130.345661
130.318027
130.264173
130.204115
130.140602
130.076260
130.013507
129.954533
129.901335
129.855768
129.819572
129.794355
129.781504
129.782053
129.796507
129.824692
129.865650
129.917610
129.978052
130.043866
130.111568
130.177559
130.238386
130.290978
130.332838
130.362175
130.377978
130.380030
130.368862
130.362963
126.248116
126.222054
126.171252
126.114505
126.054404
125.993443
125.933934
125.877990
125.827540
125.784372
125.750147
125.726382
125.714366
125.715039
125.728837
125.755563
125.794286
125.843327
125.900316
125.962340
126.026137
126.088341
126.145715
126.195378
126.234978
126.262822
126.277943
126.280113
126.269807
126.264365
122.354991
122.330348
122.282303
122.228557
122.171558
122.113677
122.057133
122.003960
121.956020
121.915037
121.882599
121.860142
121.848866
121.849632
121.862819
121.888210
121.924904
121.971305
122.025178
122.083784
122.144061
122.202847
122.257103
122.304115
122.341665
122.368145
122.382629
122.384885
122.375337
122.370297
118.646861
118.623505
118.577965
118.526951
118.472785
118.417727
118.363903
118.313272
118.267636
118.228653
118.197845
118.176571
118.165956
118.166791
118.179408
118.203573
118.238416
118.282416
118.333462
118.388968
118.446053
118.501740
118.553164
118.597765
118.633443
118.658671
118.672562
118.674877
118.666001
118.661316
115.106942
115.084761
115.041506
114.992993
114.941426
114.888963
114.837644
114.789358
114.745844
114.708699
114.679383
114.659186
114.649166
114.650052
114.662134
114.685170
114.718316
114.760124
114.808590
114.861271
114.915448
114.968310
115.017150
115.059546
115.093509
115.117584
115.130918
115.133272
115.124993
115.120625
111.720635
111.699531
111.658371
111.612157
111.562984
111.512916
111.463913
111.417796
111.376243
111.340795
111.312852
111.293641
111.284158
111.285080
111.296661
111.318652
111.350237
111.390033
111.436135
111.486231
111.537745
111.588019
111.634491
111.674864
111.707247
111.730255
111.743067
111.745444
111.737699
111.733614
108.475163
108.455050
108.415819
108.371725
108.324766
108.276918
108.230064
108.185959
108.146226
108.112350
108.085673
108.067368
108.058374
108.059320
108.070431
108.091453
108.121596
108.159537
108.203465
108.251183
108.300250
108.348145
108.392436
108.430943
108.461867
108.483884
108.496206
108.498592
108.491328
108.487497
105.359278
105.340082
105.302633
105.260503
105.215599
105.169813
105.124958
105.082727
105.044687
105.012271
104.986769
104.969300
104.960752
104.961713
104.972382
104.992502
105.021309
105.057535
105.099454
105.144978
105.191786
105.237483
105.279761
105.316542
105.346112
105.367206
105.379066
105.381451
105.374622
105.371021
102.363030
102.344682
102.308887
102.268581
102.225590
102.181727
102.138738
102.098257
102.061797
102.030742
102.006333
101.989637
101.981499
101.982467
101.992720
102.011998
102.039562
102.074196
102.114254
102.157745
102.202461
102.246123
102.286533
102.321712
102.350023
102.370255
102.381677
102.384053
102.377618
102.374226
99.477570
99.460012
99.425755
99.387150
99.345944
99.303879
99.262636
99.223793
99.188813
99.159030
99.135639
99.119663
99.111902
99.112873
99.122733
99.141222
99.167626
99.200780
99.239107
99.280708
99.323480
99.365250
99.403922
99.437609
99.464744
99.484169
99.495178
99.497537
99.491462
99.488260
96.694997
96.678176
96.645354
96.608339
96.568804
96.528425
96.488821
96.451516
96.417924
96.389333
96.366895
96.351589
96.344177
96.345145
96.354634
96.372384
96.397704
96.429474
96.466186
96.506026
96.546986
96.586992
96.624043
96.656335
96.682371
96.701037
96.711655
96.713991
96.708244
96.705216
94.008226
93.992094
93.960615
93.925091
93.887125
93.848330
93.810267
93.774408
93.742122
93.714652
93.693108
93.678428
93.671341
93.672302
93.681439
93.698493
93.722797
93.753272
93.788474
93.826667
93.865933
93.904289
93.939823
93.970810
93.995813
94.013766
94.024011
94.026320
94.020875
94.018007
91.410879
91.395394
91.365175
91.331051
91.294561
91.257258
91.220648
91.186154
91.155099
91.128684
91.107980
91.093888
91.087103
91.088055
91.096858
91.113257
91.136604
91.165863
91.199649
91.236299
91.273977
91.310786
91.344897
91.374657
91.398690
91.415969
91.425860
91.428138
91.422972
91.420250
88.897195
88.882318
88.853284
88.820479
88.785382
88.749487
88.714250
88.681045
88.651152
88.625735
88.605822
88.592283
88.585779
88.586720
88.595206
88.610986
88.633432
88.661547
88.694001
88.729201
88.765386
88.800742
88.833515
88.862120
88.885237
88.901879
88.911433
88.913678
88.908767
88.906182
86.461951
86.447647
86.419731
86.388170
86.354389
86.319828
86.285889
86.253906
86.225114
86.200639
86.181474
86.168455
86.162216
86.163144
86.171328
86.186522
86.208118
86.235154
86.266352
86.300185
86.334965
86.368951
86.400462
86.427978
86.450230
86.466268
86.475500
86.477709
86.473037
86.470577
84.100399
84.086637
84.059777
84.029394
83.996859
83.963561
83.930855
83.900029
83.872282
83.848700
83.830244
83.817716
83.811725
83.812638
83.820535
83.835173
83.855964
83.881980
83.911994
83.944536
83.977989
84.010682
84.041002
84.067487
84.088920
84.104385
84.113309
84.115480
84.111029
84.108686
81.808210
81.794961
81.769101
81.739834
81.708481
81.676382
81.644848
81.615123
81.588368
81.565634
81.547850
81.535788
81.530030
81.530927
81.538550
81.552660
81.572688
81.597738
81.626630
81.657952
81.690150
81.721619
81.750810
81.776320
81.796975
81.811895
81.820525
81.822656
81.818411
81.816176
79.581426
79.568663
79.543751
79.515544
79.485315
79.454357
79.423937
79.395260
79.369450
79.347524
79.330377
79.318756
79.313219
79.314099
79.321461
79.335069
79.354371
79.378505
79.406333
79.436498
79.467506
79.497815
79.525936
79.550519
79.570436
79.584836
79.593184
79.595275
79.591222
79.589089
77.416416
77.404115
77.380104
77.352906
77.323747
77.293876
77.264519
77.236841
77.211931
77.190774
77.174235
77.163033
77.157705
77.158567
77.165678
77.178808
77.197420
77.220684
77.247501
77.276567
77.306445
77.335652
77.362756
77.386459
77.405672
77.419576
77.427653
77.429703
77.425830
77.423791
75.309844
75.297983
75.274830
75.248593
75.220455
75.191622
75.163279
75.136556
75.112506
75.092083
75.076123
75.065320
75.060190
75.061034
75.067905
75.080578
75.098533
75.120967
75.146822
75.174843
75.203646
75.231805
75.257941
75.280804
75.299346
75.312777
75.320594
75.322602
75.318897
75.316948
73.258640
73.247198
73.224863
73.199543
73.172380
73.144539
73.117166
73.091356
73.068128
73.048407
73.033000
73.022578
73.017635
73.018460
73.025102
73.037338
73.054665
73.076308
73.101247
73.128272
73.156050
73.183210
73.208423
73.230485
73.248386
73.261363
73.268931
73.270896
73.267349
73.265484
71.259966
71.248925
71.227371
71.202927
71.176696
71.149805
71.123361
71.098426
71.075985
71.056935
71.042058
71.031999
71.027234
71.028041
71.034462
71.046280
71.063007
71.083895
71.107958
71.134032
71.160833
71.187039
71.211370
71.232667
71.249956
71.262498
71.269824
71.271747
71.268350
71.266563
69.311198
69.300540
69.279733
69.256129
69.230791
69.204810
69.179257
69.155160
69.133475
69.115069
69.100698
69.090986
69.086392
69.087180
69.093389
69.104806
69.120959
69.141123
69.164350
69.189515
69.215381
69.240675
69.264164
69.284728
69.301429
69.313554
69.320649
69.322528
69.319272
69.317559
67.409904
67.399613
67.379522
67.356722
67.332241
67.307133
67.282436
67.259144
67.238184
67.220396
67.206511
67.197132
67.192700
67.193470
67.199474
67.210507
67.226109
67.245581
67.268007
67.292302
67.317273
67.341694
67.364375
67.384238
67.400375
67.412099
67.418970
67.420806
67.417683
67.416041
65.553826
65.543887
65.524482
65.502454
65.478797
65.454528
65.430653
65.408135
65.387872
65.370678
65.357260
65.348200
65.343924
65.344674
65.350482
65.361145
65.376219
65.395027
65.416684
65.440145
65.464259
65.487842
65.509749
65.528938
65.544534
65.555873
65.562527
65.564321
65.561323
65.559747
63.740863
63.731262
63.712516
63.691230
63.668364
63.644902
63.621819
63.600046
63.580454
63.563831
63.550862
63.542108
63.537981
63.538713
63.544331
63.554638
63.569204
63.587374
63.608294
63.630954
63.654245
63.677025
63.698188
63.716730
63.731806
63.742773
63.749217
63.750969
63.748091
63.746578
61.969057
61.959780
61.941668
61.921096
61.898992
61.876308
61.853987
61.832932
61.813987
61.797914
61.785377
61.776918
61.772934
61.773647
61.779082
61.789047
61.803124
61.820681
61.840891
61.862782
61.885281
61.907289
61.927737
61.945656
61.960231
61.970840
61.977082
61.978791
61.976027
61.974573
60.236580
60.227615
60.210113
60.190229
60.168859
60.146925
60.125340
60.104978
60.086656
60.071114
60.058993
60.050818
60.046971
60.047665
60.052924
60.062558
60.076165
60.093131
60.112659
60.133809
60.155547
60.176811
60.196571
60.213891
60.227983
60.238246
60.244292
60.245959
60.243302
60.241906
58.541723
58.533060
58.516145
58.496924
58.476263
58.455053
58.434178
58.414485
58.396765
58.381735
58.370016
58.362115
58.358399
58.359075
58.364163
58.373479
58.386631
58.403028
58.421899
58.442335
58.463340
58.483888
58.502985
58.519727
58.533352
58.543281
58.549137
58.550762
58.548208
58.546866
56.882887
56.874515
56.858167
56.839587
56.819610
56.799099
56.778910
56.759864
56.742726
56.728191
56.716860
56.709223
56.705634
56.706292
56.711214
56.720222
56.732936
56.748784
56.767020
56.786769
56.807067
56.826924
56.845380
56.861564
56.874740
56.884345
56.890017
56.891600
56.889145
56.887854
55.258573
55.250481
55.234682
55.216720
55.197404
55.177570
55.158045
55.139624
55.123050
55.108994
55.098037
55.090655
55.087189
55.087829
55.092591
55.101301
55.113591
55.128908
55.146533
55.165617
55.185232
55.204422
55.222261
55.237906
55.250646
55.259938
55.265430
55.266973
55.264611
55.263370
53.667372
53.659552
53.644282
53.626918
53.608243
53.589064
53.570181
53.552366
53.536338
53.522745
53.512152
53.505015
53.501667
53.502290
53.506896
53.515318
53.527199
53.542003
53.559036
53.577478
53.596434
53.614979
53.632220
53.647343
53.659662
53.668651
53.673970
53.675471
53.673199
53.672006
52.107962
52.100404
52.085646
52.068862
52.050807
52.032262
52.014003
51.996775
51.981275
51.968131
51.957889
51.950992
51.947758
51.948362
51.952818
51.960961
51.972445
51.986753
52.003213
52.021034
52.039352
52.057273
52.073936
52.088555
52.100465
52.109160
52.114310
52.115771
52.113585
52.112437
50.579095
50.571791
50.557530
50.541307
50.523853
50.505924
50.488269
50.471611
50.456623
50.443915
50.434014
50.427348
50.424224
50.424812
50.429121
50.436993
50.448093
50.461920
50.477825
50.495046
50.512745
50.530063
50.546166
50.560295
50.571810
50.580219
50.585204
50.586626
50.584522
50.583417
49.079599
49.072542
49.058762
49.043083
49.026213
49.008880
48.991812
48.975707
48.961217
48.948932
48.939362
48.932920
48.929903
48.930473
48.934640
48.942249
48.952977
48.966337
48.981705
48.998343
49.015444
49.032176
49.047736
49.061391
49.072522
49.080654
49.085478
49.086861
49.084836
49.083773
47.608366
47.601548
47.588235
47.573084
47.556780
47.540028
47.523530
47.507962
47.493956
47.482082
47.472832
47.466608
47.463694
47.464248
47.468277
47.475631
47.485996
47.498905
47.513751
47.529824
47.546343
47.562508
47.577542
47.590736
47.601494
47.609356
47.614025
47.615368
47.613420
47.612396
46.164350
46.157764
46.144904
46.130267
46.114513
46.098325
46.082381
46.067336
46.053800
46.042325
46.033388
46.027374
46.024561
46.025098
46.028992
46.036098
46.046112
46.058582
46.072922
46.088446
46.104402
46.120015
46.134537
46.147284
46.157680
46.165280
46.169796
46.171100
46.169225
46.168241
44.746562
44.740201
44.727782
44.713644
44.698426
44.682786
44.667381
44.652844
44.639766
44.628679
44.620045
44.614237
44.611521
44.612042
44.615806
44.622670
44.632343
44.644385
44.658234
44.673225
44.688632
44.703711
44.717735
44.730048
44.740090
44.747435
44.751803
44.753069
44.751265
44.750317
43.354065
43.347924
43.335933
43.322281
43.307583
43.292478
43.277598
43.263556
43.250923
43.240215
43.231877
43.226268
43.223647
43.224151
43.227787
43.234417
43.243757
43.255384
43.268755
43.283227
43.298103
43.312660
43.326201
43.338091
43.347790
43.354886
43.359109
43.360337
43.358601
43.357689
41.985973
41.980046
41.968472
41.955292
41.941102
41.926517
41.912149
41.898590
41.886391
41.876051
41.868000
41.862586
41.860057
41.860545
41.864057
41.870458
41.879474
41.890698
41.903602
41.917571
41.931928
41.945978
41.959049
41.970527
41.979892
41.986745
41.990826
41.992018
41.990347
41.989470
40.641446
40.635726
40.624558
40.611840
40.598144
40.584066
40.570197
40.557108
40.545332
40.535351
40.527581
40.522356
40.519916
40.520390
40.523780
40.529958
40.538659
40.549489
40.561940
40.575418
40.589270
40.602827
40.615439
40.626516
40.635555
40.642172
40.646114
40.647269
40.645662
40.644818
39.319684
39.314167
39.303395
39.291125
39.277912
39.264328
39.250946
39.238316
39.226953
39.217323
39.209826
39.204786
39.202433
39.202891
39.206163
39.212123
39.220517
39.230963
39.242973
39.255972
39.269332
39.282408
39.294574
39.305259
39.313981
39.320367
39.324174
39.325293
39.323747
39.322936
38.019929
38.014610
38.004224
37.992392
37.979650
37.966549
37.953642
37.941460
37.930500
37.921212
37.913982
37.909122
37.906854
37.907297
37.910453
37.916201
37.924295
37.934367
37.945946
37.958479
37.971359
37.983967
37.995697
38.006000
38.014411
38.020572
38.024246
38.025330
38.023844
38.023063
36.741461
36.736335
36.726325
36.714921
36.702638
36.690009
36.677566
36.665821
36.655256
36.646301
36.639332
36.634648
36.632463
36.632891
36.635934
36.641475
36.649276
36.658983
36.670142
36.682219
36.694632
36.706781
36.718086
36.728017
36.736126
36.742066
36.745611
36.746658
36.745230
36.744480
35.483593
35.478655
35.469013
35.458027
35.446193
35.434025
35.422035
35.410718
35.400537
35.391910
35.385195
35.380682
35.378578
35.378991
35.381924
35.387263
35.394778
35.404128
35.414876
35.426509
35.438465
35.450168
35.461058
35.470625
35.478437
35.484162
35.487580
35.488593
35.487220
35.486500
34.245671
34.240917
34.231634
34.221057
34.209662
34.197944
34.186398
34.175499
34.165695
34.157387
34.150921
34.146576
34.144551
34.144950
34.147774
34.152915
34.160150
34.169152
34.179500
34.190698
34.202208
34.213474
34.223959
34.233170
34.240693
34.246207
34.249500
34.250479
34.249161
34.248469
33.027072
33.022499
33.013567
33.003389
32.992423
32.981146
32.970034
32.959545
32.950109
32.942113
32.935891
32.931710
32.929762
32.930146
32.932865
32.937812
32.944774
32.953436
32.963391
32.974165
32.985239
32.996079
33.006166
33.015030
33.022269
33.027577
33.030749
33.031693
33.030428
33.029763
31.827203
31.822805
31.814217
31.804430
31.793885
31.783039
31.772352
31.762264
31.753188
31.745498
31.739514
31.735494
31.733621
31.733991
31.736606
31.741364
31.748059
31.756387
31.765959
31.776318
31.786965
31.797387
31.807087
31.815610
31.822573
31.827678
31.830730
31.831641
31.830427
31.829790
30.645496
30.641270
30.633019
30.623614
30.613480
30.603057
30.592786
30.583090
30.574368
30.566977
30.561227
30.557364
30.555564
30.555921
30.558435
30.563006
30.569439
30.577442
30.586639
30.596592
30.606821
30.616835
30.626154
30.634345
30.641036
30.645943
30.648878
30.649756
30.648592
30.647981
29.481409
29.477352
29.469430
29.460400
29.450669
29.440660
29.430796
29.421486
29.413109
29.406012
29.400490
29.396781
29.395054
29.395397
29.397811
29.402201
29.408378
29.416061
29.424890
29.434445
29.444266
29.453880
29.462828
29.470692
29.477117
29.481830
29.484650
29.485495
29.484379
29.483794
28.334424
28.330533
28.322933
28.314270
28.304935
28.295332
28.285868
28.276934
28.268897
28.262088
28.256790
28.253232
28.251575
28.251905
28.254221
28.258433
28.264358
28.271728
28.280198
28.289363
28.298784
28.308005
28.316589
28.324133
28.330298
28.334820
28.337527
28.338340
28.337272
28.336711
27.204046
27.200317
27.193034
27.184731
27.175782
27.166578
27.157506
27.148942
27.141238
27.134710
27.129632
27.126222
27.124635
27.124951
27.127172
27.131209
27.136888
27.143951
27.152068
27.160852
27.169880
27.178717
27.186943
27.194174
27.200083
27.204419
27.207015
27.207796
27.206774
27.206238
26.089801
26.086230
26.079257
26.071308
26.062739
26.053925
26.045238
26.037037
26.029660
26.023409
26.018547
26.015282
26.013762
26.014066
26.016192
26.020058
26.025495
26.032257
26.040028
26.048438
26.057081
26.065542
26.073418
26.080341
26.085999
26.090151
26.092638
26.093388
26.092411
26.091899
24.991234
24.987819
24.981151
24.973548
24.965352
24.956922
24.948612
24.940768
24.933711
24.927732
24.923081
24.919959
24.918506
24.918796
24.920830
24.924528
24.929728
24.936195
24.943627
24.951669
24.959934
24.968026
24.975558
24.982179
24.987591
24.991563
24.993943
24.994661
24.993729
24.993240
23.907910
23.904648
23.898279
23.891016
23.883187
23.875133
23.867194
23.859700
23.852958
23.847246
23.842803
23.839820
23.838432
23.838710
23.840654
23.844186
23.849153
23.855331
23.862429
23.870111
23.878005
23.885734
23.892929
23.899254
23.904424
23.908220
23.910494
23.911181
23.910292
23.909825
22.839412
22.836300
22.830224
22.823295
22.815826
22.808142
22.800568
22.793418
22.786985
22.781536
22.777297
22.774451
22.773127
22.773393
22.775247
22.778617
22.783356
22.789249
22.796020
22.803347
22.810878
22.818251
22.825114
22.831148
22.836081
22.839702
22.841873
22.842530
22.841683
22.841238
21.785339
21.782375
21.776587
21.769986
21.762871
21.755551
21.748335
21.741522
21.735394
21.730203
21.726164
21.723454
21.722193
21.722446
21.724213
21.727423
21.731937
21.737551
21.744000
21.750980
21.758153
21.765176
21.771714
21.777462
21.782161
21.785611
21.787680
21.788307
21.787501
21.787078
20.745306
20.742488
20.736983
20.730705
20.723938
20.716975
20.710111
20.703631
20.697802
20.692864
20.689023
20.686445
20.685246
20.685487
20.687168
20.690221
20.694514
20.699853
20.705987
20.712624
20.719446
20.726125
20.732343
20.737810
20.742280
20.745562
20.747531
20.748128
20.747362
20.746961
19.718945
19.716269
19.711043
19.705083
19.698658
19.692046
19.685529
19.679376
19.673841
19.669153
19.665506
19.663058
19.661920
19.662149
19.663745
19.666644
19.670720
19.675788
19.681612
19.687913
19.694390
19.700730
19.706634
19.711824
19.716068
19.719185
19.721055
19.721622
19.720897
19.720516
18.705901
18.703365
18.698413
18.692765
18.686676
18.680411
18.674235
18.668404
18.663158
18.658715
18.655259
18.652939
18.651861
18.652078
18.653591
18.656338
18.660201
18.665003
18.670521
18.676492
18.682629
18.688637
18.694230
18.699149
18.703171
18.706125
18.707897
18.708436
18.707749
18.707389
17.705832
17.703434
17.698752
17.693411
17.687653
17.681728
17.675888
17.670374
17.665414
17.661212
17.657943
17.655750
17.654731
17.654936
17.656366
17.658964
17.662617
17.667158
17.672375
17.678021
17.683823
17.689504
17.694793
17.699444
17.703247
17.706041
17.707717
17.708227
17.707579
17.707238
16.718409
16.716147
16.711731
16.706693
16.701261
16.695671
16.690161
16.684959
16.680280
16.676316
16.673233
16.671163
16.670202
16.670396
16.671745
16.674196
16.677641
16.681925
16.686847
16.692172
16.697645
16.703004
16.707993
16.712381
16.715968
16.718604
16.720186
16.720668
16.720057
16.719736
15.743317
15.741190
15.737034
15.732294
15.727184
15.721925
15.716740
15.711845
15.707442
15.703712
15.700812
15.698865
15.697960
15.698143
15.699413
15.701718
15.704960
15.708990
15.713621
15.718630
15.723780
15.728821
15.733515
15.737643
15.741019
15.743499
15.744988
15.745442
15.744867
15.744565
14.780252
14.778256
14.774359
14.769912
14.765118
14.760184
14.755321
14.750729
14.746598
14.743099
14.740378
14.738552
14.737703
14.737875
14.739066
14.741229
14.744270
14.748050
14.752394
14.757093
14.761923
14.766652
14.771055
14.774927
14.778094
14.780421
14.781818
14.782244
14.781706
14.781423
13.828921
13.827055
13.823410
13.819253
13.814771
13.810158
13.805611
13.801318
13.797455
13.794184
13.791640
13.789932
13.789139
13.789300
13.790413
13.792436
13.795279
13.798813
13.802873
13.807267
13.811782
13.816203
13.820320
13.823940
13.826901
13.829077
13.830383
13.830782
13.830279
13.830015
12.889039
12.887302
12.883908
12.880036
12.875861
12.871564
12.867329
12.863330
12.859733
12.856685
12.854316
12.852725
12.851987
12.852136
12.853174
12.855057
12.857705
12.860997
12.864779
12.868870
12.873076
12.877193
12.881027
12.884399
12.887157
12.889184
12.890401
12.890773
12.890304
12.890058
11.960337
11.958725
11.955578
11.951987
11.948115
11.944131
11.940203
11.936494
11.933158
11.930332
11.928134
11.926660
11.925975
11.926114
11.927076
11.928823
11.931278
11.934331
11.937837
11.941632
11.945531
11.949350
11.952905
11.956032
11.958590
11.960469
11.961598
11.961943
11.961509
11.961281
11.042549
11.041062
11.038158
11.034845
11.031272
11.027596
11.023971
11.020549
11.017470
11.014863
11.012835
11.011474
11.010842
11.010970
11.011858
11.013470
11.015735
11.018552
11.021788
11.025289
11.028887
11.032410
11.035691
11.038576
11.040936
11.042670
11.043712
11.044031
11.043631
11.043421
10.135423
10.134059
10.131395
10.128356
10.125078
10.121705
10.118380
10.115240
10.112416
10.110024
10.108164
10.106915
10.106335
10.106453
10.107268
10.108746
10.110825
10.113409
10.116377
10.119588
10.122889
10.126121
10.129130
10.131777
10.133942
10.135533
10.136490
10.136782
10.136415
10.136223
9.238713
9.237471
9.235044
9.232275
9.229289
9.226215
9.223186
9.220325
9.217752
9.215572
9.213877
9.212740
9.212212
9.212319
9.213061
9.214408
9.216302
9.218656
9.221360
9.224286
9.227293
9.230238
9.232980
9.235391
9.237364
9.238814
9.239685
9.239951
9.239617
9.239442
8.352184
8.351061
8.348868
8.346366
8.343667
8.340890
8.338152
8.335567
8.333242
8.331272
8.329740
8.328713
8.328235
8.328332
8.329003
8.330220
8.331932
8.334059
8.336502
8.339146
8.341864
8.344524
8.347002
8.349181
8.350964
8.352274
8.353061
8.353302
8.353000
8.352842
7.475606
7.474601
7.472639
7.470400
7.467986
7.465501
7.463051
7.460738
7.458658
7.456895
7.455525
7.454606
7.454178
7.454265
7.454865
7.455955
7.457486
7.459389
7.461575
7.463940
7.466372
7.468752
7.470969
7.472918
7.474513
7.475686
7.476390
7.476606
7.476336
7.476194
6.608758
6.607870
6.606136
6.604157
6.602023
6.599828
6.597663
6.595619
6.593780
6.592222
6.591011
6.590199
6.589821
6.589898
6.590428
6.591391
6.592744
6.594426
6.596358
6.598448
6.600597
6.602700
6.604659
6.606382
6.607792
6.608828
6.609451
6.609642
6.609403
6.609278
5.751426
5.750653
5.749145
5.747423
5.745567
5.743657
5.741773
5.739995
5.738395
5.737040
5.735986
5.735279
5.734951
5.735018
5.735479
5.736316
5.737494
5.738957
5.740638
5.742456
5.744326
5.746156
5.747860
5.749359
5.750586
5.751487
5.752029
5.752195
5.751987
5.751879
4.903404
4.902746
4.901460
4.899993
4.898410
4.896782
4.895176
4.893661
4.892297
4.891142
4.890244
4.889641
4.889361
4.889418
4.889812
4.890525
4.891529
4.892776
4.894209
4.895759
4.897352
4.898912
4.900364
4.901642
4.902687
4.903456
4.903918
4.904059
4.903883
4.903790
4.064492
4.063946
4.062880
4.061664
4.060353
4.059004
4.057673
4.056417
4.055287
4.054329
4.053585
4.053086
4.052854
4.052901
4.053227
4.053819
4.054650
4.055684
4.056871
4.058155
4.059476
4.060769
4.061972
4.063031
4.063898
4.064534
4.064917
4.065035
4.064888
4.064811
3.234495
3.234061
3.233213
3.232245
3.231202
3.230128
3.229070
3.228070
3.227171
3.226409
3.225817
3.225420
3.225235
3.225273
3.225532
3.226003
3.226664
3.227487
3.228431
3.229453
3.230504
3.231533
3.232490
3.233333
3.234022
3.234529
3.234833
3.234927
3.234810
3.234749
2.413226
2.412902
2.412270
2.411548
2.410770
2.409969
2.409179
2.408433
2.407763
2.407195
2.406753
2.406456
2.406319
2.406347
2.406540
2.406891
2.407385
2.407998
2.408703
2.409465
2.410249
2.411016
2.411731
2.412360
2.412874
2.413252
2.413479
2.413549
2.413462
2.413416
1.600504
1.600289
1.599870
1.599391
1.598875
1.598344
1.597820
1.597326
1.596881
1.596504
1.596211
1.596015
1.595923
1.595942
1.596070
1.596303
1.596630
1.597037
1.597505
1.598010
1.598530
1.599039
1.599513
1.599929
1.600270
1.600521
1.600672
1.600718
1.600660
1.600630
0.796152
0.796046
0.795837
0.795599
0.795342
0.795078
0.794817
0.794571
0.794350
0.794163
0.794017
0.793919
0.793874
0.793883
0.793947
0.794063
0.794225
0.794428
0.794660
0.794912
0.795170
0.795423
0.795659
0.795866
0.796036
0.796161
0.796236
0.796259
0.796230
0.796215
0.000000
0.000000
0.000000
0.000000
0.000000
0.000000
0.000000
0.000000
0.000000
0.000000
0.000000
0.000000
0.000000
0.000000
0.000000
0.000000
0.000000
0.000000
0.000000
0.000000
0.000000
0.000000
0.000000
0.000000
0.000000
0.000000
0.000000
0.000000
0.000000
0.000000
