1500.000000
1500.000000
1500.000000
1500.000000
1500.000000
1500.000000
1500.000000
1500.000000
1500.000000
1500.000000
1500.000000
1500.000000
1500.000000
1500.000000
1500.000000
1500.000000
1500.000000
1500.000000
1500.000000
1500.000000
1500.000000
1500.000000
1500.000000
1500.000000
1500.000000
1500.000000
1500.000000
1500.000000
1500.000000
1500.000000
1312.421098
1312.406797
1312.377933
1312.341579
1312.297554
1312.246185
1312.188604
1312.126997
1312.064712
1312.006113
1311.956124
1311.919519
1311.900090
1311.899939
1311.919053
1311.955312
1312.004894
1312.063000
1312.124671
1312.185505
1312.242105
1312.292232
1312.334692
1312.369092
1312.395552
1312.414442
1312.426186
1312.431123
1312.429429
1312.428587
1169.277488
1169.252610
1169.202250
1169.138383
1169.060341
1168.968323
1168.864002
1168.751099
1168.635701
1168.526083
1168.431842
1168.362448
1168.325508
1168.325255
1168.361671
1168.430484
1168.524044
1168.632836
1168.747202
1168.858802
1168.961465
1169.051372
1169.126737
1169.187237
1169.233415
1169.266182
1169.286456
1169.294931
1169.291955
1169.290481
1053.554291
1053.521366
1053.454477
1053.368925
1053.263214
1053.136932
1052.991712
1052.832244
1052.666989
1052.508096
1052.370164
1052.267899
1052.213263
1052.212944
1052.266917
1052.368447
1052.505519
1052.663362
1052.827306
1052.985110
1053.128205
1053.251768
1053.354008
1053.435156
1053.496515
1053.539734
1053.566324
1053.577371
1053.573391
1053.571430
956.438760
956.399694
956.320013
956.217144
956.088452
955.932451
955.750143
955.546613
955.332358
955.123516
954.940253
954.803358
954.729931
954.729570
954.802247
954.938310
955.120597
955.328247
955.541008
955.742637
955.922506
956.075370
956.200031
956.297741
956.370870
956.421971
956.453222
956.466123
956.461358
956.459021
872.778214
872.734535
872.645072
872.528434
872.380594
872.198550
871.982067
871.735988
871.472465
871.211775
870.980373
870.806166
870.712358
870.711972
870.804980
870.978298
871.208655
871.468067
871.729986
871.974016
872.187860
872.366493
872.509921
872.620865
872.703018
872.759958
872.794570
872.808769
872.803399
872.800780
799.299719
799.252697
799.155976
799.028602
798.864954
798.660115
798.411981
798.124430
797.810793
797.495639
797.212542
796.997738
796.881634
796.881237
796.996517
797.210404
797.492422
797.806254
798.118228
798.403650
798.649032
798.850297
799.009292
799.130616
799.219488
799.280585
799.317503
799.332557
799.326739
799.323915
733.794890
733.745605
733.643795
733.508354
733.331932
733.107332
732.829940
732.501839
732.136937
731.764227
731.425327
731.166177
731.025637
731.025238
731.164949
731.423175
731.760988
732.132365
732.495585
732.821526
733.096119
733.317067
733.488709
733.617887
733.711497
733.775336
733.813688
733.829240
733.823111
733.820150
674.703385
674.652764
674.547751
674.406636
674.220259
673.978839
673.674595
673.306880
672.889402
672.455684
672.056419
671.748784
671.581500
671.581105
671.747569
672.054291
672.452480
672.884875
673.300681
673.666248
673.967695
674.205453
674.387012
674.521772
674.618391
674.683770
674.722830
674.738586
674.732267
674.729226
620.881944
620.830789
620.724226
620.579602
620.385928
620.130594
619.802009
619.395726
618.924289
618.425825
617.961223
617.600603
617.404155
617.403770
617.599418
617.959146
618.422697
618.919867
619.389666
619.793838
620.119669
620.371384
620.560275
620.698551
620.796663
620.862553
620.901712
620.917431
620.911027
620.907959
571.467913
571.416916
571.310253
571.164082
570.965633
570.699293
570.349038
569.905428
569.378629
568.811424
568.276129
567.857673
567.629581
567.629210
567.856529
568.274123
568.808402
569.374355
569.899566
570.341127
570.688702
570.951508
571.145267
571.285178
571.383447
571.448970
571.487718
571.503202
571.496804
571.493751
525.794358
525.744117
525.638622
525.492689
525.291860
525.017436
524.648380
524.168941
523.585388
522.945210
522.333495
521.851991
521.589777
521.589421
521.850896
522.331576
522.942318
523.581295
524.163324
524.640792
525.007266
525.278274
525.474551
525.614382
525.711636
525.776040
525.813950
525.829037
525.822725
525.819723
483.335028
483.286055
483.182836
483.038752
482.837820
482.558251
482.173491
481.660036
481.018366
480.300757
479.606527
479.056368
478.757632
478.757295
479.055329
479.604705
480.298010
481.014477
481.654696
482.166272
482.548564
482.824861
483.021419
483.159611
483.254827
483.317474
483.354190
483.368748
483.362590
483.359670
443.667391
443.620122
443.520137
443.379353
443.180467
442.898705
442.501584
441.956300
441.255190
440.455465
439.672265
439.047400
438.709921
438.709603
439.046421
439.670548
440.452875
441.251522
441.951262
442.494768
442.889549
443.168203
443.362921
443.498068
443.590355
443.650708
443.685939
443.699860
443.693913
443.691102
406.447060
406.401861
406.305933
406.169744
405.974925
405.693918
405.288042
404.713554
403.951711
403.064958
402.185988
401.479843
401.101696
401.101399
401.478926
402.184382
403.062533
403.948276
404.708834
405.281652
405.685328
405.963406
406.154286
406.285128
406.373720
406.431330
406.464836
406.478035
406.472348
406.469666
371.389647
371.346823
371.255648
371.125200
370.936329
370.659007
370.248245
369.647691
368.823841
367.844914
366.863051
366.068417
365.648133
365.647857
366.067565
366.861558
367.842660
368.820647
369.643300
370.242297
370.651006
370.925589
371.110767
371.236187
371.320432
371.374930
371.406519
371.418930
371.413541
371.411007
338.257589
338.217389
338.131551
338.007843
337.826656
337.555905
337.144394
336.521504
335.634367
334.557878
333.465713
332.574599
332.111357
332.111101
332.573814
333.464335
334.555799
335.631419
336.517449
337.138898
337.548507
337.816717
337.994470
338.113490
338.192842
338.243929
338.273451
338.285021
338.279964
338.277590
306.850411
306.813034
306.733009
306.616900
306.444978
306.183614
305.775751
305.134948
304.183196
303.003506
301.793404
300.796836
300.290702
300.290468
300.796117
301.792142
303.001601
304.180495
305.131232
305.770712
306.176828
306.435853
306.604611
306.716386
306.790397
306.837837
306.865177
306.875868
306.871168
306.868965
276.997384
276.962985
276.889154
276.781369
276.620127
276.370867
275.971290
275.317810
274.300009
273.011210
271.675404
270.563160
270.015393
270.015181
270.562507
271.674258
273.009480
274.297555
275.314433
275.966710
276.364695
276.611822
276.770173
276.873992
276.942301
276.985914
277.010987
277.020772
277.016448
277.014426
248.551923
248.520616
248.453273
248.354406
248.205091
247.970518
247.584079
246.924109
245.838648
244.434543
242.965261
241.725535
241.138954
241.138763
241.724947
242.964230
244.432986
245.836440
246.921069
247.579956
247.964959
248.197606
248.344307
248.439582
248.501910
248.541565
248.564312
248.573176
248.569242
248.567405
221.387238
221.359102
221.298461
221.208985
221.072667
220.855196
220.486921
219.827767
218.672758
217.146835
215.536477
214.155451
213.534885
213.534715
214.154928
215.535560
217.145450
218.670793
219.825061
220.483249
220.850244
221.065997
221.199980
221.286241
221.342383
221.377992
221.398380
221.406312
221.402778
221.401130
195.392927
195.368010
195.314215
195.234486
195.112056
194.913894
194.568922
193.919214
192.692371
191.037765
189.279142
187.740447
187.093280
187.093131
187.739988
189.278337
191.036549
192.690646
193.916838
194.565697
194.909542
195.106191
195.226564
195.303455
195.353273
195.384785
195.402798
195.409797
195.406669
195.405212
170.472266
170.450589
170.403720
170.333988
170.226155
170.049268
169.732774
169.102706
167.801191
166.010634
164.097280
162.381331
161.718161
161.718032
162.380934
164.096584
166.009583
167.799700
169.100653
169.729987
170.045506
170.221084
170.327135
170.394406
170.437820
170.465217
170.480856
170.486927
170.484207
170.482941
146.540043
146.521604
146.481686
146.422100
146.329396
146.175466
145.892556
145.294174
143.914410
141.980168
139.906744
137.989915
137.325344
137.325235
137.989579
139.906155
141.979280
143.913149
145.292438
145.890198
146.172284
146.325104
146.416297
146.473795
146.510778
146.534071
146.547352
146.552503
146.550190
146.549114
123.520800
123.505576
123.472584
123.423204
123.345983
123.216383
122.971957
122.419502
120.956949
118.870734
116.633536
114.487161
113.840731
113.840641
114.486886
116.633052
118.870004
120.955913
122.418075
122.970019
123.213766
123.342453
123.418431
123.466090
123.496661
123.515886
123.526836
123.531080
123.529171
123.528284
101.347400
101.335351
101.309219
101.270022
101.208470
101.104227
100.902817
100.413120
98.862010
96.614862
94.212468
91.801631
91.198934
91.198864
91.801414
94.212087
96.614286
98.861193
100.411995
100.901288
101.102163
101.205685
101.266255
101.304093
101.328310
101.343521
101.352178
101.355532
101.354021
101.353319
79.959847
79.950919
79.931544
79.902435
79.856578
79.778354
79.623904
79.216873
77.569884
75.152027
72.586089
69.868166
69.342158
69.342106
69.868006
72.585808
75.151602
77.569281
79.216041
79.622775
79.776828
79.854520
79.899650
79.927753
79.945710
79.956978
79.963388
79.965870
79.964751
79.964231
59.304309
59.298435
59.285684
59.266505
59.236225
59.184298
59.079911
58.779075
57.026966
54.427615
51.703834
48.626759
48.219290
48.219256
48.626654
51.703649
54.427336
57.026569
58.778529
59.079169
59.183296
59.234873
59.264675
59.283193
59.295012
59.302424
59.306639
59.308270
59.307534
59.307192
39.332301
39.329406
39.323120
39.313659
39.298702
39.272973
39.220585
39.053750
37.184923
34.392043
31.521354
28.021562
27.785172
27.785156
28.021510
31.521263
34.391906
37.184728
39.053481
39.220220
39.272479
39.298037
39.312758
39.321893
39.327720
39.331372
39.333449
39.334253
39.333890
39.333722
20.000000
20.000000
20.000000
20.000000
20.000000
20.000000
20.000000
20.000000
18.000000
15.000000
12.000000
8.000000
8.000000
8.000000
8.000000
12.000000
15.000000
18.000000
20.000000
20.000000
20.000000
20.000000
20.000000
20.000000
20.000000
20.000000
20.000000
20.000000
20.000000
20.000000
