1500.000000
1200.000000
1000.000000
700.000000
900.000000
850.000000
1150.000000
1200.000000
1500.000000
1450.000000
1500.000000
1300.000000
1000.000000
800.000000
950.000000
750.000000
800.000000
1000.000000
1150.000000
1200.000000
1300.000000
1400.000000
1500.000000
1300.000000
1200.000000
1250.000000
1300.000000
1350.000000
1400.000000
1450.000000
632.085805
626.747803
618.903410
612.719888
611.004640
611.612396
615.147603
618.729962
622.090974
622.334239
620.029468
614.544082
607.659500
602.110629
599.664463
598.609551
600.957883
606.298662
612.821454
619.295182
625.519827
630.755474
634.206402
634.974036
635.139481
635.718374
636.205693
636.110794
634.924613
634.593746
532.780206
531.500205
529.270294
527.388067
526.173959
525.606103
525.555700
525.684005
525.685710
525.243481
524.278365
522.863754
521.313268
520.053309
519.415168
519.511858
520.456924
522.162903
524.368427
526.782792
529.159977
531.268545
532.926415
534.052710
534.756163
535.131633
535.172348
534.826182
534.036215
533.658700
480.522498
479.899363
478.755493
477.708311
476.870538
476.268746
475.859860
475.543806
475.209511
474.765638
474.185079
473.511944
472.860184
472.377346
472.192395
472.381847
472.973985
473.929935
475.151569
476.512046
477.882170
479.143824
480.205190
481.014530
481.564227
481.860689
481.903577
481.688703
481.219616
480.981347
444.965342
444.565669
443.815152
443.090925
442.452666
441.923492
441.491080
441.116969
440.755149
440.370528
439.956067
439.538822
439.176223
438.940333
438.896483
439.086703
439.522820
440.181755
441.009570
441.933353
442.874298
443.758278
444.524835
445.133262
445.562991
445.805892
445.859609
445.727078
445.420253
445.261112
418.010120
417.717565
417.161540
416.606199
416.090056
415.632141
415.231530
414.872672
414.535250
414.204868
413.881976
413.585430
413.349968
413.217751
413.227064
413.402576
413.749665
414.252052
414.874096
415.567064
416.276871
416.951280
417.545861
418.027814
418.376656
418.581794
418.639967
418.554713
418.337628
418.223959
396.305778
396.075210
395.633833
395.182418
394.748854
394.349271
393.987457
393.658054
393.352479
393.065523
392.800686
392.572329
392.403992
392.323222
392.354665
392.513767
392.802676
393.208687
393.705635
394.257794
394.824974
395.367590
395.850937
396.248013
396.540459
396.717851
396.776639
396.719787
396.557128
396.471537
378.141035
377.950733
377.584741
377.203942
376.830067
376.477159
376.151064
375.851457
375.575680
375.323069
375.098403
374.913271
374.784889
374.732648
374.773489
374.917553
375.165205
375.505905
375.919131
376.377038
376.848078
377.300749
377.706824
378.043606
378.294937
378.451162
378.508709
378.469844
378.342678
378.275581
362.523979
362.361922
362.049260
361.719709
361.391055
361.075768
360.780572
360.507790
360.257965
360.032828
359.837655
359.682170
359.579664
359.544538
359.589011
359.719964
359.936726
360.230215
360.583596
360.974219
361.376332
361.763966
362.113487
362.405456
362.625630
362.765201
362.820681
362.793738
362.691054
362.636790
348.828327
348.687187
348.414261
348.123678
347.830500
347.545965
347.277112
347.027701
346.800074
346.597271
346.424697
346.290737
346.206067
346.181825
346.227152
346.346822
346.539541
346.797287
347.105802
347.446079
347.796478
348.135022
348.441477
348.698931
348.894733
349.020864
349.073964
349.055224
348.970187
348.925209
336.633385
336.508369
336.266214
336.006303
335.741718
335.482697
335.236309
335.007099
334.798438
334.614085
334.459394
334.341742
334.269970
334.252965
334.297769
334.407731
334.581181
334.810910
335.084556
335.385790
335.696018
335.996259
336.268886
336.498984
336.675224
336.790282
336.840939
336.828016
336.756155
336.718129
325.642946
325.530746
325.313136
325.078025
324.836984
324.599427
324.372306
324.160575
323.968198
323.799313
323.659135
323.554254
323.492167
323.480148
323.523746
323.625317
323.782968
323.990136
324.235911
324.506005
324.784159
325.053716
325.299100
325.507007
325.667209
325.772983
325.821258
325.812564
325.750829
325.718153
315.640590
315.538827
315.341263
315.126633
314.905324
314.686050
314.475574
314.279043
314.100743
313.944996
313.816838
313.722225
313.667637
313.659150
313.701219
313.795494
313.939949
314.128554
314.351544
314.596234
314.848205
315.092649
315.315641
315.505197
315.652016
315.749894
315.795902
315.790347
315.736579
315.708120
306.463397
306.370303
306.189424
305.992005
305.787477
305.583950
305.387968
305.204733
305.038694
304.894237
304.776201
304.690022
304.641387
304.635459
304.675874
304.763760
304.897025
305.070084
305.274099
305.497676
305.727881
305.951403
306.155673
306.329809
306.465290
306.556370
306.600249
306.597062
306.549692
306.524620
297.985658
297.899882
297.733112
297.550367
297.360286
297.170458
296.987190
296.815662
296.660382
296.525725
296.416333
296.337206
296.293397
296.289358
296.328097
296.410353
296.534005
296.693852
296.881822
297.087578
297.299407
297.505236
297.693628
297.854627
297.980382
298.065543
298.107437
298.106061
298.063916
298.041613
290.108349
290.028834
289.874155
289.704074
289.526564
289.348757
289.176722
289.015566
288.869794
288.743722
288.641799
288.568656
288.528830
288.526208
288.563304
288.640565
288.755871
288.904350
289.078573
289.269087
289.465199
289.655875
289.830633
289.980306
290.097625
290.177588
290.217637
290.217663
290.179847
290.159839
282.752076
282.677982
282.533783
282.374744
282.208275
282.041100
281.879054
281.727144
281.589826
281.471336
281.375935
281.307934
281.271445
281.269898
281.305415
281.378221
281.486209
281.624801
281.787114
281.964445
282.146963
282.324518
282.487443
282.627254
282.737185
282.812544
282.850880
282.851999
282.817818
282.799738
275.852214
275.782858
275.647831
275.498511
275.341815
275.184109
275.031000
274.887379
274.757627
274.645880
274.556223
274.492689
274.459034
274.458311
274.492328
274.561135
274.662656
274.792568
274.944463
275.110279
275.280923
275.447007
275.599567
275.730712
275.834119
275.905371
275.942117
275.944095
275.913000
275.896555
269.355452
269.290276
269.163345
269.022645
268.874665
268.725444
268.580377
268.444225
268.321278
268.215568
268.131011
268.071395
268.040174
268.040087
268.072687
268.137888
268.233651
268.355883
268.498587
268.654257
268.814442
268.970411
269.113817
269.237287
269.334891
269.402455
269.437724
269.440381
269.411931
269.396890
263.217305
263.155843
263.036113
262.903113
262.762954
262.621381
262.483586
262.354197
262.237405
262.137130
262.057131
262.000980
261.971870
261.972279
262.003546
262.065479
262.156083
262.271468
262.406003
262.552666
262.703568
262.850554
262.985815
263.102441
263.194847
263.259081
263.292976
263.296171
263.270009
263.256181
257.400263
257.342125
257.228842
257.102762
256.969662
256.835018
256.703829
256.580591
256.469392
256.374037
256.298138
256.245073
256.217812
256.218607
256.248622
256.307582
256.393534
256.502778
256.630004
256.768618
256.911224
257.050177
257.178146
257.288628
257.376353
257.437564
257.470178
257.473801
257.449634
257.436863
251.872409
251.817263
251.709787
251.589961
251.463264
251.334927
251.209766
251.092147
250.986049
250.895169
250.822978
250.772682
250.747052
250.748149
250.776989
250.833232
250.914970
251.018674
251.139320
251.270697
251.405846
251.537572
251.658974
251.763912
251.847395
251.905851
251.937270
251.941231
251.918815
251.906974
246.606356
246.553917
246.451700
246.337557
246.216694
246.094122
245.974484
245.862017
245.760593
245.673801
245.604980
245.557181
245.533001
245.534334
245.562072
245.615823
245.693725
245.792404
245.907096
246.031930
246.160338
246.285530
246.400985
246.500893
246.580517
246.636449
246.666750
246.670979
246.650112
246.639090
241.578433
241.528457
241.431024
241.322066
241.206545
241.089263
240.974702
240.866975
240.769850
240.686806
240.621063
240.575528
240.552645
240.554163
240.580866
240.632323
240.706718
240.800820
240.910098
241.028987
241.151272
241.270525
241.380570
241.475894
241.551990
241.605601
241.634856
241.639296
241.619804
241.609512
236.768039
236.720313
236.627252
236.523046
236.412432
236.300022
236.190147
236.086796
235.993635
235.914042
235.851122
235.807650
235.785933
235.787594
235.813326
235.862665
235.933841
236.023755
236.128087
236.241552
236.358249
236.472082
236.577184
236.668312
236.741170
236.792640
236.820912
236.825517
236.807254
236.797614
232.157135
232.111472
232.022424
231.922588
231.816499
231.708592
231.603052
231.503755
231.414263
231.337858
231.277535
231.235951
231.215289
231.217061
231.241880
231.289256
231.357468
231.443534
231.543332
231.651826
231.763404
231.872268
231.972835
232.060108
232.129983
232.179470
232.206820
232.211551
232.194392
232.185337
227.729835
227.686073
227.600720
227.504919
227.403016
227.299282
227.197767
227.102234
227.016149
226.942696
226.884772
226.844923
226.825221
226.827076
226.851036
226.896590
226.962061
227.044581
227.140204
227.244126
227.350997
227.455290
227.551681
227.635400
227.702518
227.750164
227.776644
227.781471
227.765308
227.756781
223.472081
223.430073
223.348135
223.256071
223.158053
223.058198
222.960429
222.868401
222.785486
222.714779
222.659077
222.620828
222.602001
222.603919
222.627069
222.670927
222.733857
222.813097
222.904865
223.004567
223.107093
223.207166
223.299700
223.380130
223.444692
223.490623
223.516283
223.521180
223.505919
223.497870
219.371365
219.330985
219.252212
219.163619
219.069215
218.972976
218.878703
218.789948
218.709992
218.641841
218.588205
218.551436
218.533412
218.535376
218.557762
218.600036
218.660603
218.736800
218.824996
218.920791
219.019295
219.115461
219.204419
219.281797
219.343982
219.388313
219.413198
219.418143
219.403703
219.396088
215.416519
215.377650
215.301821
215.216459
215.125428
215.032569
214.941565
214.855872
214.778684
214.712922
214.661211
214.625816
214.608530
214.610526
214.632190
214.672982
214.731347
214.804714
214.889590
214.981756
215.076526
215.169062
215.254697
215.329236
215.389203
215.432036
215.456188
215.461163
215.447472
215.440254
211.597520
211.560061
211.486975
211.404632
211.316755
211.227060
211.139122
211.056302
210.981708
210.918183
210.868271
210.834155
210.817551
210.819566
210.840548
210.879950
210.936257
211.006983
211.088767
211.177554
211.268846
211.358002
211.440540
211.512429
211.570324
211.611751
211.635208
211.640200
211.627194
211.620339
207.905348
207.869205
207.798684
207.719166
207.634246
207.547522
207.462464
207.382342
207.310186
207.248760
207.200533
207.167610
207.151638
207.153664
207.173999
207.212096
207.266475
207.334733
207.413628
207.499259
207.587305
207.673304
207.752949
207.822360
207.878313
207.918418
207.941216
207.946211
207.933836
207.927314
204.331850
204.296940
204.228820
204.151953
204.069812
203.985881
203.903534
203.825955
203.756093
203.696641
203.649995
203.618189
203.602804
203.604833
203.624556
203.661423
203.713993
203.779936
203.856126
203.938806
204.023814
204.106858
204.183793
204.250880
204.305010
204.343870
204.366041
204.371030
204.359235
204.353020
200.869634
200.835882
200.770017
200.695642
200.616116
200.534818
200.455028
200.379847
200.312150
200.254558
200.209399
200.178641
200.163802
200.165828
200.184969
200.220677
200.271545
200.335315
200.408967
200.488876
200.571035
200.651308
200.725700
200.790603
200.843018
200.880702
200.902277
200.907251
200.895991
200.890060
197.511981
197.479318
197.415574
197.343546
197.266486
197.187674
197.110300
197.037385
196.971733
196.915897
196.872139
196.842366
196.828038
196.830055
196.848644
196.883257
196.932520
196.994245
197.065510
197.142816
197.222298
197.299966
197.371964
197.434813
197.485609
197.522183
197.543189
197.548141
197.537377
197.531708
194.252759
194.221122
194.159377
194.089565
194.014835
193.938375
193.863287
193.792517
193.728800
193.674625
193.632191
193.603345
193.589494
193.591500
193.609563
193.643139
193.690887
193.750683
193.819699
193.894555
193.971514
194.046728
194.116472
194.177382
194.226650
194.262171
194.282635
194.287559
194.277256
194.271830
191.086362
191.055693
190.995837
190.928118
190.855595
190.781361
190.708441
190.639705
190.577822
190.525220
190.484038
190.456067
190.442666
190.444655
190.462217
190.494811
190.541127
190.599101
190.665994
190.738536
190.813117
190.886015
190.953630
191.012709
191.060530
191.095052
191.114999
191.119889
191.110015
191.104816
188.007648
187.977896
187.919826
187.854091
187.783658
187.711537
187.640674
187.573870
187.513729
187.462619
187.422623
187.395479
187.382500
187.384471
187.401555
187.433217
187.478175
187.534425
187.599312
187.669667
187.741999
187.812708
187.878310
187.935655
187.982105
188.015679
188.035130
188.039983
188.030509
188.025521
185.011894
184.983010
184.926631
184.862777
184.794329
184.724216
184.655309
184.590341
184.531856
184.482164
184.443294
184.416934
184.404352
184.406302
184.422931
184.453706
184.497377
184.551993
184.614979
184.683264
184.753467
184.822103
184.885797
184.941498
184.986648
185.019318
185.038296
185.043108
185.034007
185.029216
182.094744
182.066684
182.011911
181.949844
181.883283
181.815081
181.748035
181.684816
181.627908
181.579564
181.541764
181.516147
181.503941
181.505868
181.522062
181.551993
181.594441
181.647506
181.708688
181.775010
181.843195
181.909864
181.971749
182.025890
182.069802
182.101613
182.120136
182.124905
182.116152
182.111546
179.252180
179.224903
179.171655
179.111288
179.046524
178.980142
178.914871
178.853320
178.797914
178.750855
178.714073
178.689163
178.677312
178.679215
178.694992
178.724119
178.765403
178.816994
178.876463
178.940921
179.007188
179.071990
179.132156
179.184812
179.227547
179.258537
179.276624
179.281347
179.272922
179.268490
176.480483
176.453950
176.402155
176.343407
176.280356
176.215710
176.152133
176.092173
176.038201
175.992369
175.956557
175.932318
175.920804
175.922682
175.938060
175.966420
176.006595
176.056783
176.114622
176.177307
176.241751
176.304777
176.363306
176.414549
176.456161
176.486367
176.504036
176.508712
176.500595
176.496324
173.776205
173.750382
173.699970
173.642766
173.581350
173.518362
173.456404
173.397965
173.345364
173.300703
173.265817
173.242218
173.231023
173.232876
173.247871
173.275499
173.314616
173.363466
173.419753
173.480748
173.543457
173.604791
173.661761
173.711656
173.752197
173.781653
173.798920
173.803546
173.795719
173.791602
171.136144
171.110998
171.061906
171.006177
170.946323
170.884921
170.824511
170.767528
170.716238
170.672696
170.638695
170.615707
170.604815
170.606642
170.621270
170.648197
170.686304
170.733878
170.788684
170.848069
170.909122
170.968842
171.024325
171.072934
171.112451
171.141189
171.158069
171.162645
171.155090
171.151117
168.557321
168.532821
168.484990
168.430671
168.372312
168.312428
168.253501
168.197912
168.147878
168.105408
168.072253
168.049847
168.039245
168.041045
168.055321
168.081577
168.118717
168.165073
168.218464
168.276312
168.335784
168.393964
168.448026
168.495406
168.533943
168.561993
168.578501
168.583025
168.575728
168.571891
166.036959
166.013078
165.966453
165.913483
165.856556
165.798126
165.740621
165.686368
165.637538
165.596095
165.563750
165.541903
165.531576
165.533348
165.547287
165.572900
165.609115
165.654304
165.706343
165.762721
165.820683
165.877390
165.930093
165.976297
166.013896
166.041286
166.057434
166.061907
166.054853
166.051144
163.572467
163.549177
163.503707
163.452030
163.396475
163.339441
163.283300
163.230330
163.182655
163.142198
163.110630
163.089316
163.079252
163.080997
163.094611
163.119606
163.154936
163.199008
163.249753
163.304725
163.361240
163.416538
163.467941
163.513017
163.549716
163.576473
163.592275
163.596695
163.589871
163.586284
161.161421
161.138699
161.094335
161.043897
160.989660
160.933966
160.879135
160.827397
160.780832
160.741321
160.710498
160.689696
160.679884
160.681601
160.694902
160.719305
160.753785
160.796787
160.846291
160.899916
160.955047
161.008994
161.059150
161.103146
161.138981
161.165128
161.180597
161.184963
161.178358
161.174886
158.801552
158.779374
158.736072
158.686824
158.633853
158.579446
158.525875
158.475322
158.429824
158.391222
158.361115
158.340804
158.331232
158.332923
158.345921
158.369756
158.403419
158.445394
158.493709
158.546042
158.599845
158.652496
158.701457
158.744416
158.779421
158.804982
158.820128
158.824441
158.818043
158.814680
156.490732
156.469077
156.426794
156.378691
156.326936
156.273767
156.221409
156.171996
156.127525
156.089798
156.060380
156.040540
156.031198
156.032861
156.045570
156.068857
156.101736
156.142724
156.189897
156.240989
156.293518
156.344926
156.392738
156.434700
156.468908
156.493904
156.508738
156.512998
156.506797
156.503538
154.226965
154.205811
154.164509
154.117505
154.066921
154.014946
153.963754
153.915440
153.871958
153.835073
153.806317
153.786931
153.777810
153.779446
153.791874
153.814634
153.846759
153.886799
153.932874
153.982775
154.034079
154.084292
154.131000
154.172004
154.205445
154.229896
154.244429
154.248635
154.242621
154.239461
152.008371
151.987701
151.947341
151.901397
151.851940
151.801114
151.751048
151.703792
151.661263
151.625191
151.597073
151.578122
151.569213
151.570823
151.582980
151.605232
151.636631
151.675758
151.720778
151.769533
151.819659
151.868724
151.914370
151.954451
151.987152
152.011078
152.025319
152.029472
152.023636
152.020570
149.833184
149.812979
149.773527
149.728603
149.680233
149.630515
149.581534
149.535300
149.493691
149.458401
149.430898
149.412368
149.403662
149.405245
149.417142
149.438904
149.469603
149.507852
149.551856
149.599508
149.648500
149.696458
149.741081
149.780274
149.812262
149.835681
149.849640
149.853740
149.848074
149.845097
147.699737
147.679980
147.641403
147.597463
147.550142
147.501493
147.453560
147.408313
147.367591
147.333057
147.306147
147.288021
147.279512
147.281069
147.292712
147.314002
147.344027
147.381428
147.424453
147.471043
147.518943
147.565835
147.609473
147.647809
147.679109
147.702039
147.715723
147.719771
147.714267
147.711375
145.606458
145.587134
145.549400
145.506409
145.460101
145.412485
145.365564
145.321270
145.281406
145.247602
145.221264
145.203529
145.195208
145.196739
145.208139
145.228972
145.258346
145.294931
145.337012
145.382576
145.429424
145.475289
145.517976
145.555486
145.586121
145.608577
145.621996
145.625991
145.620642
145.617832
143.551863
143.532956
143.496036
143.453963
143.408633
143.362015
143.316073
143.272699
143.233665
143.200566
143.174782
143.157424
143.149285
143.150790
143.161953
143.182346
143.211091
143.246887
143.288057
143.332633
143.378465
143.423338
143.465108
143.501820
143.531813
143.553811
143.566972
143.570915
143.565714
143.562982
141.534548
141.516044
141.479911
141.438723
141.394339
141.348687
141.303691
141.261209
141.222976
141.190560
141.165311
141.148317
141.140354
141.141834
141.152768
141.172734
141.200872
141.235906
141.276196
141.319818
141.364669
141.408584
141.449469
141.485408
141.514781
141.536336
141.549247
141.553138
141.548078
141.545421
139.553184
139.535069
139.499696
139.459365
139.415896
139.371178
139.327099
139.285480
139.248024
139.216268
139.191537
139.174895
139.167101
139.168556
139.179268
139.198822
139.226372
139.260670
139.300110
139.342810
139.386712
139.429703
139.469730
139.504924
139.533697
139.554822
139.567489
139.571329
139.566405
139.563819
137.606511
137.588774
137.554135
137.514634
137.472051
137.428238
137.385046
137.344263
137.307560
137.276444
137.252213
137.235912
137.228281
137.229712
137.240210
137.259363
137.286345
137.319931
137.358549
137.400357
137.443343
137.485438
137.524637
137.559109
137.587300
137.608009
137.620440
137.624229
137.619435
137.616918
135.693337
135.675963
135.642037
135.603338
135.561613
135.518677
135.476346
135.436374
135.400400
135.369903
135.346159
135.330187
135.322714
135.324122
135.334410
135.353177
135.379608
135.412505
135.450327
135.491272
135.533371
135.574600
135.612997
135.646770
135.674397
135.694702
135.706904
135.710643
135.705973
135.703521
133.812526
133.795506
133.762269
133.724349
133.683455
133.641370
133.599873
133.560686
133.525420
133.495525
133.472251
133.456599
133.449279
133.450662
133.460749
133.479140
133.505038
133.537267
133.574318
133.614428
133.655668
133.696059
133.733679
133.766775
133.793856
133.813768
133.825747
133.829435
133.824885
133.822497
131.963003
131.946326
131.913756
131.876590
131.836504
131.795243
131.754556
131.716132
131.681552
131.652241
131.629423
131.614081
131.606909
131.608269
131.618159
131.636186
131.661568
131.693149
131.729454
131.768754
131.809162
131.848740
131.885607
131.918047
131.944597
131.964129
131.975890
131.979530
131.975095
131.972767
130.143744
130.127398
130.095476
130.059042
130.019739
129.979279
129.939378
129.901695
129.867782
129.839037
129.816662
129.801621
129.794592
129.795929
129.805628
129.823302
129.848182
129.879136
129.914716
129.953231
129.992833
130.031623
130.067760
130.099563
130.125599
130.144761
130.156310
130.159901
130.155576
130.153306
128.353773
128.337749
128.306456
128.270732
128.232189
128.192507
128.153371
128.116407
128.083141
128.054946
128.033002
128.018253
128.011363
128.012678
128.022191
128.039522
128.063915
128.094260
128.129138
128.166891
128.205711
128.243737
128.279165
128.310349
128.335886
128.354688
128.366031
128.369573
128.365355
128.363141
126.592163
126.576452
126.545769
126.510735
126.472931
126.434005
126.395610
126.359347
126.326711
126.299050
126.277524
126.263058
126.256303
126.257596
126.266928
126.283926
126.307846
126.337600
126.371796
126.408811
126.446871
126.484155
126.518895
126.549479
126.574530
126.592982
126.604124
126.607618
126.603503
126.601343
124.858029
124.842622
124.812531
124.778168
124.741082
124.702891
124.665218
124.629635
124.597611
124.570471
124.549351
124.535160
124.528536
124.529807
124.538964
124.555638
124.579098
124.608278
124.641812
124.678109
124.715431
124.751995
124.786067
124.816067
124.840646
124.858758
124.869703
124.873150
124.869134
124.867026
123.150527
123.135414
123.105900
123.072189
123.035801
122.998325
122.961355
122.926434
122.895006
122.868372
122.847647
122.833724
122.827227
122.828477
122.837463
122.853821
122.876835
122.905456
122.938347
122.973947
123.010552
123.046415
123.079838
123.109271
123.133390
123.151171
123.161925
123.165325
123.161404
123.159346
121.468851
121.454025
121.425071
121.391994
121.356285
121.319506
121.283220
121.248943
121.218095
121.191953
121.171614
121.157951
121.151577
121.152806
121.161626
121.177677
121.200257
121.228335
121.260600
121.295522
121.331431
121.366613
121.399404
121.428285
121.451958
121.469415
121.479982
121.483337
121.479507
121.477497
119.812231
119.797685
119.769276
119.736815
119.701768
119.665666
119.630047
119.596398
119.566115
119.540453
119.520488
119.507078
119.500824
119.502033
119.510690
119.526443
119.548600
119.576150
119.607807
119.642069
119.677300
119.711820
119.743997
119.772340
119.795578
119.812721
119.823106
119.826414
119.822673
119.820710
118.179932
118.165657
118.137779
118.105919
118.071517
118.036075
118.001104
117.968068
117.938335
117.913140
117.893540
117.880377
117.874240
117.875429
117.883928
117.899390
117.921135
117.948171
117.979236
118.012856
118.047428
118.081303
118.112881
118.140701
118.163515
118.180351
118.190558
118.193822
118.190166
118.188248
116.571250
116.557240
116.529878
116.498603
116.464829
116.430031
116.395693
116.363252
116.334056
116.309317
116.290073
116.277150
116.271127
116.272296
116.280641
116.295819
116.317163
116.343699
116.374187
116.407182
116.441112
116.474359
116.505355
116.532666
116.555066
116.571603
116.581635
116.584854
116.581282
116.579408
114.985511
114.971758
114.944899
114.914196
114.881033
114.846863
114.813141
114.781283
114.752610
114.728315
114.709418
114.696730
114.690817
114.691966
114.700161
114.715063
114.736017
114.762064
114.791990
114.824377
114.857681
114.890317
114.920745
114.947559
114.969556
114.985802
114.995664
114.998839
114.995346
114.993514
113.422069
113.408568
113.382200
113.352052
113.319487
113.285928
113.252809
113.221518
113.193356
113.169495
113.150935
113.138476
113.132670
113.133801
113.141849
113.156482
113.177054
113.202627
113.232005
113.263799
113.296493
113.328533
113.358408
113.384737
113.406342
113.422302
113.431997
113.435129
113.431714
113.429923
111.880307
111.867051
111.841161
111.811556
111.779573
111.746612
111.714080
111.683343
111.655680
111.632241
111.614012
111.601775
111.596075
111.597187
111.605092
111.619462
111.639663
111.664771
111.693616
111.724831
111.756931
111.788390
111.817725
111.843582
111.864803
111.880484
111.890017
111.893106
111.889766
111.888014
110.359631
110.346614
110.321190
110.292115
110.260701
110.228323
110.196365
110.166169
110.138993
110.115967
110.098060
110.086040
110.080443
110.081536
110.089301
110.103415
110.123253
110.147909
110.176233
110.206884
110.238404
110.269296
110.298105
110.323501
110.344347
110.359757
110.369130
110.372177
110.368909
110.367196
108.859472
108.846688
108.821720
108.793162
108.762303
108.730494
108.699097
108.669430
108.642729
108.620106
108.602514
108.590707
108.585209
108.586285
108.593913
108.607776
108.627260
108.651475
108.679291
108.709391
108.740346
108.770684
108.798979
108.823925
108.844405
108.859549
108.868767
108.871771
108.868574
108.866898
107.379284
107.366728
107.342204
107.314151
107.283834
107.252582
107.221732
107.192582
107.166346
107.144118
107.126833
107.115233
107.109833
107.110891
107.118385
107.132004
107.151142
107.174926
107.202246
107.231809
107.262211
107.292009
107.319802
107.344309
107.364432
107.379315
107.388380
107.391343
107.388215
107.386574
105.918542
105.906208
105.882118
105.854558
105.824772
105.794064
105.763750
105.735104
105.709322
105.687480
105.670495
105.659098
105.653793
105.654834
105.662198
105.675577
105.694378
105.717741
105.744576
105.773614
105.803477
105.832747
105.860050
105.884127
105.903901
105.918530
105.927446
105.930367
105.927305
105.925699
104.476741
104.464624
104.440959
104.413881
104.384613
104.354437
104.324646
104.296495
104.271157
104.249692
104.233001
104.221802
104.216590
104.217614
104.224850
104.237995
104.256466
104.279418
104.305779
104.334305
104.363641
104.392396
104.419220
104.442876
104.462308
104.476689
104.485458
104.488339
104.485341
104.483770
103.053397
103.041493
103.018242
102.991636
102.962874
102.933219
102.903940
102.876271
102.851369
102.830272
102.813869
102.802864
102.797743
102.798749
102.805861
102.818778
102.836926
102.859475
102.885374
102.913398
102.942219
102.970470
102.996826
103.020072
103.039170
103.053307
103.061932
103.064774
103.061838
103.060299
101.648042
101.636346
101.613501
101.587356
101.559090
101.529944
101.501166
101.473971
101.449493
101.428757
101.412636
101.401820
101.396788
101.397778
101.404767
101.417460
101.435293
101.457449
101.482895
101.510430
101.538747
101.566505
101.592403
101.615248
101.634018
101.647917
101.656401
101.659203
101.656329
101.654822
100.260229
100.248735
100.226287
100.200593
100.172813
100.144165
100.115878
100.089145
100.065085
100.044702
100.028855
100.018225
100.013280
100.014254
100.021123
100.033598
100.051122
100.072893
100.097897
100.124952
100.152777
100.180053
100.205503
100.227954
100.246405
100.260070
100.268416
100.271179
100.268364
100.266888
98.889523
98.878229
98.856169
98.830916
98.803611
98.775451
98.747645
98.721365
98.697713
98.677676
98.662099
98.651650
98.646790
98.647748
98.654500
98.666760
98.683982
98.705377
98.729948
98.756534
98.783877
98.810682
98.835693
98.857760
98.875897
98.889333
98.897544
98.900268
98.897510
98.896064
97.535509
97.524409
97.502729
97.477909
97.451069
97.423387
97.396052
97.370216
97.346964
97.327265
97.311953
97.301681
97.296905
97.297847
97.304485
97.316535
97.333461
97.354487
97.378634
97.404762
97.431633
97.457976
97.482558
97.504248
97.522078
97.535290
97.543368
97.546054
97.543352
97.541935
96.197785
96.186876
96.165568
96.141171
96.114787
96.087573
96.060699
96.035299
96.012438
95.993072
95.978018
95.967920
95.963225
95.964152
95.970677
95.982522
95.999158
96.019824
96.043556
96.069234
96.095643
96.121534
96.145696
96.167017
96.184547
96.197539
96.205486
96.208134
96.205486
96.204098
94.875963
94.865240
94.844297
94.820315
94.794377
94.767623
94.741201
94.716228
94.693750
94.674710
94.659909
94.649983
94.645368
94.646279
94.652694
94.664337
94.680690
94.701002
94.724327
94.749565
94.775522
94.800971
94.824721
94.845680
94.862915
94.875691
94.883510
94.886121
94.883527
94.882166
93.569670
93.559130
93.538544
93.514969
93.489469
93.463164
93.437185
93.412631
93.390530
93.371808
93.357256
93.347497
93.342960
93.343857
93.350164
93.361610
93.377684
93.397650
93.420577
93.445384
93.470897
93.495912
93.519259
93.539864
93.556809
93.569374
93.577067
93.579642
93.577098
93.575765
92.278545
92.268184
92.247948
92.224771
92.199701
92.173838
92.148293
92.124149
92.102417
92.084009
92.069701
92.060106
92.055645
92.056528
92.062728
92.073981
92.089782
92.109409
92.131945
92.156330
92.181409
92.205999
92.228950
92.249208
92.265869
92.278227
92.285796
92.288334
92.285841
92.284534
91.002239
90.992054
90.972162
90.949376
90.924726
90.899296
90.874178
90.850437
90.829067
90.810966
90.796897
90.787463
90.783078
90.783946
90.790042
90.801105
90.816639
90.835933
90.858087
90.882057
90.906710
90.930883
90.953446
90.973363
90.989747
91.001900
91.009348
91.011850
91.009406
91.008125
89.740417
89.730405
89.710848
89.688446
89.664210
89.639204
89.614505
89.591159
89.570145
89.552345
89.538510
89.529234
89.524923
89.525777
89.531771
89.542647
89.557920
89.576887
89.598665
89.622229
89.646465
89.670229
89.692412
89.711995
89.728105
89.740059
89.747387
89.749854
89.747458
89.746202
88.492753
88.482910
88.463684
88.441658
88.417827
88.393238
88.368950
88.345992
88.325327
88.307823
88.294219
88.285097
88.280858
88.281698
88.287592
88.298286
88.313301
88.331948
88.353358
88.376524
88.400350
88.423713
88.445522
88.464777
88.480620
88.492377
88.499587
88.502019
88.499670
88.498438
87.258933
87.249256
87.230354
87.208697
87.185264
87.161085
87.137200
87.114623
87.094301
87.077087
87.063709
87.054739
87.050572
87.051398
87.057193
87.067708
87.082470
87.100803
87.121852
87.144627
87.168051
87.191021
87.212464
87.231397
87.246976
87.258540
87.265635
87.268032
87.265728
87.264521
86.038653
86.029139
86.010555
85.989261
85.966218
85.942441
85.918953
85.896750
85.876764
85.859836
85.846680
85.837860
85.833762
85.834574
85.840273
85.850612
85.865126
85.883151
85.903845
85.926236
85.949266
85.971849
85.992932
86.011549
86.026870
86.038245
86.045226
86.047589
86.045329
86.044145
84.831619
84.822265
84.803993
84.783055
84.760397
84.737015
84.713916
84.692080
84.672425
84.655777
84.642839
84.634165
84.630136
84.630936
84.636539
84.646705
84.660976
84.678698
84.699044
84.721058
84.743700
84.765905
84.786635
84.804941
84.820009
84.831196
84.838066
84.840395
84.838179
84.837017
83.637547
83.628349
83.610384
83.589796
83.567515
83.544521
83.521804
83.500330
83.481000
83.464628
83.451904
83.443375
83.439412
83.440199
83.445709
83.455705
83.469737
83.487161
83.507166
83.528810
83.551072
83.572904
83.593287
83.611288
83.626106
83.637111
83.643870
83.646166
83.643992
83.642853
82.456160
82.447117
82.429454
82.409209
82.387298
82.364686
82.342345
82.321226
82.302216
82.286114
82.273601
82.265213
82.261317
82.262090
82.267509
82.277338
82.291135
82.308267
82.327936
82.349217
82.371105
82.392571
82.412613
82.430315
82.444888
82.455712
82.462364
82.464626
82.462494
82.461376
81.287193
81.278302
81.260934
81.241027
81.219481
81.197243
81.175273
81.154502
81.135806
81.119970
81.107665
81.099416
81.095585
81.096346
81.101674
81.111339
81.124906
81.141751
81.161089
81.182013
81.203534
81.224640
81.244348
81.261755
81.276087
81.286734
81.293279
81.295508
81.293416
81.292320
80.130387
80.121644
80.104568
80.084993
80.063805
80.041936
80.020329
79.999901
79.981514
79.965941
79.953839
79.945727
79.941959
79.942708
79.947948
79.957451
79.970791
79.987354
80.006368
80.026941
80.048101
80.068854
80.088233
80.105350
80.119445
80.129917
80.136357
80.138554
80.136502
80.135427
78.985491
78.976895
78.960104
78.940856
78.920020
78.898514
78.877264
78.857175
78.839091
78.823775
78.811874
78.803896
78.800191
78.800928
78.806080
78.815425
78.828542
78.844827
78.863523
78.883751
78.904556
78.924962
78.944017
78.960849
78.974711
78.985012
78.991348
78.993513
78.991500
78.990445
77.852263
77.843811
77.827301
77.808374
77.787885
77.766735
77.745837
77.726080
77.708296
77.693233
77.681528
77.673683
77.670040
77.670764
77.675831
77.685020
77.697918
77.713930
77.732313
77.752201
77.772658
77.792721
77.811458
77.828011
77.841643
77.851775
77.858010
77.860143
77.858167
77.857132
76.730466
76.722156
76.705923
76.687312
76.667163
76.646365
76.625813
76.606383
76.588893
76.574079
76.562569
76.554854
76.551271
76.551984
76.556967
76.566002
76.578683
76.594428
76.612502
76.632056
76.652170
76.671898
76.690322
76.706599
76.720005
76.729971
76.736105
76.738207
76.736269
76.735253
75.619874
75.611703
75.595742
75.577442
75.557629
75.537175
75.516965
75.497856
75.480656
75.466088
75.454768
75.447181
75.443658
75.444359
75.449259
75.458144
75.470613
75.486093
75.503864
75.523090
75.542866
75.562263
75.580379
75.596385
75.609569
75.619372
75.625407
75.627477
75.625576
75.624579
74.520263
74.512229
74.496536
74.478542
74.459059
74.438946
74.419071
74.400279
74.383364
74.369037
74.357906
74.350445
74.346981
74.347670
74.352488
74.361224
74.373484
74.388705
74.406177
74.425081
74.444525
74.463597
74.481409
74.497148
74.510114
74.519755
74.525693
74.527732
74.525866
74.524889
73.431419
73.423520
73.408091
73.390398
73.371240
73.351462
73.331917
73.313437
73.296803
73.282714
73.271768
73.264431
73.261025
73.261703
73.266441
73.275030
73.287085
73.302050
73.319228
73.337814
73.356931
73.375683
73.393197
73.408673
73.421423
73.430906
73.436747
73.438757
73.436925
73.435966
72.353134
72.345367
72.330198
72.312801
72.293964
72.274515
72.255296
72.237123
72.220766
72.206911
72.196147
72.188933
72.185584
72.186250
72.190909
72.199354
72.211206
72.225920
72.242809
72.261081
72.279877
72.298314
72.315534
72.330751
72.343289
72.352615
72.358362
72.360341
72.358544
72.357603
71.285203
71.277568
71.262654
71.245549
71.227027
71.207903
71.189004
71.171135
71.155050
71.141426
71.130841
71.123748
71.120455
71.121110
71.125690
71.133994
71.145647
71.160112
71.176717
71.194681
71.213160
71.231286
71.248217
71.263180
71.275509
71.284681
71.290334
71.292283
71.290520
71.289596
70.227431
70.219924
70.205262
70.188445
70.170233
70.151430
70.132847
70.115276
70.099459
70.086063
70.075655
70.068680
70.065442
70.066087
70.070590
70.078755
70.090211
70.104432
70.120756
70.138417
70.156584
70.174405
70.191051
70.205762
70.217885
70.226905
70.232466
70.234386
70.232655
70.231749
69.179625
69.172246
69.157831
69.141298
69.123392
69.104904
69.086632
69.069355
69.053803
69.040632
69.030398
69.023540
69.020357
69.020990
69.025418
69.033445
69.044707
69.058688
69.074736
69.092098
69.109958
69.127477
69.143842
69.158306
69.170227
69.179096
69.184567
69.186457
69.184759
69.183869
68.141600
68.134346
68.120176
68.103922
68.086318
68.068141
68.050176
68.033188
68.017897
68.004946
67.994885
67.988142
67.985012
67.985635
67.989988
67.997879
68.008951
68.022695
68.038471
68.055539
68.073095
68.090318
68.106407
68.120627
68.132347
68.141069
68.146449
68.148311
68.146645
68.145772
67.113175
67.106044
67.092115
67.076135
67.058829
67.040958
67.023296
67.006595
66.991560
66.978828
66.968935
66.962306
66.959229
66.959842
66.964121
66.971879
66.982763
66.996273
67.011781
67.028558
67.045817
67.062747
67.078563
67.092543
67.104066
67.112642
67.117934
67.119767
67.118131
67.117275
66.094173
66.087164
66.073472
66.057764
66.040751
66.023182
66.005818
65.989399
65.974618
65.962100
65.952375
65.945858
65.942833
65.943436
65.947642
65.955268
65.965967
65.979247
65.994490
66.010982
66.027946
66.044588
66.060135
66.073878
66.085206
66.093639
66.098843
66.100648
66.099043
66.098203
65.084424
65.077535
65.064076
65.048636
65.031912
65.014642
64.997572
64.981430
64.966900
64.954594
64.945033
64.938627
64.935654
64.936246
64.940381
64.947876
64.958393
64.971446
64.986429
65.002638
65.019312
65.035670
65.050952
65.064461
65.075598
65.083889
65.089007
65.090784
65.089209
65.088384
64.083761
64.076989
64.063762
64.048586
64.032147
64.015170
63.998391
63.982523
63.968240
63.956143
63.946745
63.940447
63.937525
63.938107
63.942171
63.949539
63.959875
63.972704
63.987430
64.003362
64.019750
64.035827
64.050848
64.064127
64.075074
64.083225
64.088258
64.090007
64.088462
64.087652
63.092022
63.085367
63.072367
63.057451
63.041293
63.024607
63.008113
62.992516
62.978476
62.966586
62.957348
62.951158
62.948285
62.948858
62.952853
62.960093
62.970252
62.982861
62.997333
63.012991
63.029097
63.044898
63.059661
63.072712
63.083473
63.091486
63.096435
63.098156
63.096639
63.095845
62.109049
62.102508
62.089733
62.075074
62.059194
62.042793
62.026582
62.011253
61.997453
61.985766
61.976686
61.970603
61.967779
61.968342
61.972268
61.979384
61.989367
62.001759
62.015981
62.031368
62.047196
62.062724
62.077233
62.090060
62.100637
62.108513
62.113379
62.115073
62.113585
62.112805
61.134688
61.128261
61.115707
61.101301
61.085695
61.069577
61.053645
61.038579
61.025016
61.013530
61.004606
60.998628
60.995853
60.996406
61.000264
61.007257
61.017067
61.029244
61.043220
61.058340
61.073893
61.089153
61.103411
61.116016
61.126411
61.134153
61.138937
61.140603
61.139143
61.138379
60.168790
60.162474
60.150139
60.135983
60.120648
60.104808
60.089152
60.074345
60.061017
60.049729
60.040960
60.035084
60.032358
60.032901
60.036692
60.043564
60.053204
60.065168
60.078901
60.093757
60.109040
60.124034
60.138044
60.150432
60.160647
60.168256
60.172958
60.174599
60.173166
60.172416
59.211208
59.205004
59.192884
59.178975
59.163906
59.148342
59.132957
59.118408
59.105310
59.094218
59.085601
59.079828
59.077149
59.077682
59.081408
59.088159
59.097631
59.109387
59.122879
59.137475
59.152491
59.167223
59.180989
59.193161
59.203199
59.210676
59.215299
59.216912
59.215507
59.214771
58.261802
58.255707
58.243799
58.230134
58.215329
58.200037
58.184920
58.170624
58.157755
58.146856
58.138390
58.132717
58.130085
58.130609
58.134269
58.140903
58.150208
58.161757
58.175012
58.189352
58.204104
58.218578
58.232102
58.244061
58.253924
58.261272
58.265815
58.267402
58.266023
58.265301
57.320432
57.314444
57.302747
57.289323
57.274778
57.259754
57.244903
57.230857
57.218214
57.207506
57.199187
57.193614
57.191028
57.191543
57.195139
57.201655
57.210797
57.222142
57.235163
57.249250
57.263741
57.277960
57.291246
57.302994
57.312685
57.319905
57.324369
57.325930
57.324578
57.323869
56.386964
56.381082
56.369593
56.356406
56.342118
56.327359
56.312770
56.298972
56.286551
56.276031
56.267860
56.262385
56.259844
56.260351
56.263883
56.270284
56.279263
56.290407
56.303197
56.317034
56.331268
56.345234
56.358285
56.369826
56.379345
56.386439
56.390826
56.392362
56.391035
56.390340
55.461266
55.455489
55.444205
55.431253
55.417218
55.402722
55.388390
55.374837
55.362636
55.352303
55.344276
55.338899
55.336403
55.336900
55.340370
55.346657
55.355476
55.366421
55.378983
55.392572
55.406553
55.420270
55.433088
55.444424
55.453775
55.460743
55.465054
55.466564
55.465262
55.464581
54.543210
54.537536
54.526454
54.513734
54.499951
54.485713
54.471637
54.458325
54.446341
54.436192
54.428309
54.423027
54.420576
54.421065
54.424472
54.430646
54.439307
54.450056
54.462392
54.475738
54.489468
54.502939
54.515528
54.526661
54.535845
54.542690
54.546925
54.548409
54.547133
54.546464
53.632669
53.627099
53.616216
53.603725
53.590190
53.576207
53.562384
53.549311
53.537542
53.527575
53.519833
53.514646
53.512239
53.512719
53.516065
53.522128
53.530633
53.541188
53.553301
53.566406
53.579888
53.593116
53.605478
53.616411
53.625431
53.632153
53.636313
53.637773
53.636521
53.635865
52.729524
52.724054
52.713370
52.701105
52.687814
52.674085
52.660511
52.647674
52.636117
52.626330
52.618728
52.613635
52.611271
52.611742
52.615027
52.620981
52.629331
52.639694
52.651588
52.664454
52.677691
52.690679
52.702817
52.713552
52.722409
52.729011
52.733097
52.734532
52.733304
52.732661
51.833653
51.828283
51.817794
51.805753
51.792705
51.779225
51.765898
51.753294
51.741947
51.732338
51.724874
51.719873
51.717553
51.718015
51.721241
51.727085
51.735283
51.745457
51.757133
51.769764
51.782759
51.795510
51.807426
51.817966
51.826662
51.833144
51.837157
51.838567
51.837363
51.836732
50.944942
50.939671
50.929374
50.917555
50.904745
50.891512
50.878430
50.866056
50.854917
50.845484
50.838156
50.833247
50.830969
50.831423
50.834589
50.840326
50.848373
50.858360
50.869821
50.882220
50.894976
50.907492
50.919189
50.929536
50.938072
50.944437
50.948377
50.949762
50.948582
50.947964
50.063275
50.058102
50.047997
50.036395
50.023823
50.010834
49.997992
49.985847
49.974913
49.965654
49.958461
49.953642
49.951407
49.951852
49.954960
49.960591
49.968489
49.978290
49.989539
50.001708
50.014227
50.026512
50.037993
50.048148
50.056527
50.062775
50.066644
50.068004
50.066847
50.066241
49.188543
49.183467
49.173550
49.162165
49.149826
49.137079
49.124476
49.112556
49.101825
49.092737
49.085678
49.080949
49.078755
49.079192
49.082242
49.087768
49.095519
49.105137
49.116176
49.128118
49.140403
49.152458
49.163725
49.173692
49.181915
49.188047
49.191845
49.193182
49.192048
49.191454
48.320638
48.315657
48.305927
48.294755
48.282648
48.270140
48.257772
48.246075
48.235545
48.226628
48.219701
48.215060
48.212907
48.213336
48.216329
48.221751
48.229356
48.238793
48.249624
48.261341
48.273396
48.285224
48.296280
48.306059
48.314129
48.320147
48.323874
48.325187
48.324075
48.323493
47.459453
47.454566
47.445020
47.434061
47.422182
47.409910
47.397776
47.386300
47.375968
47.367219
47.360422
47.355870
47.353757
47.354178
47.357114
47.362433
47.369894
47.379153
47.389778
47.401273
47.413099
47.424703
47.435549
47.445144
47.453062
47.458966
47.462625
47.463914
47.462824
47.462253
46.604885
46.600092
46.590728
46.579978
46.568326
46.556287
46.544384
46.533126
46.522991
46.514408
46.507741
46.503275
46.501203
46.501615
46.504495
46.509713
46.517031
46.526113
46.536535
46.547811
46.559410
46.570793
46.581432
46.590844
46.598611
46.604404
46.607993
46.609259
46.608191
46.607632
45.756833
45.752132
45.742950
45.732406
45.720978
45.709170
45.697496
45.686454
45.676513
45.668095
45.661556
45.657175
45.655143
45.655548
45.658372
45.663489
45.670667
45.679573
45.689795
45.700853
45.712229
45.723392
45.733826
45.743057
45.750675
45.756357
45.759878
45.761121
45.760074
45.759527
44.915199
44.910590
44.901585
44.891246
44.880040
44.868461
44.857013
44.846185
44.836436
44.828181
44.821768
44.817473
44.815480
44.815877
44.818646
44.823664
44.830702
44.839436
44.849458
44.860301
44.871456
44.882402
44.892634
44.901685
44.909156
44.914728
44.918182
44.919401
44.918377
44.917840
44.079886
44.075367
44.066540
44.056403
44.045416
44.034064
44.022839
44.012222
44.002664
43.994570
43.988283
43.984071
43.982117
43.982507
43.985222
43.990142
43.997041
44.005604
44.015429
44.026059
44.036995
44.047727
44.057758
44.066632
44.073957
44.079421
44.082808
44.084004
44.083000
44.082475
43.250800
43.246370
43.237718
43.227782
43.217012
43.205884
43.194881
43.184473
43.175104
43.167169
43.161006
43.156878
43.154962
43.155344
43.158005
43.162827
43.169591
43.177983
43.187614
43.198034
43.208753
43.219272
43.229105
43.237804
43.244984
43.250341
43.253661
43.254835
43.253852
43.253337
42.427849
42.423508
42.415028
42.405291
42.394735
42.383829
42.373045
42.362845
42.353662
42.345886
42.339845
42.335799
42.333922
42.334296
42.336904
42.341630
42.348258
42.356483
42.365921
42.376132
42.386637
42.396946
42.406582
42.415107
42.422145
42.427395
42.430650
42.431801
42.430839
42.430335
41.610942
41.606688
41.598380
41.588839
41.578497
41.567810
41.557243
41.547248
41.538250
41.530630
41.524711
41.520747
41.518907
41.519274
41.521829
41.526460
41.532954
41.541013
41.550260
41.560265
41.570557
41.580658
41.590100
41.598453
41.605349
41.610494
41.613684
41.614813
41.613871
41.613377
40.799991
40.795825
40.787686
40.778340
40.768208
40.757739
40.747387
40.737595
40.728780
40.721315
40.715516
40.711632
40.709830
40.710189
40.712693
40.717229
40.723591
40.731485
40.740543
40.750344
40.760426
40.770321
40.779570
40.787754
40.794509
40.799550
40.802676
40.803782
40.802860
40.802377
39.994911
39.990830
39.982860
39.973706
39.963782
39.953529
39.943389
39.933799
39.925165
39.917853
39.912174
39.908370
39.906605
39.906956
39.909409
39.913851
39.920082
39.927813
39.936685
39.946283
39.956157
39.965848
39.974906
39.982922
39.989538
39.994475
39.997538
39.998622
39.997720
39.997247
39.195616
39.191621
39.183816
39.174853
39.165136
39.155096
39.145168
39.135776
39.127322
39.120162
39.114601
39.110876
39.109148
39.109492
39.111893
39.116243
39.122343
39.129913
39.138600
39.147998
39.157666
39.167155
39.176025
39.183873
39.190352
39.195187
39.198186
39.199249
39.198366
39.197904
38.402025
38.398114
38.390474
38.381699
38.372187
38.362358
38.352638
38.343445
38.335168
38.328159
38.322714
38.319068
38.317376
38.317713
38.320063
38.324322
38.330293
38.337704
38.346207
38.355407
38.364871
38.374160
38.382842
38.390525
38.396868
38.401602
38.404538
38.405579
38.404716
38.404264
37.614055
37.610228
37.602751
37.594164
37.584854
37.575234
37.565722
37.556724
37.548623
37.541763
37.536434
37.532865
37.531209
37.531539
37.533839
37.538007
37.543851
37.551103
37.559425
37.568428
37.577691
37.586781
37.595279
37.602798
37.609006
37.613639
37.616514
37.617533
37.616688
37.616246
36.831629
36.827884
36.820569
36.812167
36.803059
36.793646
36.784338
36.775534
36.767608
36.760895
36.755682
36.752189
36.750569
36.750892
36.753142
36.757220
36.762938
36.770033
36.778176
36.786984
36.796047
36.804940
36.813255
36.820612
36.826686
36.831219
36.834033
36.835031
36.834205
36.833773
36.054669
36.051006
36.043850
36.035632
36.026723
36.017515
36.008411
35.999798
35.992045
35.985479
35.980379
35.976963
35.975378
35.975694
35.977895
35.981884
35.987477
35.994417
36.002381
36.010997
36.019861
36.028560
36.036693
36.043889
36.049831
36.054266
36.057018
36.057995
36.057188
36.056765
35.283098
35.279516
35.272520
35.264483
35.255771
35.246767
35.237864
35.229442
35.221860
35.215439
35.210451
35.207111
35.205561
35.205870
35.208022
35.211922
35.217392
35.224178
35.231966
35.240390
35.249058
35.257565
35.265517
35.272554
35.278365
35.282702
35.285394
35.286349
35.285561
35.285148
34.516843
34.513342
34.506502
34.498646
34.490129
34.481327
34.472623
34.464390
34.456977
34.450700
34.445825
34.442559
34.441044
34.441345
34.443450
34.447262
34.452609
34.459243
34.466855
34.475091
34.483564
34.491880
34.499654
34.506533
34.512213
34.516454
34.519085
34.520020
34.519250
34.518847
33.755831
33.752409
33.745725
33.738048
33.729724
33.721122
33.712616
33.704569
33.697325
33.691191
33.686426
33.683234
33.681754
33.682049
33.684105
33.687831
33.693056
33.699539
33.706978
33.715026
33.723306
33.731432
33.739030
33.745753
33.751304
33.755448
33.758021
33.758935
33.758182
33.757788
32.999990
32.996647
32.990118
32.982617
32.974486
32.966082
32.957771
32.949910
32.942833
32.936840
32.932185
32.929067
32.927620
32.927908
32.929917
32.933557
32.938661
32.944994
32.952262
32.960124
32.968213
32.976152
32.983574
32.990142
32.995566
32.999614
33.002128
33.003021
33.002287
33.001902
32.249251
32.245986
32.239610
32.232285
32.224343
32.216136
32.208020
32.200343
32.193431
32.187577
32.183031
32.179986
32.178573
32.178855
32.180817
32.184371
32.189356
32.195541
32.202638
32.210316
32.218215
32.225968
32.233216
32.239631
32.244928
32.248882
32.251337
32.252210
32.251493
32.251118
31.503545
31.500358
31.494133
31.486982
31.479229
31.471217
31.463293
31.455798
31.449050
31.443336
31.438897
31.435925
31.434545
31.434820
31.436735
31.440205
31.445072
31.451109
31.458038
31.465533
31.473245
31.480813
31.487889
31.494151
31.499323
31.503183
31.505580
31.506433
31.505734
31.505368
30.762805
30.759695
30.753620
30.746642
30.739076
30.731257
30.723525
30.716210
30.709625
30.704048
30.699716
30.696815
30.695469
30.695737
30.697606
30.700993
30.705741
30.711633
30.718394
30.725709
30.733234
30.740620
30.747525
30.753636
30.758683
30.762451
30.764790
30.765623
30.764941
30.764584
30.026965
30.023932
30.018006
30.011199
30.003819
29.996191
29.988648
29.981512
29.975088
29.969648
29.965423
29.962593
29.961280
29.961541
29.963364
29.966668
29.971300
29.977047
29.983642
29.990777
29.998118
30.005322
30.012058
30.018020
30.022943
30.026618
30.028901
30.029714
30.029049
30.028701
29.295962
29.293004
29.287226
29.280589
29.273393
29.265955
29.258599
29.251641
29.245377
29.240072
29.235952
29.233193
29.231912
29.232167
29.233945
29.237166
29.241683
29.247287
29.253717
29.260674
29.267832
29.274857
29.281425
29.287237
29.292038
29.295622
29.297848
29.298641
29.297993
29.297654
28.569731
28.566849
28.561217
28.554748
28.547734
28.540485
28.533316
28.526534
28.520428
28.515258
28.511242
28.508552
28.507304
28.507553
28.509286
28.512425
28.516827
28.522289
28.528556
28.535337
28.542313
28.549159
28.555561
28.561226
28.565905
28.569399
28.571569
28.572342
28.571711
28.571380
27.848212
27.845403
27.839918
27.833615
27.826782
27.819720
27.812735
27.806128
27.800180
27.795143
27.791230
27.788610
27.787394
27.787636
27.789324
27.792383
27.796671
27.801992
27.808098
27.814703
27.821499
27.828169
27.834405
27.839924
27.844483
27.847887
27.850001
27.850754
27.850140
27.849818
27.131342
27.128608
27.123266
27.117129
27.110476
27.103599
27.096797
27.090364
27.084572
27.079666
27.075857
27.073305
27.072121
27.072357
27.074001
27.076979
27.081154
27.086335
27.092280
27.098712
27.105329
27.111824
27.117896
27.123271
27.127710
27.131024
27.133083
27.133817
27.133219
27.132906
26.419063
26.416402
26.411203
26.405231
26.398755
26.392062
26.385443
26.379181
26.373544
26.368770
26.365062
26.362578
26.361426
26.361656
26.363255
26.366154
26.370217
26.375260
26.381046
26.387305
26.393745
26.400066
26.405976
26.411206
26.415527
26.418753
26.420757
26.421471
26.420890
26.420585
25.711316
25.708728
25.703671
25.697862
25.691562
25.685052
25.678613
25.672522
25.667038
25.662394
25.658787
25.656372
25.655251
25.655474
25.657030
25.659849
25.663802
25.668707
25.674335
25.680423
25.686688
25.692836
25.698584
25.703673
25.707875
25.711013
25.712963
25.713658
25.713093
25.712796
25.008044
25.005528
25.000612
24.994964
24.988840
24.982510
24.976251
24.970329
24.964998
24.960483
24.956976
24.954628
24.953538
24.953755
24.955268
24.958009
24.961851
24.966620
24.972091
24.978010
24.984100
24.990077
24.995665
25.000612
25.004697
25.007749
25.009644
25.010320
25.009771
25.009483
24.309190
24.306745
24.301969
24.296482
24.290532
24.284382
24.278300
24.272546
24.267366
24.262980
24.259573
24.257291
24.256232
24.256443
24.257913
24.260575
24.264309
24.268942
24.274258
24.280008
24.285925
24.291732
24.297162
24.301968
24.305938
24.308902
24.310744
24.311402
24.310868
24.310588
23.614700
23.612326
23.607689
23.602361
23.596583
23.590612
23.584706
23.579119
23.574089
23.569830
23.566521
23.564306
23.563278
23.563482
23.564909
23.567495
23.571120
23.575618
23.580780
23.586364
23.592109
23.597747
23.603020
23.607686
23.611541
23.614420
23.616208
23.616847
23.616329
23.616057
22.924519
22.922215
22.917716
22.912545
22.906939
22.901145
22.895414
22.889993
22.885112
22.880979
22.877768
22.875618
22.874621
22.874819
22.876204
22.878713
22.882231
22.886595
22.891604
22.897022
22.902596
22.908068
22.913184
22.917712
22.921452
22.924246
22.925982
22.926602
22.926099
22.925836
22.238594
22.236360
22.231997
22.226984
22.221547
22.215929
22.210372
22.205115
22.200382
22.196374
22.193261
22.191176
22.190209
22.190401
22.191744
22.194177
22.197588
22.201820
22.206676
22.211930
22.217335
22.222641
22.227602
22.231993
22.235619
22.238328
22.240012
22.240613
22.240126
22.239871
21.556873
21.554708
21.550481
21.545623
21.540356
21.534911
21.529526
21.524433
21.519847
21.515963
21.512947
21.510927
21.509989
21.510176
21.511477
21.513834
21.517139
21.521240
21.525945
21.531036
21.536273
21.541414
21.546221
21.550475
21.553990
21.556615
21.558246
21.558829
21.558357
21.558110
20.879304
20.877209
20.873115
20.868412
20.863312
20.858041
20.852828
20.847896
20.843456
20.839695
20.836775
20.834819
20.833912
20.834092
20.835352
20.837634
20.840834
20.844804
20.849360
20.854288
20.859359
20.864336
20.868990
20.873109
20.876512
20.879054
20.880633
20.881197
20.880741
20.880502
20.205837
20.203810
20.199851
20.195301
20.190368
20.185268
20.180225
20.175454
20.171158
20.167521
20.164696
20.162803
20.161926
20.162100
20.163319
20.165527
20.168622
20.172463
20.176870
20.181637
20.186543
20.191357
20.195859
20.199844
20.203136
20.205595
20.207123
20.207669
20.207227
20.206996
19.536424
19.534465
19.530638
19.526241
19.521472
19.516543
19.511669
19.507057
19.502906
19.499390
19.496659
19.494830
19.493982
19.494151
19.495329
19.497462
19.500454
19.504166
19.508426
19.513033
19.517774
19.522428
19.526779
19.530630
19.533812
19.536189
19.537666
19.538194
19.537767
19.537544
18.871015
18.869123
18.865428
18.861182
18.856577
18.851818
18.847111
18.842658
18.838649
18.835254
18.832618
18.830852
18.830032
18.830195
18.831333
18.833393
18.836282
18.839866
18.843979
18.848428
18.853006
18.857499
18.861701
18.865420
18.868492
18.870787
18.872214
18.872723
18.872312
18.872096
18.209562
18.207738
18.204173
18.200077
18.195636
18.191045
18.186504
18.182209
18.178342
18.175067
18.172523
18.170820
18.170029
18.170186
18.171284
18.173271
18.176058
18.179515
18.183482
18.187774
18.192190
18.196524
18.200577
18.204165
18.207128
18.209342
18.210718
18.211210
18.210813
18.210605
17.552020
17.550261
17.546827
17.542880
17.538600
17.534177
17.529801
17.525662
17.521936
17.518780
17.516329
17.514688
17.513926
17.514078
17.515135
17.517050
17.519735
17.523066
17.526889
17.531025
17.535280
17.539456
17.543361
17.546818
17.549674
17.551807
17.553133
17.553607
17.553225
17.553025
16.898341
16.896649
16.893343
16.889545
16.885426
16.881168
16.876957
16.872973
16.869387
16.866349
16.863990
16.862410
16.861677
16.861823
16.862841
16.864684
16.867268
16.870474
16.874154
16.878134
16.882229
16.886249
16.890007
16.893334
16.896083
16.898136
16.899413
16.899869
16.899501
16.899308
16.248481
16.246855
16.243677
16.240026
16.236066
16.231973
16.227925
16.224096
16.220648
16.217729
16.215461
16.213942
16.213238
16.213378
16.214356
16.216128
16.218612
16.221694
16.225231
16.229057
16.232993
16.236857
16.240470
16.243668
16.246310
16.248284
16.249511
16.249950
16.249596
16.249411
15.602396
15.600835
15.597784
15.594279
15.590478
15.586549
15.582663
15.578987
15.575677
15.572874
15.570697
15.569239
15.568563
15.568698
15.569637
15.571337
15.573722
15.576681
15.580076
15.583748
15.587527
15.591236
15.594705
15.597775
15.600311
15.602206
15.603384
15.603806
15.603466
15.603289
14.960042
14.958545
14.955621
14.952261
14.948617
14.944851
14.941126
14.937602
14.934429
14.931743
14.929656
14.928258
14.927610
14.927739
14.928639
14.930269
14.932555
14.935391
14.938646
14.942166
14.945788
14.949344
14.952668
14.955612
14.958043
14.959859
14.960989
14.961393
14.961067
14.960897
14.321375
14.319942
14.317144
14.313928
14.310441
14.306837
14.303272
14.299899
14.296862
14.294291
14.292294
14.290956
14.290336
14.290459
14.291321
14.292881
14.295069
14.297783
14.300897
14.304267
14.307733
14.311136
14.314318
14.317135
14.319462
14.321200
14.322281
14.322668
14.322357
14.322194
13.686354
13.684986
13.682312
13.679240
13.675908
13.672464
13.669058
13.665835
13.662934
13.660477
13.658569
13.657291
13.656698
13.656816
13.657639
13.659130
13.661220
13.663813
13.666789
13.670008
13.673320
13.676571
13.679612
13.682303
13.684526
13.686187
13.687220
13.687589
13.687292
13.687136
13.054938
13.053633
13.051083
13.048153
13.044976
13.041692
13.038443
13.035370
13.032603
13.030260
13.028441
13.027222
13.026657
13.026769
13.027554
13.028975
13.030969
13.033442
13.036280
13.039349
13.042508
13.045608
13.048507
13.051074
13.053194
13.054778
13.055763
13.056116
13.055832
13.055684
12.427085
12.425843
12.423417
12.420628
12.417604
12.414479
12.411387
12.408463
12.405829
12.403600
12.401868
12.400708
12.400170
12.400277
12.401024
12.402377
12.404274
12.406627
12.409328
12.412250
12.415256
12.418206
12.420965
12.423408
12.425425
12.426933
12.427870
12.428206
12.427936
12.427795
11.802756
11.801577
11.799273
11.796625
11.793754
11.790786
11.787850
11.785073
11.782573
11.780455
11.778811
11.777709
11.777198
11.777300
11.778009
11.779294
11.781095
11.783330
11.785894
11.788669
11.791523
11.794325
11.796945
11.799264
11.801180
11.802612
11.803502
11.803821
11.803564
11.803430
11.181912
11.180795
11.178612
11.176104
11.173384
11.170573
11.167792
11.165162
11.162793
11.160788
11.159230
11.158187
11.157703
11.157799
11.158471
11.159688
11.161394
11.163511
11.165940
11.168568
11.171271
11.173925
11.176407
11.178604
11.180419
11.181775
11.182618
11.182920
11.182677
11.182550
10.564513
10.563458
10.561396
10.559027
10.556458
10.553802
10.551176
10.548691
10.546453
10.544559
10.543087
10.542102
10.541645
10.541736
10.542370
10.543520
10.545131
10.547131
10.549425
10.551908
10.554462
10.556968
10.559313
10.561388
10.563102
10.564383
10.565180
10.565465
10.565236
10.565116
9.950522
9.949528
9.947586
9.945356
9.942936
9.940435
9.937962
9.935621
9.933515
9.931730
9.930345
9.929417
9.928986
9.929072
9.929669
9.930752
9.932270
9.934153
9.936313
9.938651
9.941056
9.943417
9.945624
9.947578
9.949193
9.950399
9.951149
9.951418
9.951202
9.951090
9.339901
9.338968
9.337146
9.335052
9.332782
9.330435
9.328113
9.325917
9.323940
9.322265
9.320965
9.320094
9.319690
9.319770
9.320331
9.321347
9.322771
9.324538
9.326566
9.328760
9.331017
9.333232
9.335304
9.337138
9.338653
9.339786
9.340490
9.340742
9.340539
9.340434
8.732613
8.731741
8.730038
8.728080
8.725958
8.723764
8.721593
8.719540
8.717692
8.716127
8.714911
8.714097
8.713719
8.713794
8.714318
8.715268
8.716600
8.718252
8.720147
8.722198
8.724308
8.726379
8.728316
8.730030
8.731447
8.732505
8.733163
8.733399
8.733210
8.733111
8.128622
8.127811
8.126226
8.124404
8.122428
8.120386
8.118366
8.116456
8.114735
8.113278
8.112147
8.111389
8.111038
8.111107
8.111595
8.112479
8.113719
8.115256
8.117020
8.118929
8.120893
8.122820
8.124623
8.126219
8.127537
8.128522
8.129135
8.129354
8.129178
8.129086
7.527893
7.527142
7.525674
7.523987
7.522158
7.520267
7.518397
7.516627
7.515034
7.513685
7.512637
7.511936
7.511610
7.511675
7.512127
7.512945
7.514093
7.515516
7.517150
7.518917
7.520736
7.522521
7.524190
7.525667
7.526888
7.527800
7.528368
7.528571
7.528408
7.528323
6.930391
6.929699
6.928348
6.926795
6.925111
6.923371
6.921649
6.920020
6.918554
6.917312
6.916347
6.915701
6.915402
6.915461
6.915877
6.916631
6.917687
6.918998
6.920501
6.922128
6.923802
6.925445
6.926982
6.928342
6.929465
6.930305
6.930827
6.931014
6.930864
6.930786
6.336080
6.335448
6.334213
6.332793
6.331254
6.329663
6.328089
6.326600
6.325259
6.324124
6.323242
6.322652
6.322378
6.322432
6.322813
6.323501
6.324467
6.325665
6.327040
6.328527
6.330057
6.331559
6.332964
6.334207
6.335234
6.336002
6.336479
6.336650
6.336513
6.336441
5.744928
5.744354
5.743235
5.741948
5.740552
5.739109
5.737683
5.736333
5.735117
5.734088
5.733289
5.732753
5.732505
5.732554
5.732899
5.733524
5.734399
5.735485
5.736732
5.738080
5.739467
5.740829
5.742102
5.743229
5.744161
5.744857
5.745289
5.745445
5.745320
5.745255
5.156900
5.156385
5.155380
5.154225
5.152972
5.151678
5.150397
5.149185
5.148094
5.147171
5.146453
5.145973
5.145750
5.145794
5.146103
5.146664
5.147450
5.148425
5.149543
5.150753
5.151999
5.153221
5.154364
5.155375
5.156211
5.156836
5.157225
5.157364
5.157252
5.157194
4.571964
4.571508
4.570617
4.569593
4.568482
4.567334
4.566199
4.565125
4.564158
4.563339
4.562703
4.562277
4.562079
4.562118
4.562393
4.562890
4.563586
4.564450
4.565442
4.566515
4.567619
4.568702
4.569715
4.570612
4.571353
4.571907
4.572252
4.572375
4.572276
4.572224
3.990087
3.989689
3.988911
3.988018
3.987049
3.986047
3.985056
3.984119
3.983275
3.982560
3.982005
3.981634
3.981461
3.981495
3.981735
3.982168
3.982776
3.983530
3.984396
3.985332
3.986295
3.987241
3.988125
3.988908
3.989554
3.990038
3.990338
3.990446
3.990360
3.990315
3.411238
3.410898
3.410233
3.409469
3.408641
3.407784
3.406937
3.406136
3.405415
3.404804
3.404329
3.404011
3.403864
3.403893
3.404098
3.404468
3.404988
3.405633
3.406373
3.407173
3.407996
3.408805
3.409561
3.410230
3.410783
3.411196
3.411453
3.411545
3.411471
3.411432
2.835385
2.835102
2.834550
2.833915
2.833226
2.832515
2.831811
2.831145
2.830545
2.830037
2.829643
2.829379
2.829256
2.829280
2.829451
2.829759
2.830191
2.830726
2.831341
2.832007
2.832691
2.833363
2.833991
2.834547
2.835007
2.835350
2.835564
2.835640
2.835579
2.835547
2.262498
2.262272
2.261831
2.261325
2.260775
2.260207
2.259645
2.259114
2.258636
2.258230
2.257916
2.257705
2.257607
2.257627
2.257762
2.258008
2.258353
2.258780
2.259271
2.259802
2.260348
2.260884
2.261385
2.261829
2.262196
2.262470
2.262640
2.262701
2.262652
2.262627
1.692545
1.692376
1.692047
1.691668
1.691257
1.690832
1.690411
1.690014
1.689656
1.689353
1.689117
1.688960
1.688887
1.688901
1.689003
1.689187
1.689444
1.689764
1.690131
1.690528
1.690937
1.691338
1.691713
1.692045
1.692319
1.692524
1.692652
1.692697
1.692661
1.692642
1.125498
1.125385
1.125166
1.124914
1.124641
1.124358
1.124079
1.123814
1.123576
1.123375
1.123218
1.123113
1.123065
1.123075
1.123142
1.123264
1.123436
1.123648
1.123892
1.124157
1.124428
1.124695
1.124944
1.125165
1.125347
1.125484
1.125568
1.125599
1.125574
1.125562
0.561326
0.561270
0.561160
0.561034
0.560898
0.560757
0.560618
0.560486
0.560367
0.560267
0.560189
0.560137
0.560112
0.560117
0.560151
0.560212
0.560297
0.560403
0.560525
0.560657
0.560792
0.560925
0.561050
0.561160
0.561251
0.561319
0.561361
0.561376
0.561364
0.561358
0.000000
0.000000
0.000000
0.000000
0.000000
0.000000
0.000000
0.000000
0.000000
0.000000
0.000000
0.000000
0.000000
0.000000
0.000000
0.000000
0.000000
0.000000
0.000000
0.000000
0.000000
0.000000
0.000000
0.000000
0.000000
0.000000
0.000000
0.000000
0.000000
0.000000
