1500.000000
1500.000000
1500.000000
1500.000000
1500.000000
1500.000000
1500.000000
1500.000000
1500.000000
1500.000000
1500.000000
1500.000000
1500.000000
1500.000000
1500.000000
1500.000000
1500.000000
1500.000000
1500.000000
1500.000000
1500.000000
1500.000000
1500.000000
1500.000000
1500.000000
1500.000000
1500.000000
1500.000000
1500.000000
1500.000000
1041.753380
1041.220678
1040.141934
1039.088839
1038.048009
1037.024040
1036.048518
1035.188658
1034.551629
1034.277299
1034.510985
1035.355212
1036.821656
1038.824335
1041.213529
1043.809063
1046.413518
1048.812041
1050.777672
1052.101683
1052.653789
1052.441168
1051.603900
1050.346510
1048.867761
1047.320984
1045.803863
1044.365233
1043.018166
1042.348369
812.275074
811.552055
810.066721
808.563353
806.975916
805.259949
803.413576
801.513010
799.760306
798.520597
798.286817
799.486606
802.176316
806.033622
810.644303
815.662745
820.793954
825.685246
829.823311
832.551850
833.339102
832.221812
829.800259
826.781366
823.689348
820.812459
818.258445
816.026010
814.058302
813.096198
659.041032
658.290671
656.728927
655.092645
653.253424
651.080879
648.460890
645.354701
641.933328
638.801416
637.172764
638.466854
642.788534
648.931492
655.898618
663.279556
670.988626
678.842000
686.090769
691.102635
691.953573
688.712646
683.444244
677.923164
673.025477
668.988928
665.746926
663.129304
660.951098
659.904315
543.954608
543.270683
541.831785
540.278767
538.436484
536.084110
532.939124
528.685056
523.150662
516.870141
512.172816
513.388240
520.652689
529.930596
539.249744
548.524630
558.429025
569.571021
581.478570
590.944334
591.744635
583.969576
574.037257
565.391284
558.800598
553.989187
550.473650
547.830684
545.738639
544.748947
451.784783
451.218796
450.018138
448.691443
447.048079
444.809469
441.533074
436.516855
428.804915
417.881420
406.781077
407.809299
421.107960
434.692272
445.971006
456.146645
467.252788
481.456136
500.015452
518.719648
519.397275
502.142307
485.338660
473.491583
465.798190
460.807700
457.459338
455.089410
453.287795
452.446512
374.915967
374.491755
373.586579
372.569205
371.268019
369.404454
366.463121
361.417107
352.217200
335.502810
311.274124
312.056502
337.973128
356.787027
368.937268
378.575743
389.311261
405.268616
432.037775
469.947868
470.463757
433.667112
408.284379
394.278146
386.584551
382.116572
379.327812
377.445125
376.056334
375.414111
308.994012
308.717728
308.126013
307.453618
306.575328
305.273016
303.096651
298.978495
290.066703
268.388602
217.774615
218.288960
270.019247
293.111371
304.076950
311.575998
320.074778
334.934833
368.587871
445.541151
445.880409
369.663762
336.944931
323.443959
317.186427
313.885775
311.936381
310.663096
309.742358
309.319307
251.294844
251.161941
250.876757
250.550820
250.120262
249.469352
248.342670
246.052238
240.232469
219.970844
117.750260
117.998868
220.760723
241.714735
248.558975
252.595109
257.226922
266.698575
297.645344
451.475746
451.639752
298.166592
267.677374
258.883878
255.409805
253.702501
252.728043
252.103241
251.656223
251.451532
200.000000
200.000000
200.000000
200.000000
200.000000
200.000000
200.000000
200.000000
200.000000
200.000000
0.000000
0.000000
200.000000
200.000000
200.000000
200.000000
200.000000
200.000000
200.000000
500.000000
500.000000
200.000000
200.000000
200.000000
200.000000
200.000000
200.000000
200.000000
200.000000
200.000000
