1500.000000
1500.000000
1500.000000
1500.000000
1500.000000
1500.000000
1500.000000
1500.000000
1500.000000
1500.000000
1500.000000
1500.000000
1400.000000
1300.000000
1200.000000
1100.000000
1000.000000
900.000000
850.000000
825.000000
800.000000
800.000000
825.000000
850.000000
900.000000
1000.000000
1100.000000
1200.000000
1300.000000
1400.000000
1230.402672
1240.452020
1265.394093
1278.569071
1285.726340
1289.288936
1290.266466
1288.920908
1284.925705
1277.180939
1263.102806
1236.607023
1182.212386
1116.130652
1045.350727
973.806891
904.958602
843.875641
801.193775
774.551510
759.705505
760.011143
775.513318
802.960552
846.750863
909.521098
981.192928
1057.952656
1139.469607
1189.045751
1064.693280
1076.218185
1101.400433
1117.277719
1126.798553
1131.788892
1133.177414
1131.222583
1125.584977
1115.233886
1098.192459
1071.273479
1030.951439
981.817326
928.305798
874.054573
822.496756
777.512682
743.435573
720.966358
709.578615
710.060088
722.471897
746.162596
781.841953
829.088100
884.018002
943.464593
1004.918302
1038.565044
942.922897
953.858228
976.588151
992.185522
1002.090941
1007.459312
1008.964066
1006.800367
1000.696466
989.890652
973.117671
948.803628
916.021668
876.882805
834.292065
791.152252
750.330259
714.740019
687.034017
668.378813
659.128608
659.701153
670.158933
690.219117
719.693333
757.634053
801.675385
849.221959
897.535449
923.184768
845.906126
855.840676
876.034863
890.549034
900.097184
905.386294
906.873683
904.694698
898.647962
888.205527
872.584612
851.002615
823.305903
790.845337
755.710994
720.208711
686.681322
657.413326
634.367593
618.704868
611.002685
611.614871
620.599203
637.723266
662.547531
694.071454
730.502402
769.673878
809.133503
829.828451
765.007362
773.937618
791.886845
805.155739
814.087096
819.108044
820.521317
818.417177
812.650434
802.863188
788.576865
769.415778
745.509796
717.889350
688.171190
658.224975
629.983705
605.304672
585.766626
572.429618
565.906473
566.527560
574.344039
589.130622
610.386071
637.165166
667.986364
701.014208
734.146208
751.416419
695.519280
703.537470
719.551315
731.610790
739.856336
744.539650
745.857383
743.867945
738.467831
729.417469
716.430110
699.351705
678.427943
654.513765
628.922591
603.204871
578.980511
557.799948
540.985516
529.484717
523.885807
524.497461
531.364093
544.266508
562.705928
585.816863
612.329519
640.669915
669.044748
683.781682
634.563029
641.774092
656.119355
667.062908
674.629541
678.959120
680.176018
678.316587
673.307565
664.991047
653.203092
637.915680
619.421599
598.459746
576.132459
553.750511
532.691902
514.276010
499.635884
489.614505
484.756874
485.348211
491.426747
502.782997
518.943734
539.124625
562.217833
586.859749
611.511853
624.284797
580.239049
586.738712
599.634842
609.566230
616.489853
620.473165
621.591161
619.865004
615.243264
607.624567
596.924796
583.189294
566.726005
548.187166
528.518504
508.845367
490.354968
474.186095
461.323659
452.518072
448.266977
448.831645
454.244884
464.309468
478.585552
496.364731
516.670497
538.311398
559.956449
571.152527
531.224091
537.094426
548.720278
557.737483
564.063181
567.717508
568.741585
567.146135
562.895517
555.927686
546.210924
533.833300
519.101773
502.598842
485.148187
467.727573
451.370392
437.070019
425.691027
417.902811
414.156909
414.691345
419.534272
428.501911
441.189516
456.957762
474.940150
494.088386
513.241720
523.136686
486.557794
491.867815
502.369557
510.560019
516.333642
519.679625
520.615830
519.145831
515.245441
508.880064
500.052443
488.874752
475.644403
460.885103
445.321765
429.811672
415.261574
402.544882
392.425805
385.502811
382.184443
382.686825
387.034148
395.056359
406.383020
420.437101
436.446184
453.482843
470.527806
479.325266
445.520314
450.327822
459.825740
467.265752
472.530461
475.589091
476.443604
475.092724
471.520584
465.711738
457.691386
447.584094
435.673099
422.431030
408.500483
394.638178
381.644600
370.292163
361.259674
355.083193
352.131841
352.601439
356.512815
363.709407
373.853295
386.423576
400.729532
415.947224
431.176708
439.031380
407.557789
411.911315
420.505224
427.260784
432.055831
434.847091
435.625799
434.387450
431.122222
425.827937
418.544052
409.399975
398.662296
386.758356
374.260506
361.839909
350.206354
340.045742
331.963021
326.438961
323.806751
324.243522
327.767250
334.234358
343.337347
354.606006
367.421449
381.049500
394.692328
401.724585
372.234729
376.175229
383.948673
390.076763
394.437259
396.979576
397.687903
396.555659
393.577395
388.759984
382.151455
373.881087
364.197603
353.487573
342.262271
331.118838
320.688479
311.581879
304.339234
299.391954
297.040493
297.444824
300.620496
306.436297
314.613028
324.726462
336.221540
348.442872
360.681213
366.986569
339.202400
342.764651
349.788143
355.338032
359.295147
361.605236
362.248092
361.215882
358.506297
354.132205
348.146200
340.674136
331.946373
322.312366
312.229437
302.229759
292.875523
284.711165
278.219438
273.787356
271.685478
272.058024
274.918461
280.147290
287.491611
296.569117
306.881998
317.844769
328.825999
334.481521
308.177129
311.390859
317.724389
322.738811
326.320137
328.413036
328.994822
328.057017
325.599521
321.638964
316.229663
309.491844
301.637451
292.981836
283.934046
274.968501
266.586058
259.272128
253.457970
249.490375
247.612505
247.954075
250.526766
255.222144
261.811773
269.951763
279.196092
289.021912
298.866931
303.935701
278.925023
281.815806
287.510797
292.026962
295.256920
297.146105
297.670756
296.822182
294.601800
291.028353
286.155855
280.097435
273.046832
265.287835
257.185805
249.163254
241.665948
235.126166
229.928584
226.383293
224.708230
225.019723
227.327904
231.534789
237.434752
244.719298
252.989611
261.779478
270.588676
275.122978
251.250926
253.840904
258.941743
262.992197
265.892433
267.589968
268.060992
267.296920
265.300159
262.090352
257.719750
252.293432
245.987292
239.055726
231.824187
224.668069
217.983182
212.153540
207.521327
204.362923
202.872940
203.155294
205.218772
208.975264
214.240473
220.738684
228.114417
235.953088
243.810718
247.854362
224.990293
227.298753
231.844000
235.457339
238.047083
239.563773
239.984300
239.300417
237.515124
234.648062
230.748679
225.913400
220.300728
214.137532
207.712510
201.357915
195.423864
190.250170
186.139960
183.338462
182.018614
182.272781
184.108567
187.447212
192.124428
197.895005
204.443508
211.402771
218.380216
221.970267
200.003091
202.046925
206.070284
209.271747
211.568133
212.913669
213.286497
212.678872
211.094088
208.551119
205.095869
200.815756
195.852392
190.406747
184.733421
179.124858
173.889064
169.325064
165.699847
163.229685
162.067279
162.294202
163.917013
166.865816
170.995156
176.088353
181.867190
188.008354
194.166605
197.334695
176.169145
177.963230
181.494329
184.306288
186.324631
187.507725
187.835357
187.300406
185.906233
183.670652
180.635515
176.879047
172.526496
167.754358
162.785402
157.875081
153.292316
149.298250
146.126218
143.965431
142.949617
143.150219
144.572865
147.156084
150.772206
155.231347
160.290080
165.665897
171.057460
173.830792
153.384549
154.942053
158.007069
160.449447
162.203480
163.231980
163.516663
163.051116
161.838593
159.895394
157.258971
153.998305
150.222801
146.085750
141.780033
137.526518
133.557623
130.099084
127.352722
125.482335
124.603780
124.778958
126.012656
128.251432
131.384462
135.247144
139.628723
144.284890
148.955277
151.357407
131.558850
132.891482
135.513659
137.604267
139.106347
139.987346
140.231104
139.831968
138.792961
137.128619
134.871769
132.082185
128.853949
125.318273
121.639830
118.006974
114.617834
111.664872
109.320243
107.723764
106.974397
107.125013
108.179641
110.092499
112.768779
116.067814
119.809688
123.786033
127.774939
129.826392
110.612816
111.731036
113.931109
115.685934
116.947216
117.687142
117.891799
117.556332
116.683442
115.285724
113.391257
111.050705
108.343338
105.379291
102.296504
99.252599
96.413332
93.939732
91.975897
90.638921
90.011724
90.138609
91.022907
92.626167
94.868845
97.633028
100.768028
104.099455
107.441696
109.160462
90.476648
91.389839
93.186383
94.619833
95.650422
96.255116
96.422324
96.148010
95.434484
94.292290
92.744706
90.833435
88.623422
86.204631
83.689558
81.206649
78.890945
76.873650
75.272204
74.182086
73.670932
73.774880
74.496618
75.804724
77.634246
79.888970
82.446020
85.163279
87.889547
89.291472
71.088544
71.805155
73.214879
74.339981
75.149062
75.623848
75.755106
75.539627
74.979286
74.082516
72.867788
71.368031
69.634333
67.737308
65.765143
63.818467
62.003058
60.421692
59.166387
58.311977
57.911491
57.993261
58.559379
59.585171
61.019674
62.787434
64.792138
66.922439
69.059921
70.159031
52.393514
52.921182
53.959172
54.787753
55.383695
55.733441
55.830116
55.671333
55.258509
54.597936
53.703329
52.599042
51.322760
49.926490
48.475116
47.042645
45.706861
44.543344
43.619774
42.991203
42.696653
42.756971
43.173688
43.928628
44.984269
46.285076
47.760191
49.327724
50.900602
51.709365
34.342415
34.688070
35.367997
35.910822
36.301283
36.530450
36.593789
36.489725
36.219201
35.786376
35.200286
34.476929
33.641023
32.726639
31.776258
30.838320
29.963731
29.201957
28.597298
28.185796
27.993000
28.032561
28.305475
28.799833
29.491058
30.342784
31.308620
32.334966
33.364840
33.894383
16.891151
17.061099
17.395393
17.662299
17.854300
17.966992
17.998137
17.946957
17.813921
17.601084
17.312901
16.957253
16.546302
16.096799
15.629625
15.168585
14.738697
14.364267
14.067069
13.864816
13.770066
13.789530
13.923697
14.166710
14.506485
14.925146
15.399892
15.904380
16.410611
16.670903
0.000000
0.000000
0.000000
0.000000
0.000000
0.000000
0.000000
0.000000
0.000000
0.000000
0.000000
0.000000
0.000000
0.000000
0.000000
0.000000
0.000000
0.000000
0.000000
0.000000
0.000000
0.000000
0.000000
0.000000
0.000000
0.000000
0.000000
0.000000
0.000000
0.000000
